# JRE version: Java(TM) SE Runtime Environment (8.0_161-b12) (build 1.8.0_161-b12)
# Java VM: Java HotSpot(TM) 64-Bit Server VM (25.161-b12 mixed mode windows-amd64 compressed oops)
Heap:
 PSYoungGen      total 38400K, used 11442K [0x00000000d5f80000, 0x00000000d8a00000, 0x0000000100000000)
  eden space 33280K, 19% used [0x00000000d5f80000,0x00000000d65b21e0,0x00000000d8000000)
  from space 5120K, 99% used [0x00000000d8500000,0x00000000d89fa620,0x00000000d8a00000)
  to   space 5120K, 0% used [0x00000000d8000000,0x00000000d8000000,0x00000000d8500000)
 ParOldGen       total 43008K, used 7289K [0x0000000081e00000, 0x0000000084800000, 0x00000000d5f80000)
  object space 43008K, 16% used [0x0000000081e00000,0x000000008251e750,0x0000000084800000)
 Metaspace       used 24290K, capacity 25080K, committed 25472K, reserved 1071104K
  class space    used 2969K, capacity 3174K, committed 3200K, reserved 1048576K
GC Heap History (10 events):
Event: 3.380 GC heap before
{Heap before GC invocations=1 (full 0):
 PSYoungGen      total 38400K, used 33280K [0x00000000d5f80000, 0x00000000d8a00000, 0x0000000100000000)
  eden space 33280K, 100% used [0x00000000d5f80000,0x00000000d8000000,0x00000000d8000000)
  from space 5120K, 0% used [0x00000000d8500000,0x00000000d8500000,0x00000000d8a00000)
  to   space 5120K, 0% used [0x00000000d8000000,0x00000000d8000000,0x00000000d8500000)
 ParOldGen       total 87552K, used 0K [0x0000000081e00000, 0x0000000087380000, 0x00000000d5f80000)
  object space 87552K, 0% used [0x0000000081e00000,0x0000000081e00000,0x0000000087380000)
 Metaspace       used 12218K, capacity 12464K, committed 12800K, reserved 1060864K
  class space    used 1425K, capacity 1513K, committed 1536K, reserved 1048576K
Event: 3.395 GC heap after
Heap after GC invocations=1 (full 0):
 PSYoungGen      total 38400K, used 5100K [0x00000000d5f80000, 0x00000000d8a00000, 0x0000000100000000)
  eden space 33280K, 0% used [0x00000000d5f80000,0x00000000d5f80000,0x00000000d8000000)
  from space 5120K, 99% used [0x00000000d8000000,0x00000000d84fb240,0x00000000d8500000)
  to   space 5120K, 0% used [0x00000000d8500000,0x00000000d8500000,0x00000000d8a00000)
 ParOldGen       total 87552K, used 1290K [0x0000000081e00000, 0x0000000087380000, 0x00000000d5f80000)
  object space 87552K, 1% used [0x0000000081e00000,0x0000000081f42a10,0x0000000087380000)
 Metaspace       used 12218K, capacity 12464K, committed 12800K, reserved 1060864K
  class space    used 1425K, capacity 1513K, committed 1536K, reserved 1048576K
}
Event: 64.811 GC heap before
{Heap before GC invocations=2 (full 0):
 PSYoungGen      total 38400K, used 38380K [0x00000000d5f80000, 0x00000000d8a00000, 0x0000000100000000)
  eden space 33280K, 100% used [0x00000000d5f80000,0x00000000d8000000,0x00000000d8000000)
  from space 5120K, 99% used [0x00000000d8000000,0x00000000d84fb240,0x00000000d8500000)
  to   space 5120K, 0% used [0x00000000d8500000,0x00000000d8500000,0x00000000d8a00000)
 ParOldGen       total 87552K, used 1290K [0x0000000081e00000, 0x0000000087380000, 0x00000000d5f80000)
  object space 87552K, 1% used [0x0000000081e00000,0x0000000081f42a10,0x0000000087380000)
 Metaspace       used 17560K, capacity 18302K, committed 18560K, reserved 1064960K
  class space    used 2155K, capacity 2359K, committed 2432K, reserved 1048576K
Event: 64.841 GC heap after
Heap after GC invocations=2 (full 0):
 PSYoungGen      total 38400K, used 5088K [0x00000000d5f80000, 0x00000000d8a00000, 0x0000000100000000)
  eden space 33280K, 0% used [0x00000000d5f80000,0x00000000d5f80000,0x00000000d8000000)
  from space 5120K, 99% used [0x00000000d8500000,0x00000000d89f8158,0x00000000d8a00000)
  to   space 5120K, 0% used [0x00000000d8000000,0x00000000d8000000,0x00000000d8500000)
 ParOldGen       total 87552K, used 3907K [0x0000000081e00000, 0x0000000087380000, 0x00000000d5f80000)
  object space 87552K, 4% used [0x0000000081e00000,0x00000000821d0d18,0x0000000087380000)
 Metaspace       used 17560K, capacity 18302K, committed 18560K, reserved 1064960K
  class space    used 2155K, capacity 2359K, committed 2432K, reserved 1048576K
}
Event: 65.690 GC heap before
{Heap before GC invocations=3 (full 0):
 PSYoungGen      total 38400K, used 24063K [0x00000000d5f80000, 0x00000000d8a00000, 0x0000000100000000)
  eden space 33280K, 57% used [0x00000000d5f80000,0x00000000d7207c98,0x00000000d8000000)
  from space 5120K, 99% used [0x00000000d8500000,0x00000000d89f8158,0x00000000d8a00000)
  to   space 5120K, 0% used [0x00000000d8000000,0x00000000d8000000,0x00000000d8500000)
 ParOldGen       total 87552K, used 3907K [0x0000000081e00000, 0x0000000087380000, 0x00000000d5f80000)
  object space 87552K, 4% used [0x0000000081e00000,0x00000000821d0d18,0x0000000087380000)
 Metaspace       used 20360K, capacity 21104K, committed 21296K, reserved 1069056K
  class space    used 2469K, capacity 2652K, committed 2688K, reserved 1048576K
Event: 65.704 GC heap after
Heap after GC invocations=3 (full 0):
 PSYoungGen      total 38400K, used 5106K [0x00000000d5f80000, 0x00000000d8a00000, 0x0000000100000000)
  eden space 33280K, 0% used [0x00000000d5f80000,0x00000000d5f80000,0x00000000d8000000)
  from space 5120K, 99% used [0x00000000d8000000,0x00000000d84fcb88,0x00000000d8500000)
  to   space 5120K, 0% used [0x00000000d8500000,0x00000000d8500000,0x00000000d8a00000)
 ParOldGen       total 87552K, used 5835K [0x0000000081e00000, 0x0000000087380000, 0x00000000d5f80000)
  object space 87552K, 6% used [0x0000000081e00000,0x00000000823b2df0,0x0000000087380000)
 Metaspace       used 20360K, capacity 21104K, committed 21296K, reserved 1069056K
  class space    used 2469K, capacity 2652K, committed 2688K, reserved 1048576K
}
Event: 65.704 GC heap before
{Heap before GC invocations=4 (full 1):
 PSYoungGen      total 38400K, used 5106K [0x00000000d5f80000, 0x00000000d8a00000, 0x0000000100000000)
  eden space 33280K, 0% used [0x00000000d5f80000,0x00000000d5f80000,0x00000000d8000000)
  from space 5120K, 99% used [0x00000000d8000000,0x00000000d84fcb88,0x00000000d8500000)
  to   space 5120K, 0% used [0x00000000d8500000,0x00000000d8500000,0x00000000d8a00000)
 ParOldGen       total 87552K, used 5835K [0x0000000081e00000, 0x0000000087380000, 0x00000000d5f80000)
  object space 87552K, 6% used [0x0000000081e00000,0x00000000823b2df0,0x0000000087380000)
 Metaspace       used 20360K, capacity 21104K, committed 21296K, reserved 1069056K
  class space    used 2469K, capacity 2652K, committed 2688K, reserved 1048576K
Event: 65.792 GC heap after
Heap after GC invocations=4 (full 1):
 PSYoungGen      total 38400K, used 0K [0x00000000d5f80000, 0x00000000d8a00000, 0x0000000100000000)
  eden space 33280K, 0% used [0x00000000d5f80000,0x00000000d5f80000,0x00000000d8000000)
  from space 5120K, 0% used [0x00000000d8000000,0x00000000d8000000,0x00000000d8500000)
  to   space 5120K, 0% used [0x00000000d8500000,0x00000000d8500000,0x00000000d8a00000)
 ParOldGen       total 43008K, used 6985K [0x0000000081e00000, 0x0000000084800000, 0x00000000d5f80000)
  object space 43008K, 16% used [0x0000000081e00000,0x00000000824d2408,0x0000000084800000)
 Metaspace       used 20360K, capacity 21104K, committed 21296K, reserved 1069056K
  class space    used 2469K, capacity 2652K, committed 2688K, reserved 1048576K
}
Event: 68.999 GC heap before
{Heap before GC invocations=5 (full 1):
 PSYoungGen      total 38400K, used 33280K [0x00000000d5f80000, 0x00000000d8a00000, 0x0000000100000000)
  eden space 33280K, 100% used [0x00000000d5f80000,0x00000000d8000000,0x00000000d8000000)
  from space 5120K, 0% used [0x00000000d8000000,0x00000000d8000000,0x00000000d8500000)
  to   space 5120K, 0% used [0x00000000d8500000,0x00000000d8500000,0x00000000d8a00000)
 ParOldGen       total 43008K, used 6985K [0x0000000081e00000, 0x0000000084800000, 0x00000000d5f80000)
  object space 43008K, 16% used [0x0000000081e00000,0x00000000824d2408,0x0000000084800000)
 Metaspace       used 24122K, capacity 24946K, committed 25216K, reserved 1071104K
  class space    used 2969K, capacity 3173K, committed 3200K, reserved 1048576K
Event: 69.018 GC heap after
Heap after GC invocations=5 (full 1):
 PSYoungGen      total 38400K, used 5097K [0x00000000d5f80000, 0x00000000d8a00000, 0x0000000100000000)
  eden space 33280K, 0% used [0x00000000d5f80000,0x00000000d5f80000,0x00000000d8000000)
  from space 5120K, 99% used [0x00000000d8500000,0x00000000d89fa620,0x00000000d8a00000)
  to   space 5120K, 0% used [0x00000000d8000000,0x00000000d8000000,0x00000000d8500000)
 ParOldGen       total 43008K, used 7289K [0x0000000081e00000, 0x0000000084800000, 0x00000000d5f80000)
  object space 43008K, 16% used [0x0000000081e00000,0x000000008251e750,0x0000000084800000)
 Metaspace       used 24122K, capacity 24946K, committed 25216K, reserved 1071104K
  class space    used 2969K, capacity 3173K, committed 3200K, reserved 1048576K
}

