<?xml version="1.0" encoding="UTF-8"?>
<!-- Generated by org.testng.reporters.JUnitXMLReporter -->
<testsuite hostname="Chandan" ignored="0" name="SK_CreateProfile" tests="1" failures="1" timestamp="13 Jul 2020 07:49:43 GMT" time="51.475" errors="0">
  <testcase name="CreateAccount" time="33.585" classname="com.appium.DeviceScripts.SK_CreateProfile">
    <failure type="org.openqa.selenium.WebDriverException" message="An unknown server-side error occurred while processing the command. Original error: Could not proxy command to remote server. Original error: Error: socket hang up
Build info: version: &amp;apos;3.141.59&amp;apos;, revision: &amp;apos;e82be7d358&amp;apos;, time: &amp;apos;2018-11-14T08:17:03&amp;apos;
System info: host: &amp;apos;CHANDAN&amp;apos;, ip: &amp;apos;192.168.42.82&amp;apos;, os.name: &amp;apos;Windows 10&amp;apos;, os.arch: &amp;apos;amd64&amp;apos;, os.version: &amp;apos;10.0&amp;apos;, java.version: &amp;apos;1.8.0_161&amp;apos;
Driver info: io.appium.java_client.android.AndroidDriver
Capabilities {appActivity: com.safety.armourgrid.activ..., appPackage: com.safety.armourgrid, automationName: UiAutomator2, databaseEnabled: false, desired: {appActivity: com.safety.armourgrid.activ..., appPackage: com.safety.armourgrid, automationName: UiAutomator2, deviceName: Moto G4Plus, newCommandTimeout: 600, noReset: true, platformName: android, platformVersion: 8.1.0, simpleIsVisibleCheck: true, udid: ZY223QKSQB, useJSONSource: true}, deviceApiLevel: 27, deviceManufacturer: motorola, deviceModel: Moto G (4), deviceName: ZY223QKSQB, deviceScreenDensity: 480, deviceScreenSize: 1080x1920, deviceUDID: ZY223QKSQB, javascriptEnabled: true, locationContextEnabled: false, networkConnectionEnabled: true, newCommandTimeout: 600, noReset: true, pixelRatio: 3, platform: LINUX, platformName: Android, platformVersion: 8.1.0, simpleIsVisibleCheck: true, statBarHeight: 72, takesScreenshot: true, udid: ZY223QKSQB, useJSONSource: true, viewportRect: {height: 1704, left: 0, top: 72, width: 1080}, warnings: {}, webStorageEnabled: false}
Session ID: a89a0df9-8be5-4fcc-8865-2a36df9fda1d
*** Element info: {Using=id, value=com.safety.armourgrid:id/confirm}">
      <![CDATA[org.openqa.selenium.WebDriverException: An unknown server-side error occurred while processing the command. Original error: Could not proxy command to remote server. Original error: Error: socket hang up
Build info: version: '3.141.59', revision: 'e82be7d358', time: '2018-11-14T08:17:03'
System info: host: 'CHANDAN', ip: '192.168.42.82', os.name: 'Windows 10', os.arch: 'amd64', os.version: '10.0', java.version: '1.8.0_161'
Driver info: io.appium.java_client.android.AndroidDriver
Capabilities {appActivity: com.safety.armourgrid.activ..., appPackage: com.safety.armourgrid, automationName: UiAutomator2, databaseEnabled: false, desired: {appActivity: com.safety.armourgrid.activ..., appPackage: com.safety.armourgrid, automationName: UiAutomator2, deviceName: Moto G4Plus, newCommandTimeout: 600, noReset: true, platformName: android, platformVersion: 8.1.0, simpleIsVisibleCheck: true, udid: ZY223QKSQB, useJSONSource: true}, deviceApiLevel: 27, deviceManufacturer: motorola, deviceModel: Moto G (4), deviceName: ZY223QKSQB, deviceScreenDensity: 480, deviceScreenSize: 1080x1920, deviceUDID: ZY223QKSQB, javascriptEnabled: true, locationContextEnabled: false, networkConnectionEnabled: true, newCommandTimeout: 600, noReset: true, pixelRatio: 3, platform: LINUX, platformName: Android, platformVersion: 8.1.0, simpleIsVisibleCheck: true, statBarHeight: 72, takesScreenshot: true, udid: ZY223QKSQB, useJSONSource: true, viewportRect: {height: 1704, left: 0, top: 72, width: 1080}, warnings: {}, webStorageEnabled: false}
Session ID: a89a0df9-8be5-4fcc-8865-2a36df9fda1d
*** Element info: {Using=id, value=com.safety.armourgrid:id/confirm}
at org.openqa.selenium.remote.http.W3CHttpResponseCodec.createException(W3CHttpResponseCodec.java:187)
at org.openqa.selenium.remote.http.W3CHttpResponseCodec.decode(W3CHttpResponseCodec.java:122)
at org.openqa.selenium.remote.http.W3CHttpResponseCodec.decode(W3CHttpResponseCodec.java:49)
at org.openqa.selenium.remote.HttpCommandExecutor.execute(HttpCommandExecutor.java:158)
at io.appium.java_client.remote.AppiumCommandExecutor.execute(AppiumCommandExecutor.java:231)
at org.openqa.selenium.remote.RemoteWebDriver.execute(RemoteWebDriver.java:552)
at io.appium.java_client.DefaultGenericMobileDriver.execute(DefaultGenericMobileDriver.java:42)
at io.appium.java_client.AppiumDriver.execute(AppiumDriver.java:1)
at io.appium.java_client.android.AndroidDriver.execute(AndroidDriver.java:1)
at org.openqa.selenium.remote.RemoteWebDriver.findElement(RemoteWebDriver.java:323)
at io.appium.java_client.DefaultGenericMobileDriver.findElement(DefaultGenericMobileDriver.java:62)
at io.appium.java_client.AppiumDriver.findElement(AppiumDriver.java:1)
at io.appium.java_client.android.AndroidDriver.findElement(AndroidDriver.java:1)
at org.openqa.selenium.remote.RemoteWebDriver.findElementById(RemoteWebDriver.java:372)
at io.appium.java_client.DefaultGenericMobileDriver.findElementById(DefaultGenericMobileDriver.java:70)
at io.appium.java_client.AppiumDriver.findElementById(AppiumDriver.java:1)
at io.appium.java_client.android.AndroidDriver.findElementById(AndroidDriver.java:1)
at org.openqa.selenium.By$ById.findElement(By.java:188)
at org.openqa.selenium.remote.RemoteWebDriver.findElement(RemoteWebDriver.java:315)
at io.appium.java_client.DefaultGenericMobileDriver.findElement(DefaultGenericMobileDriver.java:58)
at io.appium.java_client.AppiumDriver.findElement(AppiumDriver.java:1)
at io.appium.java_client.android.AndroidDriver.findElement(AndroidDriver.java:1)
at com.appium.pageobject.SK_CreateProfilePO.btnSaveProfile(SK_CreateProfilePO.java:193)
at com.appium.bussinessLogic.SK_CreateProfileBL.saveProfile(SK_CreateProfileBL.java:324)
at com.appium.DeviceScripts.SK_CreateProfile.CreateAccount(SK_CreateProfile.java:62)
... Removed 28 stack frames]]>
    </failure>
  </testcase> <!-- CreateAccount -->
</testsuite> <!-- SK_CreateProfile -->
