<?xml version="1.0" encoding="UTF-8"?>
<!-- Generated by org.testng.reporters.JUnitXMLReporter -->
<testsuite hostname="Chandan" ignored="0" name="SK_SafeWalk_Incident" tests="1" failures="0" timestamp="02 Sep 2019 06:13:38 GMT" time="125.881" errors="0">
  <testcase name="@BeforeMethod loginApp" time="52.724" classname="com.appium.DeviceScripts.SK_SafeWalk_Incident">
    <failure type="java.lang.AssertionError" message="Title Does not match expected [Safety Kuvrr] but found [Kuvrr]">
      <![CDATA[java.lang.AssertionError: Title Does not match expected [Safety Kuvrr] but found [Kuvrr]
at com.appium.bussinessLogic.SK_LaunchBL.verifyTitle(SK_LaunchBL.java:20)
at com.appium.DeviceScripts.SK_SafeWalk_Incident.loginApp(SK_SafeWalk_Incident.java:47)
... Removed 33 stack frames]]>
    </failure>
  </testcase> <!-- @BeforeMethod loginApp -->
  <testcase name="@AfterMethod logOutApp" time="0.0" classname="com.appium.DeviceScripts.SK_SafeWalk_Incident">
    <skipped/>
  </testcase> <!-- @AfterMethod logOutApp -->
  <testcase name="testSafewalkIncident" time="0.0" classname="com.appium.DeviceScripts.SK_SafeWalk_Incident">
    <skipped/>
  </testcase> <!-- testSafewalkIncident -->
</testsuite> <!-- SK_SafeWalk_Incident -->
