<?xml version="1.0" encoding="UTF-8"?>
<testng-results skipped="0" failed="0" ignored="0" total="1" passed="1">
  <reporter-output>
  </reporter-output>
  <suite name="Default suite" duration-ms="51055" started-at="2021-03-15T10:16:32Z" finished-at="2021-03-15T10:17:23Z">
    <groups>
    </groups>
    <test name="Default test" duration-ms="51055" started-at="2021-03-15T10:16:32Z" finished-at="2021-03-15T10:17:23Z">
      <class name="com.appium.DeviceScripts.SK_911_Incident">
        <test-method status="PASS" signature="launchSafetyKuvrr()[pri:0, instance:com.appium.DeviceScripts.SK_911_Incident@76b0bfab]" name="launchSafetyKuvrr" is-config="true" duration-ms="34514" started-at="2021-03-15T10:16:32Z" finished-at="2021-03-15T10:17:07Z">
          <reporter-output>
          </reporter-output>
        </test-method> <!-- launchSafetyKuvrr -->
        <test-method status="PASS" signature="test911Incident()[pri:1, instance:com.appium.DeviceScripts.SK_911_Incident@76b0bfab]" name="test911Incident" duration-ms="16527" started-at="2021-03-15T10:17:07Z" finished-at="2021-03-15T10:17:23Z">
          <reporter-output>
          </reporter-output>
        </test-method> <!-- test911Incident -->
        <test-method status="PASS" signature="CloseApp()[pri:0, instance:com.appium.DeviceScripts.SK_911_Incident@76b0bfab]" name="CloseApp" is-config="true" duration-ms="0" started-at="2021-03-15T10:17:23Z" finished-at="2021-03-15T10:17:23Z">
          <reporter-output>
          </reporter-output>
        </test-method> <!-- CloseApp -->
      </class> <!-- com.appium.DeviceScripts.SK_911_Incident -->
    </test> <!-- Default test -->
  </suite> <!-- Default suite -->
</testng-results>
