<?xml version="1.0" encoding="UTF-8"?>
<testng-results skipped="0" failed="0" ignored="0" total="1" passed="1">
  <reporter-output>
  </reporter-output>
  <suite name="Default suite" duration-ms="761573" started-at="2019-09-05T12:11:10Z" finished-at="2019-09-05T12:23:51Z">
    <groups>
    </groups>
    <test name="Default test" duration-ms="761573" started-at="2019-09-05T12:11:10Z" finished-at="2019-09-05T12:23:51Z">
      <class name="com.appium.EmulatorScripts.SK_Emulator_CreateProfile">
        <test-method status="PASS" signature="launchSafetyKuvrr()[pri:0, instance:com.appium.EmulatorScripts.SK_Emulator_CreateProfile@57e1b0c]" name="launchSafetyKuvrr" is-config="true" duration-ms="24959" started-at="2019-09-05T12:11:10Z" finished-at="2019-09-05T12:11:35Z">
          <reporter-output>
          </reporter-output>
        </test-method> <!-- launchSafetyKuvrr -->
        <test-method status="PASS" signature="CreateAccount()[pri:1, instance:com.appium.EmulatorScripts.SK_Emulator_CreateProfile@57e1b0c]" name="CreateAccount" duration-ms="736577" started-at="2019-09-05T12:11:35Z" finished-at="2019-09-05T12:23:51Z">
          <reporter-output>
          </reporter-output>
        </test-method> <!-- CreateAccount -->
      </class> <!-- com.appium.EmulatorScripts.SK_Emulator_CreateProfile -->
    </test> <!-- Default test -->
  </suite> <!-- Default suite -->
</testng-results>
