<?xml version="1.0" encoding="UTF-8"?>
<testng-results skipped="0" failed="0" ignored="0" total="1" passed="1">
  <reporter-output>
  </reporter-output>
  <suite name="Default suite" duration-ms="648670" started-at="2020-06-22T09:38:08Z" finished-at="2020-06-22T09:48:56Z">
    <groups>
    </groups>
    <test name="Default test" duration-ms="648670" started-at="2020-06-22T09:38:08Z" finished-at="2020-06-22T09:48:56Z">
      <class name="com.appium.DeviceScripts.SK_Timer_Incident">
        <test-method status="PASS" signature="launchSafetyKuvrr()[pri:0, instance:com.appium.DeviceScripts.SK_Timer_Incident@30a3107a]" name="launchSafetyKuvrr" is-config="true" duration-ms="17453" started-at="2020-06-22T09:38:08Z" finished-at="2020-06-22T09:38:25Z">
          <reporter-output>
          </reporter-output>
        </test-method> <!-- launchSafetyKuvrr -->
        <test-method status="PASS" signature="loginApp()[pri:0, instance:com.appium.DeviceScripts.SK_Timer_Incident@30a3107a]" name="loginApp" is-config="true" duration-ms="31226" started-at="2020-06-22T09:38:25Z" finished-at="2020-06-22T09:38:56Z">
          <reporter-output>
          </reporter-output>
        </test-method> <!-- loginApp -->
        <test-method status="PASS" signature="testTimerIncident()[pri:0, instance:com.appium.DeviceScripts.SK_Timer_Incident@30a3107a]" name="testTimerIncident" duration-ms="599947" started-at="2020-06-22T09:38:56Z" finished-at="2020-06-22T09:48:56Z">
          <reporter-output>
          </reporter-output>
        </test-method> <!-- testTimerIncident -->
        <test-method status="PASS" signature="logOutApp()[pri:0, instance:com.appium.DeviceScripts.SK_Timer_Incident@30a3107a]" name="logOutApp" is-config="true" duration-ms="0" started-at="2020-06-22T09:48:56Z" finished-at="2020-06-22T09:48:56Z">
          <reporter-output>
          </reporter-output>
        </test-method> <!-- logOutApp -->
      </class> <!-- com.appium.DeviceScripts.SK_Timer_Incident -->
    </test> <!-- Default test -->
  </suite> <!-- Default suite -->
</testng-results>
