<?xml version="1.0" encoding="UTF-8"?>
<testng-results skipped="0" failed="1" ignored="0" total="10" passed="9">
  <reporter-output>
  </reporter-output>
  <suite name="Suite" duration-ms="2692651" started-at="2019-09-23T05:24:21Z" finished-at="2019-09-23T06:09:14Z">
    <groups>
    </groups>
    <test name="SK_SOS_Incident" duration-ms="266774" started-at="2019-09-23T05:24:21Z" finished-at="2019-09-23T05:28:48Z">
      <class name="com.appium.DeviceScripts.SK_SOS_Incident">
        <test-method status="PASS" signature="launchSafetyKuvrr()[pri:0, instance:com.appium.DeviceScripts.SK_SOS_Incident@1877ab81]" name="launchSafetyKuvrr" is-config="true" duration-ms="27398" started-at="2019-09-23T05:24:21Z" finished-at="2019-09-23T05:24:49Z">
          <reporter-output>
          </reporter-output>
        </test-method> <!-- launchSafetyKuvrr -->
        <test-method status="PASS" signature="testSOSIncident()[pri:1, instance:com.appium.DeviceScripts.SK_SOS_Incident@1877ab81]" name="testSOSIncident" duration-ms="177216" started-at="2019-09-23T05:24:49Z" finished-at="2019-09-23T05:27:46Z">
          <reporter-output>
          </reporter-output>
        </test-method> <!-- testSOSIncident -->
        <test-method status="FAIL" signature="logOutApp()[pri:0, instance:com.appium.DeviceScripts.SK_SOS_Incident@1877ab81]" name="logOutApp" is-config="true" duration-ms="62099" started-at="2019-09-23T05:27:46Z" finished-at="2019-09-23T05:28:48Z">
          <exception class="org.openqa.selenium.NoSuchElementException">
            <message>
              <![CDATA[An element could not be located on the page using the given search parameters.
For documentation on this error, please visit: https://www.seleniumhq.org/exceptions/no_such_element.html
Build info: version: '3.141.59', revision: 'e82be7d358', time: '2018-11-14T08:17:03'
System info: host: 'CHANDAN', ip: '192.168.0.5', os.name: 'Windows 10', os.arch: 'amd64', os.version: '10.0', java.version: '1.8.0_161'
Driver info: io.appium.java_client.android.AndroidDriver
Capabilities {appActivity: com.safety.armourgrid.activ..., appPackage: com.safety.armourgrid, databaseEnabled: false, desired: {appActivity: com.safety.armourgrid.activ..., appPackage: com.safety.armourgrid, deviceName: K9 VIRAAT_4G, newCommandTimeout: 600, platformName: android, platformVersion: 6.0, udid: DQTKDYTGKRWOONPR}, deviceManufacturer: Karbonn, deviceModel: K9 VIRAAT 4G, deviceName: DQTKDYTGKRWOONPR, deviceScreenSize: 720x1280, deviceUDID: DQTKDYTGKRWOONPR, javascriptEnabled: true, locationContextEnabled: false, networkConnectionEnabled: true, newCommandTimeout: 600, platform: LINUX, platformName: Android, platformVersion: 6.0, takesScreenshot: true, udid: DQTKDYTGKRWOONPR, warnings: {}, webStorageEnabled: false}
Session ID: 080118c0-c5df-4dae-9eba-4bdd726ee943
*** Element info: {Using=-android uiautomator, value=new UiScrollable(new UiSelector().scrollable(true).instance(0)).scrollIntoView(new UiSelector().textContains("Logout").instance(0))}]]>
            </message>
            <full-stacktrace>
              <![CDATA[org.openqa.selenium.NoSuchElementException: An element could not be located on the page using the given search parameters.
For documentation on this error, please visit: https://www.seleniumhq.org/exceptions/no_such_element.html
Build info: version: '3.141.59', revision: 'e82be7d358', time: '2018-11-14T08:17:03'
System info: host: 'CHANDAN', ip: '192.168.0.5', os.name: 'Windows 10', os.arch: 'amd64', os.version: '10.0', java.version: '1.8.0_161'
Driver info: io.appium.java_client.android.AndroidDriver
Capabilities {appActivity: com.safety.armourgrid.activ..., appPackage: com.safety.armourgrid, databaseEnabled: false, desired: {appActivity: com.safety.armourgrid.activ..., appPackage: com.safety.armourgrid, deviceName: K9 VIRAAT_4G, newCommandTimeout: 600, platformName: android, platformVersion: 6.0, udid: DQTKDYTGKRWOONPR}, deviceManufacturer: Karbonn, deviceModel: K9 VIRAAT 4G, deviceName: DQTKDYTGKRWOONPR, deviceScreenSize: 720x1280, deviceUDID: DQTKDYTGKRWOONPR, javascriptEnabled: true, locationContextEnabled: false, networkConnectionEnabled: true, newCommandTimeout: 600, platform: LINUX, platformName: Android, platformVersion: 6.0, takesScreenshot: true, udid: DQTKDYTGKRWOONPR, warnings: {}, webStorageEnabled: false}
Session ID: 080118c0-c5df-4dae-9eba-4bdd726ee943
*** Element info: {Using=-android uiautomator, value=new UiScrollable(new UiSelector().scrollable(true).instance(0)).scrollIntoView(new UiSelector().textContains("Logout").instance(0))}
at sun.reflect.NativeConstructorAccessorImpl.newInstance0(Native Method)
at sun.reflect.NativeConstructorAccessorImpl.newInstance(NativeConstructorAccessorImpl.java:62)
at sun.reflect.DelegatingConstructorAccessorImpl.newInstance(DelegatingConstructorAccessorImpl.java:45)
at java.lang.reflect.Constructor.newInstance(Constructor.java:423)
at org.openqa.selenium.remote.http.W3CHttpResponseCodec.createException(W3CHttpResponseCodec.java:187)
at org.openqa.selenium.remote.http.W3CHttpResponseCodec.decode(W3CHttpResponseCodec.java:122)
at org.openqa.selenium.remote.http.W3CHttpResponseCodec.decode(W3CHttpResponseCodec.java:49)
at org.openqa.selenium.remote.HttpCommandExecutor.execute(HttpCommandExecutor.java:158)
at io.appium.java_client.remote.AppiumCommandExecutor.execute(AppiumCommandExecutor.java:231)
at org.openqa.selenium.remote.RemoteWebDriver.execute(RemoteWebDriver.java:552)
at io.appium.java_client.DefaultGenericMobileDriver.execute(DefaultGenericMobileDriver.java:42)
at io.appium.java_client.AppiumDriver.execute(AppiumDriver.java:1)
at io.appium.java_client.android.AndroidDriver.execute(AndroidDriver.java:1)
at org.openqa.selenium.remote.RemoteWebDriver.findElement(RemoteWebDriver.java:323)
at io.appium.java_client.DefaultGenericMobileDriver.findElement(DefaultGenericMobileDriver.java:62)
at io.appium.java_client.AppiumDriver.findElement(AppiumDriver.java:1)
at io.appium.java_client.android.AndroidDriver.findElement(AndroidDriver.java:1)
at io.appium.java_client.FindsByAndroidUIAutomator.findElementByAndroidUIAutomator(FindsByAndroidUIAutomator.java:38)
at com.appium.commonutils.Base.scrolltoElement(Base.java:199)
at com.appium.bussinessLogic.SK_SettingsBL.selectOptionLogOut(SK_SettingsBL.java:10)
at com.appium.DeviceScripts.SK_SOS_Incident.logOutApp(SK_SOS_Incident.java:70)
at sun.reflect.NativeMethodAccessorImpl.invoke0(Native Method)
at sun.reflect.NativeMethodAccessorImpl.invoke(NativeMethodAccessorImpl.java:62)
at sun.reflect.DelegatingMethodAccessorImpl.invoke(DelegatingMethodAccessorImpl.java:43)
at java.lang.reflect.Method.invoke(Method.java:498)
at org.testng.internal.MethodInvocationHelper.invokeMethod(MethodInvocationHelper.java:124)
at org.testng.internal.MethodInvocationHelper.invokeMethodConsideringTimeout(MethodInvocationHelper.java:59)
at org.testng.internal.Invoker.invokeConfigurationMethod(Invoker.java:458)
at org.testng.internal.Invoker.invokeConfigurations(Invoker.java:222)
at org.testng.internal.Invoker.invokeMethod(Invoker.java:646)
at org.testng.internal.Invoker.invokeTestMethod(Invoker.java:719)
at org.testng.internal.Invoker.invokeTestMethods(Invoker.java:989)
at org.testng.internal.TestMethodWorker.invokeTestMethods(TestMethodWorker.java:125)
at org.testng.internal.TestMethodWorker.run(TestMethodWorker.java:109)
at org.testng.TestRunner.privateRun(TestRunner.java:648)
at org.testng.TestRunner.run(TestRunner.java:505)
at org.testng.SuiteRunner.runTest(SuiteRunner.java:455)
at org.testng.SuiteRunner.runSequentially(SuiteRunner.java:450)
at org.testng.SuiteRunner.privateRun(SuiteRunner.java:415)
at org.testng.SuiteRunner.run(SuiteRunner.java:364)
at org.testng.SuiteRunnerWorker.runSuite(SuiteRunnerWorker.java:52)
at org.testng.SuiteRunnerWorker.run(SuiteRunnerWorker.java:84)
at org.testng.TestNG.runSuitesSequentially(TestNG.java:1208)
at org.testng.TestNG.runSuitesLocally(TestNG.java:1137)
at org.testng.TestNG.runSuites(TestNG.java:1049)
at org.testng.TestNG.run(TestNG.java:1017)
at org.testng.remote.AbstractRemoteTestNG.run(AbstractRemoteTestNG.java:114)
at org.testng.remote.RemoteTestNG.initAndRun(RemoteTestNG.java:251)
at org.testng.remote.RemoteTestNG.main(RemoteTestNG.java:77)
]]>
            </full-stacktrace>
          </exception> <!-- org.openqa.selenium.NoSuchElementException -->
          <reporter-output>
          </reporter-output>
        </test-method> <!-- logOutApp -->
      </class> <!-- com.appium.DeviceScripts.SK_SOS_Incident -->
    </test> <!-- SK_SOS_Incident -->
    <test name="SK_SafeWalk_Incident" duration-ms="160898" started-at="2019-09-23T05:28:48Z" finished-at="2019-09-23T05:31:29Z">
      <class name="com.appium.DeviceScripts.SK_SafeWalk_Incident">
        <test-method status="PASS" signature="launchSafetyKuvrr()[pri:0, instance:com.appium.DeviceScripts.SK_SafeWalk_Incident@c46bcd4]" name="launchSafetyKuvrr" is-config="true" duration-ms="31453" started-at="2019-09-23T05:28:48Z" finished-at="2019-09-23T05:29:20Z">
          <reporter-output>
          </reporter-output>
        </test-method> <!-- launchSafetyKuvrr -->
        <test-method status="PASS" signature="loginApp()[pri:0, instance:com.appium.DeviceScripts.SK_SafeWalk_Incident@c46bcd4]" name="loginApp" is-config="true" duration-ms="75377" started-at="2019-09-23T05:29:20Z" finished-at="2019-09-23T05:30:35Z">
          <reporter-output>
          </reporter-output>
        </test-method> <!-- loginApp -->
        <test-method status="PASS" signature="testSafewalkIncident()[pri:0, instance:com.appium.DeviceScripts.SK_SafeWalk_Incident@c46bcd4]" name="testSafewalkIncident" duration-ms="44522" started-at="2019-09-23T05:30:35Z" finished-at="2019-09-23T05:31:20Z">
          <reporter-output>
          </reporter-output>
        </test-method> <!-- testSafewalkIncident -->
        <test-method status="PASS" signature="logOutApp()[pri:0, instance:com.appium.DeviceScripts.SK_SafeWalk_Incident@c46bcd4]" name="logOutApp" is-config="true" duration-ms="9542" started-at="2019-09-23T05:31:20Z" finished-at="2019-09-23T05:31:29Z">
          <reporter-output>
          </reporter-output>
        </test-method> <!-- logOutApp -->
      </class> <!-- com.appium.DeviceScripts.SK_SafeWalk_Incident -->
    </test> <!-- SK_SafeWalk_Incident -->
    <test name="SK_GroupCall" duration-ms="252219" started-at="2019-09-23T05:31:29Z" finished-at="2019-09-23T05:35:41Z">
      <class name="com.appium.DeviceScripts.SK_GroupCall">
        <test-method status="PASS" signature="launchApp()[pri:0, instance:com.appium.DeviceScripts.SK_GroupCall@9a7504c]" name="launchApp" is-config="true" duration-ms="34327" started-at="2019-09-23T05:31:29Z" finished-at="2019-09-23T05:32:04Z">
          <reporter-output>
          </reporter-output>
        </test-method> <!-- launchApp -->
        <test-method status="PASS" signature="Login()[pri:0, instance:com.appium.DeviceScripts.SK_GroupCall@9a7504c]" name="Login" is-config="true" duration-ms="75942" started-at="2019-09-23T05:32:04Z" finished-at="2019-09-23T05:33:20Z">
          <reporter-output>
          </reporter-output>
        </test-method> <!-- Login -->
        <test-method status="PASS" signature="GroupCall()[pri:0, instance:com.appium.DeviceScripts.SK_GroupCall@9a7504c]" name="GroupCall" duration-ms="81054" started-at="2019-09-23T05:33:20Z" finished-at="2019-09-23T05:34:41Z">
          <reporter-output>
          </reporter-output>
        </test-method> <!-- GroupCall -->
        <test-method status="FAIL" signature="logOutApp()[pri:0, instance:com.appium.DeviceScripts.SK_GroupCall@9a7504c]" name="logOutApp" is-config="true" duration-ms="60884" started-at="2019-09-23T05:34:41Z" finished-at="2019-09-23T05:35:41Z">
          <exception class="org.openqa.selenium.NoSuchElementException">
            <message>
              <![CDATA[An element could not be located on the page using the given search parameters.
For documentation on this error, please visit: https://www.seleniumhq.org/exceptions/no_such_element.html
Build info: version: '3.141.59', revision: 'e82be7d358', time: '2018-11-14T08:17:03'
System info: host: 'CHANDAN', ip: '192.168.0.5', os.name: 'Windows 10', os.arch: 'amd64', os.version: '10.0', java.version: '1.8.0_161'
Driver info: io.appium.java_client.android.AndroidDriver
Capabilities {appActivity: com.safety.armourgrid.activ..., appPackage: com.safety.armourgrid, databaseEnabled: false, desired: {appActivity: com.safety.armourgrid.activ..., appPackage: com.safety.armourgrid, deviceName: K9 VIRAAT_4G, newCommandTimeout: 600, platformName: android, platformVersion: 6.0, udid: DQTKDYTGKRWOONPR}, deviceManufacturer: Karbonn, deviceModel: K9 VIRAAT 4G, deviceName: DQTKDYTGKRWOONPR, deviceScreenSize: 720x1280, deviceUDID: DQTKDYTGKRWOONPR, javascriptEnabled: true, locationContextEnabled: false, networkConnectionEnabled: true, newCommandTimeout: 600, platform: LINUX, platformName: Android, platformVersion: 6.0, takesScreenshot: true, udid: DQTKDYTGKRWOONPR, warnings: {}, webStorageEnabled: false}
Session ID: 4c6304aa-0ee5-418a-8321-86b3aa262546
*** Element info: {Using=-android uiautomator, value=new UiScrollable(new UiSelector().scrollable(true).instance(0)).scrollIntoView(new UiSelector().textContains("Logout").instance(0))}]]>
            </message>
            <full-stacktrace>
              <![CDATA[org.openqa.selenium.NoSuchElementException: An element could not be located on the page using the given search parameters.
For documentation on this error, please visit: https://www.seleniumhq.org/exceptions/no_such_element.html
Build info: version: '3.141.59', revision: 'e82be7d358', time: '2018-11-14T08:17:03'
System info: host: 'CHANDAN', ip: '192.168.0.5', os.name: 'Windows 10', os.arch: 'amd64', os.version: '10.0', java.version: '1.8.0_161'
Driver info: io.appium.java_client.android.AndroidDriver
Capabilities {appActivity: com.safety.armourgrid.activ..., appPackage: com.safety.armourgrid, databaseEnabled: false, desired: {appActivity: com.safety.armourgrid.activ..., appPackage: com.safety.armourgrid, deviceName: K9 VIRAAT_4G, newCommandTimeout: 600, platformName: android, platformVersion: 6.0, udid: DQTKDYTGKRWOONPR}, deviceManufacturer: Karbonn, deviceModel: K9 VIRAAT 4G, deviceName: DQTKDYTGKRWOONPR, deviceScreenSize: 720x1280, deviceUDID: DQTKDYTGKRWOONPR, javascriptEnabled: true, locationContextEnabled: false, networkConnectionEnabled: true, newCommandTimeout: 600, platform: LINUX, platformName: Android, platformVersion: 6.0, takesScreenshot: true, udid: DQTKDYTGKRWOONPR, warnings: {}, webStorageEnabled: false}
Session ID: 4c6304aa-0ee5-418a-8321-86b3aa262546
*** Element info: {Using=-android uiautomator, value=new UiScrollable(new UiSelector().scrollable(true).instance(0)).scrollIntoView(new UiSelector().textContains("Logout").instance(0))}
at sun.reflect.NativeConstructorAccessorImpl.newInstance0(Native Method)
at sun.reflect.NativeConstructorAccessorImpl.newInstance(NativeConstructorAccessorImpl.java:62)
at sun.reflect.DelegatingConstructorAccessorImpl.newInstance(DelegatingConstructorAccessorImpl.java:45)
at java.lang.reflect.Constructor.newInstance(Constructor.java:423)
at org.openqa.selenium.remote.http.W3CHttpResponseCodec.createException(W3CHttpResponseCodec.java:187)
at org.openqa.selenium.remote.http.W3CHttpResponseCodec.decode(W3CHttpResponseCodec.java:122)
at org.openqa.selenium.remote.http.W3CHttpResponseCodec.decode(W3CHttpResponseCodec.java:49)
at org.openqa.selenium.remote.HttpCommandExecutor.execute(HttpCommandExecutor.java:158)
at io.appium.java_client.remote.AppiumCommandExecutor.execute(AppiumCommandExecutor.java:231)
at org.openqa.selenium.remote.RemoteWebDriver.execute(RemoteWebDriver.java:552)
at io.appium.java_client.DefaultGenericMobileDriver.execute(DefaultGenericMobileDriver.java:42)
at io.appium.java_client.AppiumDriver.execute(AppiumDriver.java:1)
at io.appium.java_client.android.AndroidDriver.execute(AndroidDriver.java:1)
at org.openqa.selenium.remote.RemoteWebDriver.findElement(RemoteWebDriver.java:323)
at io.appium.java_client.DefaultGenericMobileDriver.findElement(DefaultGenericMobileDriver.java:62)
at io.appium.java_client.AppiumDriver.findElement(AppiumDriver.java:1)
at io.appium.java_client.android.AndroidDriver.findElement(AndroidDriver.java:1)
at io.appium.java_client.FindsByAndroidUIAutomator.findElementByAndroidUIAutomator(FindsByAndroidUIAutomator.java:38)
at com.appium.commonutils.Base.scrolltoElement(Base.java:199)
at com.appium.bussinessLogic.SK_SettingsBL.selectOptionLogOut(SK_SettingsBL.java:10)
at com.appium.DeviceScripts.SK_GroupCall.logOutApp(SK_GroupCall.java:84)
at sun.reflect.NativeMethodAccessorImpl.invoke0(Native Method)
at sun.reflect.NativeMethodAccessorImpl.invoke(NativeMethodAccessorImpl.java:62)
at sun.reflect.DelegatingMethodAccessorImpl.invoke(DelegatingMethodAccessorImpl.java:43)
at java.lang.reflect.Method.invoke(Method.java:498)
at org.testng.internal.MethodInvocationHelper.invokeMethod(MethodInvocationHelper.java:124)
at org.testng.internal.MethodInvocationHelper.invokeMethodConsideringTimeout(MethodInvocationHelper.java:59)
at org.testng.internal.Invoker.invokeConfigurationMethod(Invoker.java:458)
at org.testng.internal.Invoker.invokeConfigurations(Invoker.java:222)
at org.testng.internal.Invoker.invokeMethod(Invoker.java:646)
at org.testng.internal.Invoker.invokeTestMethod(Invoker.java:719)
at org.testng.internal.Invoker.invokeTestMethods(Invoker.java:989)
at org.testng.internal.TestMethodWorker.invokeTestMethods(TestMethodWorker.java:125)
at org.testng.internal.TestMethodWorker.run(TestMethodWorker.java:109)
at org.testng.TestRunner.privateRun(TestRunner.java:648)
at org.testng.TestRunner.run(TestRunner.java:505)
at org.testng.SuiteRunner.runTest(SuiteRunner.java:455)
at org.testng.SuiteRunner.runSequentially(SuiteRunner.java:450)
at org.testng.SuiteRunner.privateRun(SuiteRunner.java:415)
at org.testng.SuiteRunner.run(SuiteRunner.java:364)
at org.testng.SuiteRunnerWorker.runSuite(SuiteRunnerWorker.java:52)
at org.testng.SuiteRunnerWorker.run(SuiteRunnerWorker.java:84)
at org.testng.TestNG.runSuitesSequentially(TestNG.java:1208)
at org.testng.TestNG.runSuitesLocally(TestNG.java:1137)
at org.testng.TestNG.runSuites(TestNG.java:1049)
at org.testng.TestNG.run(TestNG.java:1017)
at org.testng.remote.AbstractRemoteTestNG.run(AbstractRemoteTestNG.java:114)
at org.testng.remote.RemoteTestNG.initAndRun(RemoteTestNG.java:251)
at org.testng.remote.RemoteTestNG.main(RemoteTestNG.java:77)
]]>
            </full-stacktrace>
          </exception> <!-- org.openqa.selenium.NoSuchElementException -->
          <reporter-output>
          </reporter-output>
        </test-method> <!-- logOutApp -->
      </class> <!-- com.appium.DeviceScripts.SK_GroupCall -->
    </test> <!-- SK_GroupCall -->
    <test name="SK_Tips_Anonymous" duration-ms="142592" started-at="2019-09-23T05:35:41Z" finished-at="2019-09-23T05:38:04Z">
      <class name="com.appium.DeviceScripts.SK_Tips_Anonymous">
        <test-method status="PASS" signature="launchSafetyKuvrr()[pri:0, instance:com.appium.DeviceScripts.SK_Tips_Anonymous@7a9273a8]" name="launchSafetyKuvrr" is-config="true" duration-ms="35625" started-at="2019-09-23T05:35:41Z" finished-at="2019-09-23T05:36:17Z">
          <reporter-output>
          </reporter-output>
        </test-method> <!-- launchSafetyKuvrr -->
        <test-method status="PASS" signature="testTimerIncident()[pri:0, instance:com.appium.DeviceScripts.SK_Tips_Anonymous@7a9273a8]" name="testTimerIncident" duration-ms="99820" started-at="2019-09-23T05:36:17Z" finished-at="2019-09-23T05:37:57Z">
          <reporter-output>
          </reporter-output>
        </test-method> <!-- testTimerIncident -->
        <test-method status="PASS" signature="logOutApp()[pri:0, instance:com.appium.DeviceScripts.SK_Tips_Anonymous@7a9273a8]" name="logOutApp" is-config="true" duration-ms="7141" started-at="2019-09-23T05:37:57Z" finished-at="2019-09-23T05:38:04Z">
          <reporter-output>
          </reporter-output>
        </test-method> <!-- logOutApp -->
      </class> <!-- com.appium.DeviceScripts.SK_Tips_Anonymous -->
    </test> <!-- SK_Tips_Anonymous -->
    <test name="SK_Tips_GeoLocation" duration-ms="511525" started-at="2019-09-23T05:38:04Z" finished-at="2019-09-23T05:46:36Z">
      <class name="com.appium.DeviceScripts.SK_Tips_GeoLocation">
        <test-method status="PASS" signature="launchSafetyKuvrr()[pri:0, instance:com.appium.DeviceScripts.SK_Tips_GeoLocation@7113b13f]" name="launchSafetyKuvrr" is-config="true" duration-ms="36292" started-at="2019-09-23T05:38:04Z" finished-at="2019-09-23T05:38:40Z">
          <reporter-output>
          </reporter-output>
        </test-method> <!-- launchSafetyKuvrr -->
        <test-method status="PASS" signature="testTimerIncident()[pri:0, instance:com.appium.DeviceScripts.SK_Tips_GeoLocation@7113b13f]" name="testTimerIncident" duration-ms="414831" started-at="2019-09-23T05:38:40Z" finished-at="2019-09-23T05:45:35Z">
          <reporter-output>
          </reporter-output>
        </test-method> <!-- testTimerIncident -->
        <test-method status="FAIL" signature="logOutApp()[pri:0, instance:com.appium.DeviceScripts.SK_Tips_GeoLocation@7113b13f]" name="logOutApp" is-config="true" duration-ms="60395" started-at="2019-09-23T05:45:35Z" finished-at="2019-09-23T05:46:36Z">
          <exception class="org.openqa.selenium.NoSuchElementException">
            <message>
              <![CDATA[An element could not be located on the page using the given search parameters.
For documentation on this error, please visit: https://www.seleniumhq.org/exceptions/no_such_element.html
Build info: version: '3.141.59', revision: 'e82be7d358', time: '2018-11-14T08:17:03'
System info: host: 'CHANDAN', ip: '192.168.0.5', os.name: 'Windows 10', os.arch: 'amd64', os.version: '10.0', java.version: '1.8.0_161'
Driver info: io.appium.java_client.android.AndroidDriver
Capabilities {appActivity: com.safety.armourgrid.activ..., appPackage: com.safety.armourgrid, databaseEnabled: false, desired: {appActivity: com.safety.armourgrid.activ..., appPackage: com.safety.armourgrid, deviceName: K9 VIRAAT_4G, newCommandTimeout: 600, platformName: android, platformVersion: 6.0, udid: DQTKDYTGKRWOONPR}, deviceManufacturer: Karbonn, deviceModel: K9 VIRAAT 4G, deviceName: DQTKDYTGKRWOONPR, deviceScreenSize: 720x1280, deviceUDID: DQTKDYTGKRWOONPR, javascriptEnabled: true, locationContextEnabled: false, networkConnectionEnabled: true, newCommandTimeout: 600, platform: LINUX, platformName: Android, platformVersion: 6.0, takesScreenshot: true, udid: DQTKDYTGKRWOONPR, warnings: {}, webStorageEnabled: false}
Session ID: 52c1e32e-f405-4c79-abcf-518ebb087e65
*** Element info: {Using=-android uiautomator, value=new UiScrollable(new UiSelector().scrollable(true).instance(0)).scrollIntoView(new UiSelector().textContains("Logout").instance(0))}]]>
            </message>
            <full-stacktrace>
              <![CDATA[org.openqa.selenium.NoSuchElementException: An element could not be located on the page using the given search parameters.
For documentation on this error, please visit: https://www.seleniumhq.org/exceptions/no_such_element.html
Build info: version: '3.141.59', revision: 'e82be7d358', time: '2018-11-14T08:17:03'
System info: host: 'CHANDAN', ip: '192.168.0.5', os.name: 'Windows 10', os.arch: 'amd64', os.version: '10.0', java.version: '1.8.0_161'
Driver info: io.appium.java_client.android.AndroidDriver
Capabilities {appActivity: com.safety.armourgrid.activ..., appPackage: com.safety.armourgrid, databaseEnabled: false, desired: {appActivity: com.safety.armourgrid.activ..., appPackage: com.safety.armourgrid, deviceName: K9 VIRAAT_4G, newCommandTimeout: 600, platformName: android, platformVersion: 6.0, udid: DQTKDYTGKRWOONPR}, deviceManufacturer: Karbonn, deviceModel: K9 VIRAAT 4G, deviceName: DQTKDYTGKRWOONPR, deviceScreenSize: 720x1280, deviceUDID: DQTKDYTGKRWOONPR, javascriptEnabled: true, locationContextEnabled: false, networkConnectionEnabled: true, newCommandTimeout: 600, platform: LINUX, platformName: Android, platformVersion: 6.0, takesScreenshot: true, udid: DQTKDYTGKRWOONPR, warnings: {}, webStorageEnabled: false}
Session ID: 52c1e32e-f405-4c79-abcf-518ebb087e65
*** Element info: {Using=-android uiautomator, value=new UiScrollable(new UiSelector().scrollable(true).instance(0)).scrollIntoView(new UiSelector().textContains("Logout").instance(0))}
at sun.reflect.NativeConstructorAccessorImpl.newInstance0(Native Method)
at sun.reflect.NativeConstructorAccessorImpl.newInstance(NativeConstructorAccessorImpl.java:62)
at sun.reflect.DelegatingConstructorAccessorImpl.newInstance(DelegatingConstructorAccessorImpl.java:45)
at java.lang.reflect.Constructor.newInstance(Constructor.java:423)
at org.openqa.selenium.remote.http.W3CHttpResponseCodec.createException(W3CHttpResponseCodec.java:187)
at org.openqa.selenium.remote.http.W3CHttpResponseCodec.decode(W3CHttpResponseCodec.java:122)
at org.openqa.selenium.remote.http.W3CHttpResponseCodec.decode(W3CHttpResponseCodec.java:49)
at org.openqa.selenium.remote.HttpCommandExecutor.execute(HttpCommandExecutor.java:158)
at io.appium.java_client.remote.AppiumCommandExecutor.execute(AppiumCommandExecutor.java:231)
at org.openqa.selenium.remote.RemoteWebDriver.execute(RemoteWebDriver.java:552)
at io.appium.java_client.DefaultGenericMobileDriver.execute(DefaultGenericMobileDriver.java:42)
at io.appium.java_client.AppiumDriver.execute(AppiumDriver.java:1)
at io.appium.java_client.android.AndroidDriver.execute(AndroidDriver.java:1)
at org.openqa.selenium.remote.RemoteWebDriver.findElement(RemoteWebDriver.java:323)
at io.appium.java_client.DefaultGenericMobileDriver.findElement(DefaultGenericMobileDriver.java:62)
at io.appium.java_client.AppiumDriver.findElement(AppiumDriver.java:1)
at io.appium.java_client.android.AndroidDriver.findElement(AndroidDriver.java:1)
at io.appium.java_client.FindsByAndroidUIAutomator.findElementByAndroidUIAutomator(FindsByAndroidUIAutomator.java:38)
at com.appium.commonutils.Base.scrolltoElement(Base.java:199)
at com.appium.bussinessLogic.SK_SettingsBL.selectOptionLogOut(SK_SettingsBL.java:10)
at com.appium.DeviceScripts.SK_Tips_GeoLocation.logOutApp(SK_Tips_GeoLocation.java:66)
at sun.reflect.NativeMethodAccessorImpl.invoke0(Native Method)
at sun.reflect.NativeMethodAccessorImpl.invoke(NativeMethodAccessorImpl.java:62)
at sun.reflect.DelegatingMethodAccessorImpl.invoke(DelegatingMethodAccessorImpl.java:43)
at java.lang.reflect.Method.invoke(Method.java:498)
at org.testng.internal.MethodInvocationHelper.invokeMethod(MethodInvocationHelper.java:124)
at org.testng.internal.MethodInvocationHelper.invokeMethodConsideringTimeout(MethodInvocationHelper.java:59)
at org.testng.internal.Invoker.invokeConfigurationMethod(Invoker.java:458)
at org.testng.internal.Invoker.invokeConfigurations(Invoker.java:222)
at org.testng.internal.Invoker.invokeMethod(Invoker.java:646)
at org.testng.internal.Invoker.invokeTestMethod(Invoker.java:719)
at org.testng.internal.Invoker.invokeTestMethods(Invoker.java:989)
at org.testng.internal.TestMethodWorker.invokeTestMethods(TestMethodWorker.java:125)
at org.testng.internal.TestMethodWorker.run(TestMethodWorker.java:109)
at org.testng.TestRunner.privateRun(TestRunner.java:648)
at org.testng.TestRunner.run(TestRunner.java:505)
at org.testng.SuiteRunner.runTest(SuiteRunner.java:455)
at org.testng.SuiteRunner.runSequentially(SuiteRunner.java:450)
at org.testng.SuiteRunner.privateRun(SuiteRunner.java:415)
at org.testng.SuiteRunner.run(SuiteRunner.java:364)
at org.testng.SuiteRunnerWorker.runSuite(SuiteRunnerWorker.java:52)
at org.testng.SuiteRunnerWorker.run(SuiteRunnerWorker.java:84)
at org.testng.TestNG.runSuitesSequentially(TestNG.java:1208)
at org.testng.TestNG.runSuitesLocally(TestNG.java:1137)
at org.testng.TestNG.runSuites(TestNG.java:1049)
at org.testng.TestNG.run(TestNG.java:1017)
at org.testng.remote.AbstractRemoteTestNG.run(AbstractRemoteTestNG.java:114)
at org.testng.remote.RemoteTestNG.initAndRun(RemoteTestNG.java:251)
at org.testng.remote.RemoteTestNG.main(RemoteTestNG.java:77)
]]>
            </full-stacktrace>
          </exception> <!-- org.openqa.selenium.NoSuchElementException -->
          <reporter-output>
          </reporter-output>
        </test-method> <!-- logOutApp -->
      </class> <!-- com.appium.DeviceScripts.SK_Tips_GeoLocation -->
    </test> <!-- SK_Tips_GeoLocation -->
    <test name="SK_Tips_Blank" duration-ms="140039" started-at="2019-09-23T05:46:36Z" finished-at="2019-09-23T05:48:56Z">
      <class name="com.appium.DeviceScripts.SK_Tips_Blank">
        <test-method status="PASS" signature="launchSafetyKuvrr()[pri:0, instance:com.appium.DeviceScripts.SK_Tips_Blank@12cdcf4]" name="launchSafetyKuvrr" is-config="true" duration-ms="30212" started-at="2019-09-23T05:46:36Z" finished-at="2019-09-23T05:47:06Z">
          <reporter-output>
          </reporter-output>
        </test-method> <!-- launchSafetyKuvrr -->
        <test-method status="PASS" signature="testTimerIncident()[pri:0, instance:com.appium.DeviceScripts.SK_Tips_Blank@12cdcf4]" name="testTimerIncident" duration-ms="102525" started-at="2019-09-23T05:47:06Z" finished-at="2019-09-23T05:48:48Z">
          <reporter-output>
          </reporter-output>
        </test-method> <!-- testTimerIncident -->
        <test-method status="PASS" signature="logOutApp()[pri:0, instance:com.appium.DeviceScripts.SK_Tips_Blank@12cdcf4]" name="logOutApp" is-config="true" duration-ms="7295" started-at="2019-09-23T05:48:48Z" finished-at="2019-09-23T05:48:56Z">
          <reporter-output>
          </reporter-output>
        </test-method> <!-- logOutApp -->
      </class> <!-- com.appium.DeviceScripts.SK_Tips_Blank -->
    </test> <!-- SK_Tips_Blank -->
    <test name="SK_AudioLocation_Incident" duration-ms="237462" started-at="2019-09-23T05:48:56Z" finished-at="2019-09-23T05:52:53Z">
      <class name="com.appium.DeviceScripts.SK_AudioLocation_Incident">
        <test-method status="PASS" signature="launchSafetyKuvrr()[pri:0, instance:com.appium.DeviceScripts.SK_AudioLocation_Incident@13c27452]" name="launchSafetyKuvrr" is-config="true" duration-ms="33398" started-at="2019-09-23T05:48:56Z" finished-at="2019-09-23T05:49:29Z">
          <reporter-output>
          </reporter-output>
        </test-method> <!-- launchSafetyKuvrr -->
        <test-method status="PASS" signature="Login()[pri:0, instance:com.appium.DeviceScripts.SK_AudioLocation_Incident@13c27452]" name="Login" is-config="true" duration-ms="81880" started-at="2019-09-23T05:49:29Z" finished-at="2019-09-23T05:50:51Z">
          <reporter-output>
          </reporter-output>
        </test-method> <!-- Login -->
        <test-method status="PASS" signature="verifyPhotoAudioIncident()[pri:0, instance:com.appium.DeviceScripts.SK_AudioLocation_Incident@13c27452]" name="verifyPhotoAudioIncident" duration-ms="113780" started-at="2019-09-23T05:50:51Z" finished-at="2019-09-23T05:52:45Z">
          <reporter-output>
          </reporter-output>
        </test-method> <!-- verifyPhotoAudioIncident -->
        <test-method status="PASS" signature="logOutApp()[pri:0, instance:com.appium.DeviceScripts.SK_AudioLocation_Incident@13c27452]" name="logOutApp" is-config="true" duration-ms="8401" started-at="2019-09-23T05:52:45Z" finished-at="2019-09-23T05:52:53Z">
          <reporter-output>
          </reporter-output>
        </test-method> <!-- logOutApp -->
      </class> <!-- com.appium.DeviceScripts.SK_AudioLocation_Incident -->
    </test> <!-- SK_AudioLocation_Incident -->
    <test name="SK_VideoLocation_Incident" duration-ms="283925" started-at="2019-09-23T05:52:53Z" finished-at="2019-09-23T05:57:37Z">
      <class name="com.appium.DeviceScripts.SK_VideoLocation_Incident">
        <test-method status="PASS" signature="launchSafetyKuvrr()[pri:0, instance:com.appium.DeviceScripts.SK_VideoLocation_Incident@3aeaafa6]" name="launchSafetyKuvrr" is-config="true" duration-ms="33815" started-at="2019-09-23T05:52:53Z" finished-at="2019-09-23T05:53:27Z">
          <reporter-output>
          </reporter-output>
        </test-method> <!-- launchSafetyKuvrr -->
        <test-method status="PASS" signature="Login()[pri:0, instance:com.appium.DeviceScripts.SK_VideoLocation_Incident@3aeaafa6]" name="Login" is-config="true" duration-ms="129522" started-at="2019-09-23T05:53:27Z" finished-at="2019-09-23T05:55:37Z">
          <reporter-output>
          </reporter-output>
        </test-method> <!-- Login -->
        <test-method status="FAIL" signature="verifyPhotoAudioIncident()[pri:0, instance:com.appium.DeviceScripts.SK_VideoLocation_Incident@3aeaafa6]" name="verifyPhotoAudioIncident" duration-ms="60333" started-at="2019-09-23T05:55:37Z" finished-at="2019-09-23T05:56:37Z">
          <exception class="org.openqa.selenium.NoSuchElementException">
            <message>
              <![CDATA[An element could not be located on the page using the given search parameters.
For documentation on this error, please visit: https://www.seleniumhq.org/exceptions/no_such_element.html
Build info: version: '3.141.59', revision: 'e82be7d358', time: '2018-11-14T08:17:03'
System info: host: 'CHANDAN', ip: '192.168.0.5', os.name: 'Windows 10', os.arch: 'amd64', os.version: '10.0', java.version: '1.8.0_161'
Driver info: io.appium.java_client.android.AndroidDriver
Capabilities {appActivity: com.safety.armourgrid.activ..., appPackage: com.safety.armourgrid, databaseEnabled: false, desired: {appActivity: com.safety.armourgrid.activ..., appPackage: com.safety.armourgrid, deviceName: K9 VIRAAT_4G, newCommandTimeout: 600, platformName: android, platformVersion: 6.0, udid: DQTKDYTGKRWOONPR}, deviceManufacturer: Karbonn, deviceModel: K9 VIRAAT 4G, deviceName: DQTKDYTGKRWOONPR, deviceScreenSize: 720x1280, deviceUDID: DQTKDYTGKRWOONPR, javascriptEnabled: true, locationContextEnabled: false, networkConnectionEnabled: true, newCommandTimeout: 600, platform: LINUX, platformName: Android, platformVersion: 6.0, takesScreenshot: true, udid: DQTKDYTGKRWOONPR, warnings: {}, webStorageEnabled: false}
Session ID: 30886291-24eb-4f98-87b3-3ba4594a8ce6
*** Element info: {Using=-android uiautomator, value=new UiScrollable(new UiSelector().scrollable(true).instance(0)).scrollIntoView(new UiSelector().textContains("Incident Options").instance(0))}]]>
            </message>
            <full-stacktrace>
              <![CDATA[org.openqa.selenium.NoSuchElementException: An element could not be located on the page using the given search parameters.
For documentation on this error, please visit: https://www.seleniumhq.org/exceptions/no_such_element.html
Build info: version: '3.141.59', revision: 'e82be7d358', time: '2018-11-14T08:17:03'
System info: host: 'CHANDAN', ip: '192.168.0.5', os.name: 'Windows 10', os.arch: 'amd64', os.version: '10.0', java.version: '1.8.0_161'
Driver info: io.appium.java_client.android.AndroidDriver
Capabilities {appActivity: com.safety.armourgrid.activ..., appPackage: com.safety.armourgrid, databaseEnabled: false, desired: {appActivity: com.safety.armourgrid.activ..., appPackage: com.safety.armourgrid, deviceName: K9 VIRAAT_4G, newCommandTimeout: 600, platformName: android, platformVersion: 6.0, udid: DQTKDYTGKRWOONPR}, deviceManufacturer: Karbonn, deviceModel: K9 VIRAAT 4G, deviceName: DQTKDYTGKRWOONPR, deviceScreenSize: 720x1280, deviceUDID: DQTKDYTGKRWOONPR, javascriptEnabled: true, locationContextEnabled: false, networkConnectionEnabled: true, newCommandTimeout: 600, platform: LINUX, platformName: Android, platformVersion: 6.0, takesScreenshot: true, udid: DQTKDYTGKRWOONPR, warnings: {}, webStorageEnabled: false}
Session ID: 30886291-24eb-4f98-87b3-3ba4594a8ce6
*** Element info: {Using=-android uiautomator, value=new UiScrollable(new UiSelector().scrollable(true).instance(0)).scrollIntoView(new UiSelector().textContains("Incident Options").instance(0))}
at sun.reflect.GeneratedConstructorAccessor59.newInstance(Unknown Source)
at sun.reflect.DelegatingConstructorAccessorImpl.newInstance(DelegatingConstructorAccessorImpl.java:45)
at java.lang.reflect.Constructor.newInstance(Constructor.java:423)
at org.openqa.selenium.remote.http.W3CHttpResponseCodec.createException(W3CHttpResponseCodec.java:187)
at org.openqa.selenium.remote.http.W3CHttpResponseCodec.decode(W3CHttpResponseCodec.java:122)
at org.openqa.selenium.remote.http.W3CHttpResponseCodec.decode(W3CHttpResponseCodec.java:49)
at org.openqa.selenium.remote.HttpCommandExecutor.execute(HttpCommandExecutor.java:158)
at io.appium.java_client.remote.AppiumCommandExecutor.execute(AppiumCommandExecutor.java:231)
at org.openqa.selenium.remote.RemoteWebDriver.execute(RemoteWebDriver.java:552)
at io.appium.java_client.DefaultGenericMobileDriver.execute(DefaultGenericMobileDriver.java:42)
at io.appium.java_client.AppiumDriver.execute(AppiumDriver.java:1)
at io.appium.java_client.android.AndroidDriver.execute(AndroidDriver.java:1)
at org.openqa.selenium.remote.RemoteWebDriver.findElement(RemoteWebDriver.java:323)
at io.appium.java_client.DefaultGenericMobileDriver.findElement(DefaultGenericMobileDriver.java:62)
at io.appium.java_client.AppiumDriver.findElement(AppiumDriver.java:1)
at io.appium.java_client.android.AndroidDriver.findElement(AndroidDriver.java:1)
at io.appium.java_client.FindsByAndroidUIAutomator.findElementByAndroidUIAutomator(FindsByAndroidUIAutomator.java:38)
at com.appium.commonutils.Base.scrolltoElement(Base.java:199)
at com.appium.bussinessLogic.SK_SettingsBL.SelectOptionIncident(SK_SettingsBL.java:30)
at com.appium.DeviceScripts.SK_VideoLocation_Incident.verifyPhotoAudioIncident(SK_VideoLocation_Incident.java:66)
at sun.reflect.NativeMethodAccessorImpl.invoke0(Native Method)
at sun.reflect.NativeMethodAccessorImpl.invoke(NativeMethodAccessorImpl.java:62)
at sun.reflect.DelegatingMethodAccessorImpl.invoke(DelegatingMethodAccessorImpl.java:43)
at java.lang.reflect.Method.invoke(Method.java:498)
at org.testng.internal.MethodInvocationHelper.invokeMethod(MethodInvocationHelper.java:124)
at org.testng.internal.Invoker.invokeMethod(Invoker.java:583)
at org.testng.internal.Invoker.invokeTestMethod(Invoker.java:719)
at org.testng.internal.Invoker.invokeTestMethods(Invoker.java:989)
at org.testng.internal.TestMethodWorker.invokeTestMethods(TestMethodWorker.java:125)
at org.testng.internal.TestMethodWorker.run(TestMethodWorker.java:109)
at org.testng.TestRunner.privateRun(TestRunner.java:648)
at org.testng.TestRunner.run(TestRunner.java:505)
at org.testng.SuiteRunner.runTest(SuiteRunner.java:455)
at org.testng.SuiteRunner.runSequentially(SuiteRunner.java:450)
at org.testng.SuiteRunner.privateRun(SuiteRunner.java:415)
at org.testng.SuiteRunner.run(SuiteRunner.java:364)
at org.testng.SuiteRunnerWorker.runSuite(SuiteRunnerWorker.java:52)
at org.testng.SuiteRunnerWorker.run(SuiteRunnerWorker.java:84)
at org.testng.TestNG.runSuitesSequentially(TestNG.java:1208)
at org.testng.TestNG.runSuitesLocally(TestNG.java:1137)
at org.testng.TestNG.runSuites(TestNG.java:1049)
at org.testng.TestNG.run(TestNG.java:1017)
at org.testng.remote.AbstractRemoteTestNG.run(AbstractRemoteTestNG.java:114)
at org.testng.remote.RemoteTestNG.initAndRun(RemoteTestNG.java:251)
at org.testng.remote.RemoteTestNG.main(RemoteTestNG.java:77)
]]>
            </full-stacktrace>
          </exception> <!-- org.openqa.selenium.NoSuchElementException -->
          <reporter-output>
          </reporter-output>
        </test-method> <!-- verifyPhotoAudioIncident -->
        <test-method status="FAIL" signature="logOutApp()[pri:0, instance:com.appium.DeviceScripts.SK_VideoLocation_Incident@3aeaafa6]" name="logOutApp" is-config="true" duration-ms="60245" started-at="2019-09-23T05:56:37Z" finished-at="2019-09-23T05:57:37Z">
          <exception class="org.openqa.selenium.NoSuchElementException">
            <message>
              <![CDATA[An element could not be located on the page using the given search parameters.
For documentation on this error, please visit: https://www.seleniumhq.org/exceptions/no_such_element.html
Build info: version: '3.141.59', revision: 'e82be7d358', time: '2018-11-14T08:17:03'
System info: host: 'CHANDAN', ip: '192.168.0.5', os.name: 'Windows 10', os.arch: 'amd64', os.version: '10.0', java.version: '1.8.0_161'
Driver info: io.appium.java_client.android.AndroidDriver
Capabilities {appActivity: com.safety.armourgrid.activ..., appPackage: com.safety.armourgrid, databaseEnabled: false, desired: {appActivity: com.safety.armourgrid.activ..., appPackage: com.safety.armourgrid, deviceName: K9 VIRAAT_4G, newCommandTimeout: 600, platformName: android, platformVersion: 6.0, udid: DQTKDYTGKRWOONPR}, deviceManufacturer: Karbonn, deviceModel: K9 VIRAAT 4G, deviceName: DQTKDYTGKRWOONPR, deviceScreenSize: 720x1280, deviceUDID: DQTKDYTGKRWOONPR, javascriptEnabled: true, locationContextEnabled: false, networkConnectionEnabled: true, newCommandTimeout: 600, platform: LINUX, platformName: Android, platformVersion: 6.0, takesScreenshot: true, udid: DQTKDYTGKRWOONPR, warnings: {}, webStorageEnabled: false}
Session ID: 30886291-24eb-4f98-87b3-3ba4594a8ce6
*** Element info: {Using=-android uiautomator, value=new UiScrollable(new UiSelector().scrollable(true).instance(0)).scrollIntoView(new UiSelector().textContains("Logout").instance(0))}]]>
            </message>
            <full-stacktrace>
              <![CDATA[org.openqa.selenium.NoSuchElementException: An element could not be located on the page using the given search parameters.
For documentation on this error, please visit: https://www.seleniumhq.org/exceptions/no_such_element.html
Build info: version: '3.141.59', revision: 'e82be7d358', time: '2018-11-14T08:17:03'
System info: host: 'CHANDAN', ip: '192.168.0.5', os.name: 'Windows 10', os.arch: 'amd64', os.version: '10.0', java.version: '1.8.0_161'
Driver info: io.appium.java_client.android.AndroidDriver
Capabilities {appActivity: com.safety.armourgrid.activ..., appPackage: com.safety.armourgrid, databaseEnabled: false, desired: {appActivity: com.safety.armourgrid.activ..., appPackage: com.safety.armourgrid, deviceName: K9 VIRAAT_4G, newCommandTimeout: 600, platformName: android, platformVersion: 6.0, udid: DQTKDYTGKRWOONPR}, deviceManufacturer: Karbonn, deviceModel: K9 VIRAAT 4G, deviceName: DQTKDYTGKRWOONPR, deviceScreenSize: 720x1280, deviceUDID: DQTKDYTGKRWOONPR, javascriptEnabled: true, locationContextEnabled: false, networkConnectionEnabled: true, newCommandTimeout: 600, platform: LINUX, platformName: Android, platformVersion: 6.0, takesScreenshot: true, udid: DQTKDYTGKRWOONPR, warnings: {}, webStorageEnabled: false}
Session ID: 30886291-24eb-4f98-87b3-3ba4594a8ce6
*** Element info: {Using=-android uiautomator, value=new UiScrollable(new UiSelector().scrollable(true).instance(0)).scrollIntoView(new UiSelector().textContains("Logout").instance(0))}
at sun.reflect.GeneratedConstructorAccessor59.newInstance(Unknown Source)
at sun.reflect.DelegatingConstructorAccessorImpl.newInstance(DelegatingConstructorAccessorImpl.java:45)
at java.lang.reflect.Constructor.newInstance(Constructor.java:423)
at org.openqa.selenium.remote.http.W3CHttpResponseCodec.createException(W3CHttpResponseCodec.java:187)
at org.openqa.selenium.remote.http.W3CHttpResponseCodec.decode(W3CHttpResponseCodec.java:122)
at org.openqa.selenium.remote.http.W3CHttpResponseCodec.decode(W3CHttpResponseCodec.java:49)
at org.openqa.selenium.remote.HttpCommandExecutor.execute(HttpCommandExecutor.java:158)
at io.appium.java_client.remote.AppiumCommandExecutor.execute(AppiumCommandExecutor.java:231)
at org.openqa.selenium.remote.RemoteWebDriver.execute(RemoteWebDriver.java:552)
at io.appium.java_client.DefaultGenericMobileDriver.execute(DefaultGenericMobileDriver.java:42)
at io.appium.java_client.AppiumDriver.execute(AppiumDriver.java:1)
at io.appium.java_client.android.AndroidDriver.execute(AndroidDriver.java:1)
at org.openqa.selenium.remote.RemoteWebDriver.findElement(RemoteWebDriver.java:323)
at io.appium.java_client.DefaultGenericMobileDriver.findElement(DefaultGenericMobileDriver.java:62)
at io.appium.java_client.AppiumDriver.findElement(AppiumDriver.java:1)
at io.appium.java_client.android.AndroidDriver.findElement(AndroidDriver.java:1)
at io.appium.java_client.FindsByAndroidUIAutomator.findElementByAndroidUIAutomator(FindsByAndroidUIAutomator.java:38)
at com.appium.commonutils.Base.scrolltoElement(Base.java:199)
at com.appium.bussinessLogic.SK_SettingsBL.selectOptionLogOut(SK_SettingsBL.java:10)
at com.appium.DeviceScripts.SK_VideoLocation_Incident.logOutApp(SK_VideoLocation_Incident.java:85)
at sun.reflect.NativeMethodAccessorImpl.invoke0(Native Method)
at sun.reflect.NativeMethodAccessorImpl.invoke(NativeMethodAccessorImpl.java:62)
at sun.reflect.DelegatingMethodAccessorImpl.invoke(DelegatingMethodAccessorImpl.java:43)
at java.lang.reflect.Method.invoke(Method.java:498)
at org.testng.internal.MethodInvocationHelper.invokeMethod(MethodInvocationHelper.java:124)
at org.testng.internal.MethodInvocationHelper.invokeMethodConsideringTimeout(MethodInvocationHelper.java:59)
at org.testng.internal.Invoker.invokeConfigurationMethod(Invoker.java:458)
at org.testng.internal.Invoker.invokeConfigurations(Invoker.java:222)
at org.testng.internal.Invoker.invokeMethod(Invoker.java:646)
at org.testng.internal.Invoker.invokeTestMethod(Invoker.java:719)
at org.testng.internal.Invoker.invokeTestMethods(Invoker.java:989)
at org.testng.internal.TestMethodWorker.invokeTestMethods(TestMethodWorker.java:125)
at org.testng.internal.TestMethodWorker.run(TestMethodWorker.java:109)
at org.testng.TestRunner.privateRun(TestRunner.java:648)
at org.testng.TestRunner.run(TestRunner.java:505)
at org.testng.SuiteRunner.runTest(SuiteRunner.java:455)
at org.testng.SuiteRunner.runSequentially(SuiteRunner.java:450)
at org.testng.SuiteRunner.privateRun(SuiteRunner.java:415)
at org.testng.SuiteRunner.run(SuiteRunner.java:364)
at org.testng.SuiteRunnerWorker.runSuite(SuiteRunnerWorker.java:52)
at org.testng.SuiteRunnerWorker.run(SuiteRunnerWorker.java:84)
at org.testng.TestNG.runSuitesSequentially(TestNG.java:1208)
at org.testng.TestNG.runSuitesLocally(TestNG.java:1137)
at org.testng.TestNG.runSuites(TestNG.java:1049)
at org.testng.TestNG.run(TestNG.java:1017)
at org.testng.remote.AbstractRemoteTestNG.run(AbstractRemoteTestNG.java:114)
at org.testng.remote.RemoteTestNG.initAndRun(RemoteTestNG.java:251)
at org.testng.remote.RemoteTestNG.main(RemoteTestNG.java:77)
]]>
            </full-stacktrace>
          </exception> <!-- org.openqa.selenium.NoSuchElementException -->
          <reporter-output>
          </reporter-output>
        </test-method> <!-- logOutApp -->
      </class> <!-- com.appium.DeviceScripts.SK_VideoLocation_Incident -->
    </test> <!-- SK_VideoLocation_Incident -->
    <test name="SK_Timer_Incident" duration-ms="496806" started-at="2019-09-23T05:57:37Z" finished-at="2019-09-23T06:05:54Z">
      <class name="com.appium.DeviceScripts.SK_Timer_Incident">
        <test-method status="PASS" signature="launchSafetyKuvrr()[pri:0, instance:com.appium.DeviceScripts.SK_Timer_Incident@612679d6]" name="launchSafetyKuvrr" is-config="true" duration-ms="32742" started-at="2019-09-23T05:57:37Z" finished-at="2019-09-23T05:58:10Z">
          <reporter-output>
          </reporter-output>
        </test-method> <!-- launchSafetyKuvrr -->
        <test-method status="PASS" signature="loginApp()[pri:0, instance:com.appium.DeviceScripts.SK_Timer_Incident@612679d6]" name="loginApp" is-config="true" duration-ms="79961" started-at="2019-09-23T05:58:10Z" finished-at="2019-09-23T05:59:30Z">
          <reporter-output>
          </reporter-output>
        </test-method> <!-- loginApp -->
        <test-method status="PASS" signature="testTimerIncident()[pri:0, instance:com.appium.DeviceScripts.SK_Timer_Incident@612679d6]" name="testTimerIncident" duration-ms="375091" started-at="2019-09-23T05:59:30Z" finished-at="2019-09-23T06:05:45Z">
          <reporter-output>
          </reporter-output>
        </test-method> <!-- testTimerIncident -->
        <test-method status="PASS" signature="logOutApp()[pri:0, instance:com.appium.DeviceScripts.SK_Timer_Incident@612679d6]" name="logOutApp" is-config="true" duration-ms="9009" started-at="2019-09-23T06:05:45Z" finished-at="2019-09-23T06:05:54Z">
          <reporter-output>
          </reporter-output>
        </test-method> <!-- logOutApp -->
      </class> <!-- com.appium.DeviceScripts.SK_Timer_Incident -->
    </test> <!-- SK_Timer_Incident -->
    <test name="SK_EditProfile" duration-ms="200101" started-at="2019-09-23T06:05:54Z" finished-at="2019-09-23T06:09:14Z">
      <class name="com.appium.DeviceScripts.SK_EditProfile">
        <test-method status="PASS" signature="launchApp()[pri:0, instance:com.appium.DeviceScripts.SK_EditProfile@4a87761d]" name="launchApp" is-config="true" duration-ms="31712" started-at="2019-09-23T06:05:54Z" finished-at="2019-09-23T06:06:26Z">
          <reporter-output>
          </reporter-output>
        </test-method> <!-- launchApp -->
        <test-method status="PASS" signature="Login()[pri:0, instance:com.appium.DeviceScripts.SK_EditProfile@4a87761d]" name="Login" is-config="true" duration-ms="75575" started-at="2019-09-23T06:06:26Z" finished-at="2019-09-23T06:07:41Z">
          <reporter-output>
          </reporter-output>
        </test-method> <!-- Login -->
        <test-method status="PASS" signature="Profile()[pri:0, instance:com.appium.DeviceScripts.SK_EditProfile@4a87761d]" name="Profile" duration-ms="47210" started-at="2019-09-23T06:07:41Z" finished-at="2019-09-23T06:08:28Z">
          <reporter-output>
          </reporter-output>
        </test-method> <!-- Profile -->
        <test-method status="FAIL" signature="logOutApp()[pri:0, instance:com.appium.DeviceScripts.SK_EditProfile@4a87761d]" name="logOutApp" is-config="true" duration-ms="45595" started-at="2019-09-23T06:08:28Z" finished-at="2019-09-23T06:09:14Z">
          <exception class="org.openqa.selenium.NoSuchElementException">
            <message>
              <![CDATA[An element could not be located on the page using the given search parameters.
For documentation on this error, please visit: https://www.seleniumhq.org/exceptions/no_such_element.html
Build info: version: '3.141.59', revision: 'e82be7d358', time: '2018-11-14T08:17:03'
System info: host: 'CHANDAN', ip: '192.168.0.5', os.name: 'Windows 10', os.arch: 'amd64', os.version: '10.0', java.version: '1.8.0_161'
Driver info: io.appium.java_client.android.AndroidDriver
Capabilities {appActivity: com.safety.armourgrid.activ..., appPackage: com.safety.armourgrid, databaseEnabled: false, desired: {appActivity: com.safety.armourgrid.activ..., appPackage: com.safety.armourgrid, deviceName: K9 VIRAAT_4G, newCommandTimeout: 600, platformName: android, platformVersion: 6.0, udid: DQTKDYTGKRWOONPR}, deviceManufacturer: Karbonn, deviceModel: K9 VIRAAT 4G, deviceName: DQTKDYTGKRWOONPR, deviceScreenSize: 720x1280, deviceUDID: DQTKDYTGKRWOONPR, javascriptEnabled: true, locationContextEnabled: false, networkConnectionEnabled: true, newCommandTimeout: 600, platform: LINUX, platformName: Android, platformVersion: 6.0, takesScreenshot: true, udid: DQTKDYTGKRWOONPR, warnings: {}, webStorageEnabled: false}
Session ID: 490595ad-333b-4932-8f11-ca04da08c2a8
*** Element info: {Using=-android uiautomator, value=new UiScrollable(new UiSelector().scrollable(true).instance(0)).scrollIntoView(new UiSelector().textContains("Logout").instance(0))}]]>
            </message>
            <full-stacktrace>
              <![CDATA[org.openqa.selenium.NoSuchElementException: An element could not be located on the page using the given search parameters.
For documentation on this error, please visit: https://www.seleniumhq.org/exceptions/no_such_element.html
Build info: version: '3.141.59', revision: 'e82be7d358', time: '2018-11-14T08:17:03'
System info: host: 'CHANDAN', ip: '192.168.0.5', os.name: 'Windows 10', os.arch: 'amd64', os.version: '10.0', java.version: '1.8.0_161'
Driver info: io.appium.java_client.android.AndroidDriver
Capabilities {appActivity: com.safety.armourgrid.activ..., appPackage: com.safety.armourgrid, databaseEnabled: false, desired: {appActivity: com.safety.armourgrid.activ..., appPackage: com.safety.armourgrid, deviceName: K9 VIRAAT_4G, newCommandTimeout: 600, platformName: android, platformVersion: 6.0, udid: DQTKDYTGKRWOONPR}, deviceManufacturer: Karbonn, deviceModel: K9 VIRAAT 4G, deviceName: DQTKDYTGKRWOONPR, deviceScreenSize: 720x1280, deviceUDID: DQTKDYTGKRWOONPR, javascriptEnabled: true, locationContextEnabled: false, networkConnectionEnabled: true, newCommandTimeout: 600, platform: LINUX, platformName: Android, platformVersion: 6.0, takesScreenshot: true, udid: DQTKDYTGKRWOONPR, warnings: {}, webStorageEnabled: false}
Session ID: 490595ad-333b-4932-8f11-ca04da08c2a8
*** Element info: {Using=-android uiautomator, value=new UiScrollable(new UiSelector().scrollable(true).instance(0)).scrollIntoView(new UiSelector().textContains("Logout").instance(0))}
at sun.reflect.GeneratedConstructorAccessor59.newInstance(Unknown Source)
at sun.reflect.DelegatingConstructorAccessorImpl.newInstance(DelegatingConstructorAccessorImpl.java:45)
at java.lang.reflect.Constructor.newInstance(Constructor.java:423)
at org.openqa.selenium.remote.http.W3CHttpResponseCodec.createException(W3CHttpResponseCodec.java:187)
at org.openqa.selenium.remote.http.W3CHttpResponseCodec.decode(W3CHttpResponseCodec.java:122)
at org.openqa.selenium.remote.http.W3CHttpResponseCodec.decode(W3CHttpResponseCodec.java:49)
at org.openqa.selenium.remote.HttpCommandExecutor.execute(HttpCommandExecutor.java:158)
at io.appium.java_client.remote.AppiumCommandExecutor.execute(AppiumCommandExecutor.java:231)
at org.openqa.selenium.remote.RemoteWebDriver.execute(RemoteWebDriver.java:552)
at io.appium.java_client.DefaultGenericMobileDriver.execute(DefaultGenericMobileDriver.java:42)
at io.appium.java_client.AppiumDriver.execute(AppiumDriver.java:1)
at io.appium.java_client.android.AndroidDriver.execute(AndroidDriver.java:1)
at org.openqa.selenium.remote.RemoteWebDriver.findElement(RemoteWebDriver.java:323)
at io.appium.java_client.DefaultGenericMobileDriver.findElement(DefaultGenericMobileDriver.java:62)
at io.appium.java_client.AppiumDriver.findElement(AppiumDriver.java:1)
at io.appium.java_client.android.AndroidDriver.findElement(AndroidDriver.java:1)
at io.appium.java_client.FindsByAndroidUIAutomator.findElementByAndroidUIAutomator(FindsByAndroidUIAutomator.java:38)
at com.appium.commonutils.Base.scrolltoElement(Base.java:199)
at com.appium.bussinessLogic.SK_SettingsBL.selectOptionLogOut(SK_SettingsBL.java:10)
at com.appium.DeviceScripts.SK_EditProfile.logOutApp(SK_EditProfile.java:84)
at sun.reflect.NativeMethodAccessorImpl.invoke0(Native Method)
at sun.reflect.NativeMethodAccessorImpl.invoke(NativeMethodAccessorImpl.java:62)
at sun.reflect.DelegatingMethodAccessorImpl.invoke(DelegatingMethodAccessorImpl.java:43)
at java.lang.reflect.Method.invoke(Method.java:498)
at org.testng.internal.MethodInvocationHelper.invokeMethod(MethodInvocationHelper.java:124)
at org.testng.internal.MethodInvocationHelper.invokeMethodConsideringTimeout(MethodInvocationHelper.java:59)
at org.testng.internal.Invoker.invokeConfigurationMethod(Invoker.java:458)
at org.testng.internal.Invoker.invokeConfigurations(Invoker.java:222)
at org.testng.internal.Invoker.invokeMethod(Invoker.java:646)
at org.testng.internal.Invoker.invokeTestMethod(Invoker.java:719)
at org.testng.internal.Invoker.invokeTestMethods(Invoker.java:989)
at org.testng.internal.TestMethodWorker.invokeTestMethods(TestMethodWorker.java:125)
at org.testng.internal.TestMethodWorker.run(TestMethodWorker.java:109)
at org.testng.TestRunner.privateRun(TestRunner.java:648)
at org.testng.TestRunner.run(TestRunner.java:505)
at org.testng.SuiteRunner.runTest(SuiteRunner.java:455)
at org.testng.SuiteRunner.runSequentially(SuiteRunner.java:450)
at org.testng.SuiteRunner.privateRun(SuiteRunner.java:415)
at org.testng.SuiteRunner.run(SuiteRunner.java:364)
at org.testng.SuiteRunnerWorker.runSuite(SuiteRunnerWorker.java:52)
at org.testng.SuiteRunnerWorker.run(SuiteRunnerWorker.java:84)
at org.testng.TestNG.runSuitesSequentially(TestNG.java:1208)
at org.testng.TestNG.runSuitesLocally(TestNG.java:1137)
at org.testng.TestNG.runSuites(TestNG.java:1049)
at org.testng.TestNG.run(TestNG.java:1017)
at org.testng.remote.AbstractRemoteTestNG.run(AbstractRemoteTestNG.java:114)
at org.testng.remote.RemoteTestNG.initAndRun(RemoteTestNG.java:251)
at org.testng.remote.RemoteTestNG.main(RemoteTestNG.java:77)
]]>
            </full-stacktrace>
          </exception> <!-- org.openqa.selenium.NoSuchElementException -->
          <reporter-output>
          </reporter-output>
        </test-method> <!-- logOutApp -->
      </class> <!-- com.appium.DeviceScripts.SK_EditProfile -->
    </test> <!-- SK_EditProfile -->
  </suite> <!-- Suite -->
</testng-results>
