<?xml version="1.0" encoding="UTF-8"?>
<testng-results skipped="0" failed="0" ignored="0" total="1" passed="1">
  <reporter-output>
  </reporter-output>
  <suite name="Default suite" duration-ms="140661" started-at="2020-06-22T11:42:50Z" finished-at="2020-06-22T11:45:11Z">
    <groups>
    </groups>
    <test name="Default test" duration-ms="140661" started-at="2020-06-22T11:42:50Z" finished-at="2020-06-22T11:45:11Z">
      <class name="com.appium.DeviceScripts.SK_EditProfile">
        <test-method status="PASS" signature="launchApp()[pri:0, instance:com.appium.DeviceScripts.SK_EditProfile@2bbf4b8b]" name="launchApp" is-config="true" duration-ms="15038" started-at="2020-06-22T11:42:50Z" finished-at="2020-06-22T11:43:06Z">
          <reporter-output>
          </reporter-output>
        </test-method> <!-- launchApp -->
        <test-method status="PASS" signature="Profile()[pri:0, instance:com.appium.DeviceScripts.SK_EditProfile@2bbf4b8b]" name="Profile" duration-ms="125575" started-at="2020-06-22T11:43:06Z" finished-at="2020-06-22T11:45:11Z">
          <reporter-output>
          </reporter-output>
        </test-method> <!-- Profile -->
        <test-method status="PASS" signature="logOutApp()[pri:0, instance:com.appium.DeviceScripts.SK_EditProfile@2bbf4b8b]" name="logOutApp" is-config="true" duration-ms="0" started-at="2020-06-22T11:45:11Z" finished-at="2020-06-22T11:45:11Z">
          <reporter-output>
          </reporter-output>
        </test-method> <!-- logOutApp -->
      </class> <!-- com.appium.DeviceScripts.SK_EditProfile -->
    </test> <!-- Default test -->
  </suite> <!-- Default suite -->
</testng-results>
