<?xml version="1.0" encoding="UTF-8"?>
<testng-results skipped="0" failed="0" ignored="0" total="3" passed="3">
  <reporter-output>
  </reporter-output>
  <suite name="Suite" duration-ms="844466" started-at="2019-08-29T12:47:09Z" finished-at="2019-08-29T13:01:13Z">
    <groups>
    </groups>
    <test name="SK_Tips_Anonymous" duration-ms="176053" started-at="2019-08-29T12:47:09Z" finished-at="2019-08-29T12:50:05Z">
      <class name="com.appium.DeviceScripts.SK_Tips_Anonymous">
        <test-method status="PASS" signature="launchSafetyKuvrr()[pri:0, instance:com.appium.DeviceScripts.SK_Tips_Anonymous@57e1b0c]" name="launchSafetyKuvrr" is-config="true" duration-ms="39981" started-at="2019-08-29T12:47:09Z" finished-at="2019-08-29T12:47:49Z">
          <reporter-output>
          </reporter-output>
        </test-method> <!-- launchSafetyKuvrr -->
        <test-method status="PASS" signature="testTimerIncident()[pri:0, instance:com.appium.DeviceScripts.SK_Tips_Anonymous@57e1b0c]" name="testTimerIncident" duration-ms="129079" started-at="2019-08-29T12:47:49Z" finished-at="2019-08-29T12:49:58Z">
          <reporter-output>
          </reporter-output>
        </test-method> <!-- testTimerIncident -->
        <test-method status="PASS" signature="logOutApp()[pri:0, instance:com.appium.DeviceScripts.SK_Tips_Anonymous@57e1b0c]" name="logOutApp" is-config="true" duration-ms="6952" started-at="2019-08-29T12:49:58Z" finished-at="2019-08-29T12:50:05Z">
          <reporter-output>
          </reporter-output>
        </test-method> <!-- logOutApp -->
      </class> <!-- com.appium.DeviceScripts.SK_Tips_Anonymous -->
    </test> <!-- SK_Tips_Anonymous -->
    <test name="SK_Tips_GeoLocation" duration-ms="171904" started-at="2019-08-29T12:50:05Z" finished-at="2019-08-29T12:52:57Z">
      <class name="com.appium.DeviceScripts.SK_Tips_GeoLocation">
        <test-method status="PASS" signature="launchSafetyKuvrr()[pri:0, instance:com.appium.DeviceScripts.SK_Tips_GeoLocation@2353b3e6]" name="launchSafetyKuvrr" is-config="true" duration-ms="37067" started-at="2019-08-29T12:50:05Z" finished-at="2019-08-29T12:50:42Z">
          <reporter-output>
          </reporter-output>
        </test-method> <!-- launchSafetyKuvrr -->
        <test-method status="PASS" signature="testTimerIncident()[pri:0, instance:com.appium.DeviceScripts.SK_Tips_GeoLocation@2353b3e6]" name="testTimerIncident" duration-ms="127796" started-at="2019-08-29T12:50:42Z" finished-at="2019-08-29T12:52:50Z">
          <reporter-output>
          </reporter-output>
        </test-method> <!-- testTimerIncident -->
        <test-method status="PASS" signature="logOutApp()[pri:0, instance:com.appium.DeviceScripts.SK_Tips_GeoLocation@2353b3e6]" name="logOutApp" is-config="true" duration-ms="7037" started-at="2019-08-29T12:52:50Z" finished-at="2019-08-29T12:52:57Z">
          <reporter-output>
          </reporter-output>
        </test-method> <!-- logOutApp -->
      </class> <!-- com.appium.DeviceScripts.SK_Tips_GeoLocation -->
    </test> <!-- SK_Tips_GeoLocation -->
    <test name="SK_Timer_Incident" duration-ms="496487" started-at="2019-08-29T12:52:57Z" finished-at="2019-08-29T13:01:13Z">
      <class name="com.appium.DeviceScripts.SK_Timer_Incident">
        <test-method status="PASS" signature="launchSafetyKuvrr()[pri:0, instance:com.appium.DeviceScripts.SK_Timer_Incident@1d8d30f7]" name="launchSafetyKuvrr" is-config="true" duration-ms="36103" started-at="2019-08-29T12:52:57Z" finished-at="2019-08-29T12:53:33Z">
          <reporter-output>
          </reporter-output>
        </test-method> <!-- launchSafetyKuvrr -->
        <test-method status="PASS" signature="loginApp()[pri:0, instance:com.appium.DeviceScripts.SK_Timer_Incident@1d8d30f7]" name="loginApp" is-config="true" duration-ms="75728" started-at="2019-08-29T12:53:33Z" finished-at="2019-08-29T12:54:49Z">
          <reporter-output>
          </reporter-output>
        </test-method> <!-- loginApp -->
        <test-method status="PASS" signature="testTimerIncident()[pri:0, instance:com.appium.DeviceScripts.SK_Timer_Incident@1d8d30f7]" name="testTimerIncident" duration-ms="377008" started-at="2019-08-29T12:54:49Z" finished-at="2019-08-29T13:01:06Z">
          <reporter-output>
          </reporter-output>
        </test-method> <!-- testTimerIncident -->
        <test-method status="PASS" signature="logOutApp()[pri:0, instance:com.appium.DeviceScripts.SK_Timer_Incident@1d8d30f7]" name="logOutApp" is-config="true" duration-ms="7644" started-at="2019-08-29T13:01:06Z" finished-at="2019-08-29T13:01:13Z">
          <reporter-output>
          </reporter-output>
        </test-method> <!-- logOutApp -->
      </class> <!-- com.appium.DeviceScripts.SK_Timer_Incident -->
    </test> <!-- SK_Timer_Incident -->
  </suite> <!-- Suite -->
</testng-results>
