<?xml version="1.0" encoding="UTF-8"?>
<testng-results skipped="0" failed="0" ignored="0" total="1" passed="1">
  <reporter-output>
  </reporter-output>
  <suite name="Default suite" duration-ms="227151" started-at="2019-08-31T11:38:20Z" finished-at="2019-08-31T11:42:07Z">
    <groups>
    </groups>
    <test name="Default test" duration-ms="227151" started-at="2019-08-31T11:38:20Z" finished-at="2019-08-31T11:42:07Z">
      <class name="com.appium.DeviceScripts.SK_VideoLocation_Incident">
        <test-method status="PASS" signature="launchSafetyKuvrr()[pri:0, instance:com.appium.DeviceScripts.SK_VideoLocation_Incident@1877ab81]" name="launchSafetyKuvrr" is-config="true" duration-ms="33280" started-at="2019-08-31T11:38:20Z" finished-at="2019-08-31T11:38:53Z">
          <reporter-output>
          </reporter-output>
        </test-method> <!-- launchSafetyKuvrr -->
        <test-method status="PASS" signature="Login()[pri:0, instance:com.appium.DeviceScripts.SK_VideoLocation_Incident@1877ab81]" name="Login" is-config="true" duration-ms="72805" started-at="2019-08-31T11:38:53Z" finished-at="2019-08-31T11:40:06Z">
          <reporter-output>
          </reporter-output>
        </test-method> <!-- Login -->
        <test-method status="PASS" signature="verifyPhotoAudioIncident()[pri:0, instance:com.appium.DeviceScripts.SK_VideoLocation_Incident@1877ab81]" name="verifyPhotoAudioIncident" duration-ms="112079" started-at="2019-08-31T11:40:06Z" finished-at="2019-08-31T11:41:58Z">
          <reporter-output>
          </reporter-output>
        </test-method> <!-- verifyPhotoAudioIncident -->
        <test-method status="PASS" signature="logOutApp()[pri:0, instance:com.appium.DeviceScripts.SK_VideoLocation_Incident@1877ab81]" name="logOutApp" is-config="true" duration-ms="8955" started-at="2019-08-31T11:41:58Z" finished-at="2019-08-31T11:42:07Z">
          <reporter-output>
          </reporter-output>
        </test-method> <!-- logOutApp -->
      </class> <!-- com.appium.DeviceScripts.SK_VideoLocation_Incident -->
    </test> <!-- Default test -->
  </suite> <!-- Default suite -->
</testng-results>
