<?xml version="1.0" encoding="UTF-8"?>
<testng-results skipped="0" failed="3" ignored="0" total="17" passed="14">
  <reporter-output>
  </reporter-output>
  <suite name="Suite" duration-ms="2207336" started-at="2020-06-30T04:46:55Z" finished-at="2020-06-30T05:23:43Z">
    <groups>
    </groups>
    <test name="SK_Timer_Incident" duration-ms="548535" started-at="2020-06-30T04:46:55Z" finished-at="2020-06-30T04:56:04Z">
      <class name="com.appium.DeviceScripts.SK_Timer_Incident">
        <test-method status="PASS" signature="launchSafetyKuvrr()[pri:0, instance:com.appium.DeviceScripts.SK_Timer_Incident@33c7e1bb]" name="launchSafetyKuvrr" is-config="true" duration-ms="25652" started-at="2020-06-30T04:46:55Z" finished-at="2020-06-30T04:47:21Z">
          <reporter-output>
          </reporter-output>
        </test-method> <!-- launchSafetyKuvrr -->
        <test-method status="PASS" signature="loginApp()[pri:0, instance:com.appium.DeviceScripts.SK_Timer_Incident@33c7e1bb]" name="loginApp" is-config="true" duration-ms="45889" started-at="2020-06-30T04:47:21Z" finished-at="2020-06-30T04:48:07Z">
          <reporter-output>
          </reporter-output>
        </test-method> <!-- loginApp -->
        <test-method status="PASS" signature="testTimerIncident()[pri:0, instance:com.appium.DeviceScripts.SK_Timer_Incident@33c7e1bb]" name="testTimerIncident" duration-ms="476518" started-at="2020-06-30T04:48:07Z" finished-at="2020-06-30T04:56:04Z">
          <reporter-output>
          </reporter-output>
        </test-method> <!-- testTimerIncident -->
        <test-method status="PASS" signature="CloseApp()[pri:0, instance:com.appium.DeviceScripts.SK_Timer_Incident@33c7e1bb]" name="CloseApp" is-config="true" duration-ms="436" started-at="2020-06-30T04:56:04Z" finished-at="2020-06-30T04:56:04Z">
          <reporter-output>
          </reporter-output>
        </test-method> <!-- CloseApp -->
      </class> <!-- com.appium.DeviceScripts.SK_Timer_Incident -->
    </test> <!-- SK_Timer_Incident -->
    <test name="SK_GroupCall" duration-ms="106911" started-at="2020-06-30T04:56:04Z" finished-at="2020-06-30T04:57:51Z">
      <class name="com.appium.DeviceScripts.SK_GroupCall">
        <test-method status="PASS" signature="launchApp()[pri:0, instance:com.appium.DeviceScripts.SK_GroupCall@58c1670b]" name="launchApp" is-config="true" duration-ms="13191" started-at="2020-06-30T04:56:04Z" finished-at="2020-06-30T04:56:17Z">
          <reporter-output>
          </reporter-output>
        </test-method> <!-- launchApp -->
        <test-method status="PASS" signature="Login()[pri:0, instance:com.appium.DeviceScripts.SK_GroupCall@58c1670b]" name="Login" is-config="true" duration-ms="9197" started-at="2020-06-30T04:56:17Z" finished-at="2020-06-30T04:56:26Z">
          <reporter-output>
          </reporter-output>
        </test-method> <!-- Login -->
        <test-method status="PASS" signature="GroupCall()[pri:0, instance:com.appium.DeviceScripts.SK_GroupCall@58c1670b]" name="GroupCall" duration-ms="84108" started-at="2020-06-30T04:56:26Z" finished-at="2020-06-30T04:57:51Z">
          <reporter-output>
          </reporter-output>
        </test-method> <!-- GroupCall -->
        <test-method status="PASS" signature="CloseApp()[pri:0, instance:com.appium.DeviceScripts.SK_GroupCall@58c1670b]" name="CloseApp" is-config="true" duration-ms="410" started-at="2020-06-30T04:57:51Z" finished-at="2020-06-30T04:57:51Z">
          <reporter-output>
          </reporter-output>
        </test-method> <!-- CloseApp -->
      </class> <!-- com.appium.DeviceScripts.SK_GroupCall -->
    </test> <!-- SK_GroupCall -->
    <test name="SK_SOS_Incident" duration-ms="146432" started-at="2020-06-30T04:57:51Z" finished-at="2020-06-30T05:00:17Z">
      <class name="com.appium.DeviceScripts.SK_SOS_Incident">
        <test-method status="PASS" signature="launchSafetyKuvrr()[pri:0, instance:com.appium.DeviceScripts.SK_SOS_Incident@26a7b76d]" name="launchSafetyKuvrr" is-config="true" duration-ms="13305" started-at="2020-06-30T04:57:51Z" finished-at="2020-06-30T04:58:04Z">
          <reporter-output>
          </reporter-output>
        </test-method> <!-- launchSafetyKuvrr -->
        <test-method status="PASS" signature="testSOSIncident()[pri:1, instance:com.appium.DeviceScripts.SK_SOS_Incident@26a7b76d]" name="testSOSIncident" duration-ms="132664" started-at="2020-06-30T04:58:04Z" finished-at="2020-06-30T05:00:17Z">
          <reporter-output>
          </reporter-output>
        </test-method> <!-- testSOSIncident -->
        <test-method status="PASS" signature="CloseApp()[pri:0, instance:com.appium.DeviceScripts.SK_SOS_Incident@26a7b76d]" name="CloseApp" is-config="true" duration-ms="451" started-at="2020-06-30T05:00:17Z" finished-at="2020-06-30T05:00:17Z">
          <reporter-output>
          </reporter-output>
        </test-method> <!-- CloseApp -->
      </class> <!-- com.appium.DeviceScripts.SK_SOS_Incident -->
    </test> <!-- SK_SOS_Incident -->
    <test name="SK_Tips_NonAnonymous" duration-ms="200864" started-at="2020-06-30T05:00:17Z" finished-at="2020-06-30T05:03:38Z">
      <class name="com.appium.DeviceScripts.SK_Tips_NonAnonymous">
        <test-method status="PASS" signature="launchSafetyKuvrr()[pri:0, instance:com.appium.DeviceScripts.SK_Tips_NonAnonymous@6043cd28]" name="launchSafetyKuvrr" is-config="true" duration-ms="15140" started-at="2020-06-30T05:00:17Z" finished-at="2020-06-30T05:00:33Z">
          <reporter-output>
          </reporter-output>
        </test-method> <!-- launchSafetyKuvrr -->
        <test-method status="PASS" signature="testTips()[pri:0, instance:com.appium.DeviceScripts.SK_Tips_NonAnonymous@6043cd28]" name="testTips" duration-ms="185170" started-at="2020-06-30T05:00:33Z" finished-at="2020-06-30T05:03:38Z">
          <reporter-output>
          </reporter-output>
        </test-method> <!-- testTips -->
        <test-method status="PASS" signature="CloseApp()[pri:0, instance:com.appium.DeviceScripts.SK_Tips_NonAnonymous@6043cd28]" name="CloseApp" is-config="true" duration-ms="544" started-at="2020-06-30T05:03:38Z" finished-at="2020-06-30T05:03:38Z">
          <reporter-output>
          </reporter-output>
        </test-method> <!-- CloseApp -->
      </class> <!-- com.appium.DeviceScripts.SK_Tips_NonAnonymous -->
    </test> <!-- SK_Tips_NonAnonymous -->
    <test name="SK_AudioLocation_Incident" duration-ms="185814" started-at="2020-06-30T05:03:38Z" finished-at="2020-06-30T05:06:44Z">
      <class name="com.appium.DeviceScripts.SK_AudioLocation_Incident">
        <test-method status="PASS" signature="launchSafetyKuvrr()[pri:0, instance:com.appium.DeviceScripts.SK_AudioLocation_Incident@27f723]" name="launchSafetyKuvrr" is-config="true" duration-ms="16490" started-at="2020-06-30T05:03:38Z" finished-at="2020-06-30T05:03:55Z">
          <reporter-output>
          </reporter-output>
        </test-method> <!-- launchSafetyKuvrr -->
        <test-method status="PASS" signature="verifyPhotoAudioIncident()[pri:0, instance:com.appium.DeviceScripts.SK_AudioLocation_Incident@27f723]" name="verifyPhotoAudioIncident" duration-ms="169038" started-at="2020-06-30T05:03:55Z" finished-at="2020-06-30T05:06:44Z">
          <reporter-output>
          </reporter-output>
        </test-method> <!-- verifyPhotoAudioIncident -->
        <test-method status="PASS" signature="Login()[pri:0, instance:com.appium.DeviceScripts.SK_AudioLocation_Incident@27f723]" name="Login" is-config="true" duration-ms="0" started-at="2020-06-30T05:03:55Z" finished-at="2020-06-30T05:03:55Z">
          <reporter-output>
          </reporter-output>
        </test-method> <!-- Login -->
        <test-method status="PASS" signature="CloseApp()[pri:0, instance:com.appium.DeviceScripts.SK_AudioLocation_Incident@27f723]" name="CloseApp" is-config="true" duration-ms="282" started-at="2020-06-30T05:06:44Z" finished-at="2020-06-30T05:06:44Z">
          <reporter-output>
          </reporter-output>
        </test-method> <!-- CloseApp -->
      </class> <!-- com.appium.DeviceScripts.SK_AudioLocation_Incident -->
    </test> <!-- SK_AudioLocation_Incident -->
    <test name="SK_VideoLocation_Incident" duration-ms="97309" started-at="2020-06-30T05:06:44Z" finished-at="2020-06-30T05:08:21Z">
      <class name="com.appium.DeviceScripts.SK_VideoLocation_Incident">
        <test-method status="PASS" signature="launchSafetyKuvrr()[pri:0, instance:com.appium.DeviceScripts.SK_VideoLocation_Incident@262b2c86]" name="launchSafetyKuvrr" is-config="true" duration-ms="13364" started-at="2020-06-30T05:06:44Z" finished-at="2020-06-30T05:06:57Z">
          <reporter-output>
          </reporter-output>
        </test-method> <!-- launchSafetyKuvrr -->
        <test-method status="PASS" signature="Login()[pri:0, instance:com.appium.DeviceScripts.SK_VideoLocation_Incident@262b2c86]" name="Login" is-config="true" duration-ms="23200" started-at="2020-06-30T05:06:57Z" finished-at="2020-06-30T05:07:21Z">
          <reporter-output>
          </reporter-output>
        </test-method> <!-- Login -->
        <test-method status="PASS" signature="verifyPhotoAudioIncident()[pri:0, instance:com.appium.DeviceScripts.SK_VideoLocation_Incident@262b2c86]" name="verifyPhotoAudioIncident" duration-ms="60517" started-at="2020-06-30T05:07:21Z" finished-at="2020-06-30T05:08:21Z">
          <reporter-output>
          </reporter-output>
        </test-method> <!-- verifyPhotoAudioIncident -->
        <test-method status="PASS" signature="CloseApp()[pri:0, instance:com.appium.DeviceScripts.SK_VideoLocation_Incident@262b2c86]" name="CloseApp" is-config="true" duration-ms="220" started-at="2020-06-30T05:08:21Z" finished-at="2020-06-30T05:08:21Z">
          <reporter-output>
          </reporter-output>
        </test-method> <!-- CloseApp -->
      </class> <!-- com.appium.DeviceScripts.SK_VideoLocation_Incident -->
    </test> <!-- SK_VideoLocation_Incident -->
    <test name="SK_SafeWalk_Incident" duration-ms="117223" started-at="2020-06-30T05:08:21Z" finished-at="2020-06-30T05:10:19Z">
      <class name="com.appium.DeviceScripts.SK_SafeWalk_Incident">
        <test-method status="PASS" signature="launchSafetyKuvrr()[pri:0, instance:com.appium.DeviceScripts.SK_SafeWalk_Incident@a38d7a3]" name="launchSafetyKuvrr" is-config="true" duration-ms="13226" started-at="2020-06-30T05:08:21Z" finished-at="2020-06-30T05:08:35Z">
          <reporter-output>
          </reporter-output>
        </test-method> <!-- launchSafetyKuvrr -->
        <test-method status="PASS" signature="loginApp()[pri:0, instance:com.appium.DeviceScripts.SK_SafeWalk_Incident@a38d7a3]" name="loginApp" is-config="true" duration-ms="35616" started-at="2020-06-30T05:08:35Z" finished-at="2020-06-30T05:09:10Z">
          <reporter-output>
          </reporter-output>
        </test-method> <!-- loginApp -->
        <test-method status="PASS" signature="testSafewalkIncident()[pri:0, instance:com.appium.DeviceScripts.SK_SafeWalk_Incident@a38d7a3]" name="testSafewalkIncident" duration-ms="67942" started-at="2020-06-30T05:09:10Z" finished-at="2020-06-30T05:10:18Z">
          <reporter-output>
          </reporter-output>
        </test-method> <!-- testSafewalkIncident -->
        <test-method status="PASS" signature="CloseApp()[pri:0, instance:com.appium.DeviceScripts.SK_SafeWalk_Incident@a38d7a3]" name="CloseApp" is-config="true" duration-ms="437" started-at="2020-06-30T05:10:18Z" finished-at="2020-06-30T05:10:19Z">
          <reporter-output>
          </reporter-output>
        </test-method> <!-- CloseApp -->
      </class> <!-- com.appium.DeviceScripts.SK_SafeWalk_Incident -->
    </test> <!-- SK_SafeWalk_Incident -->
    <test name="SK_Maps" duration-ms="100087" started-at="2020-06-30T05:10:19Z" finished-at="2020-06-30T05:11:59Z">
      <class name="com.appium.DeviceScripts.SK_Maps">
        <test-method status="PASS" signature="launchSafetyKuvrr()[pri:0, instance:com.appium.DeviceScripts.SK_Maps@11758f2a]" name="launchSafetyKuvrr" is-config="true" duration-ms="16093" started-at="2020-06-30T05:10:19Z" finished-at="2020-06-30T05:10:35Z">
          <reporter-output>
          </reporter-output>
        </test-method> <!-- launchSafetyKuvrr -->
        <test-method status="PASS" signature="VerifyAllMap()[pri:1, instance:com.appium.DeviceScripts.SK_Maps@11758f2a]" name="VerifyAllMap" duration-ms="83327" started-at="2020-06-30T05:10:35Z" finished-at="2020-06-30T05:11:58Z">
          <reporter-output>
          </reporter-output>
        </test-method> <!-- VerifyAllMap -->
        <test-method status="PASS" signature="CloseApp()[pri:0, instance:com.appium.DeviceScripts.SK_Maps@11758f2a]" name="CloseApp" is-config="true" duration-ms="663" started-at="2020-06-30T05:11:58Z" finished-at="2020-06-30T05:11:59Z">
          <reporter-output>
          </reporter-output>
        </test-method> <!-- CloseApp -->
      </class> <!-- com.appium.DeviceScripts.SK_Maps -->
    </test> <!-- SK_Maps -->
    <test name="SK_SteerpathMAP" duration-ms="100863" started-at="2020-06-30T05:11:59Z" finished-at="2020-06-30T05:13:40Z">
      <class name="com.appium.DeviceScripts.SK_SteerpathMAP">
        <test-method status="PASS" signature="launchSafetyKuvrr()[pri:0, instance:com.appium.DeviceScripts.SK_SteerpathMAP@757942a1]" name="launchSafetyKuvrr" is-config="true" duration-ms="21098" started-at="2020-06-30T05:11:59Z" finished-at="2020-06-30T05:12:20Z">
          <reporter-output>
          </reporter-output>
        </test-method> <!-- launchSafetyKuvrr -->
        <test-method status="FAIL" signature="testSteerPathMap()[pri:1, instance:com.appium.DeviceScripts.SK_SteerpathMAP@757942a1]" name="testSteerPathMap" duration-ms="78961" started-at="2020-06-30T05:12:20Z" finished-at="2020-06-30T05:13:39Z">
          <exception class="org.openqa.selenium.WebDriverException">
            <message>
              <![CDATA[An unknown server-side error occurred while processing the command. Original error: Could not proxy. Proxy error: Could not proxy command to remote server. Original error: Error: socket hang up
Build info: version: '3.141.59', revision: 'e82be7d358', time: '2018-11-14T08:17:03'
System info: host: 'CHANDAN', ip: '192.168.42.82', os.name: 'Windows 10', os.arch: 'amd64', os.version: '10.0', java.version: '1.8.0_161'
Driver info: io.appium.java_client.android.AndroidDriver
Capabilities {appActivity: com.safety.armourgrid.activ..., appPackage: com.safety.armourgrid, automationName: UiAutomator2, databaseEnabled: false, desired: {appActivity: com.safety.armourgrid.activ..., appPackage: com.safety.armourgrid, automationName: UiAutomator2, deviceName: Moto G4Plus, newCommandTimeout: 600, noReset: true, platformName: android, platformVersion: 8.1.0, simpleIsVisibleCheck: true, udid: ZY223QKSQB, useJSONSource: true}, deviceApiLevel: 27, deviceManufacturer: motorola, deviceModel: Moto G (4), deviceName: ZY223QKSQB, deviceScreenDensity: 480, deviceScreenSize: 1080x1920, deviceUDID: ZY223QKSQB, javascriptEnabled: true, locationContextEnabled: false, networkConnectionEnabled: true, newCommandTimeout: 600, noReset: true, pixelRatio: 3, platform: LINUX, platformName: Android, platformVersion: 8.1.0, simpleIsVisibleCheck: true, statBarHeight: 72, takesScreenshot: true, udid: ZY223QKSQB, useJSONSource: true, viewportRect: {height: 1704, left: 0, top: 72, width: 1080}, warnings: {}, webStorageEnabled: false}
Session ID: d4936269-c224-4c77-8697-edf00202cf42]]>
            </message>
            <full-stacktrace>
              <![CDATA[org.openqa.selenium.WebDriverException: An unknown server-side error occurred while processing the command. Original error: Could not proxy. Proxy error: Could not proxy command to remote server. Original error: Error: socket hang up
Build info: version: '3.141.59', revision: 'e82be7d358', time: '2018-11-14T08:17:03'
System info: host: 'CHANDAN', ip: '192.168.42.82', os.name: 'Windows 10', os.arch: 'amd64', os.version: '10.0', java.version: '1.8.0_161'
Driver info: io.appium.java_client.android.AndroidDriver
Capabilities {appActivity: com.safety.armourgrid.activ..., appPackage: com.safety.armourgrid, automationName: UiAutomator2, databaseEnabled: false, desired: {appActivity: com.safety.armourgrid.activ..., appPackage: com.safety.armourgrid, automationName: UiAutomator2, deviceName: Moto G4Plus, newCommandTimeout: 600, noReset: true, platformName: android, platformVersion: 8.1.0, simpleIsVisibleCheck: true, udid: ZY223QKSQB, useJSONSource: true}, deviceApiLevel: 27, deviceManufacturer: motorola, deviceModel: Moto G (4), deviceName: ZY223QKSQB, deviceScreenDensity: 480, deviceScreenSize: 1080x1920, deviceUDID: ZY223QKSQB, javascriptEnabled: true, locationContextEnabled: false, networkConnectionEnabled: true, newCommandTimeout: 600, noReset: true, pixelRatio: 3, platform: LINUX, platformName: Android, platformVersion: 8.1.0, simpleIsVisibleCheck: true, statBarHeight: 72, takesScreenshot: true, udid: ZY223QKSQB, useJSONSource: true, viewportRect: {height: 1704, left: 0, top: 72, width: 1080}, warnings: {}, webStorageEnabled: false}
Session ID: d4936269-c224-4c77-8697-edf00202cf42
at sun.reflect.NativeConstructorAccessorImpl.newInstance0(Native Method)
at sun.reflect.NativeConstructorAccessorImpl.newInstance(NativeConstructorAccessorImpl.java:62)
at sun.reflect.DelegatingConstructorAccessorImpl.newInstance(DelegatingConstructorAccessorImpl.java:45)
at java.lang.reflect.Constructor.newInstance(Constructor.java:423)
at org.openqa.selenium.remote.http.W3CHttpResponseCodec.createException(W3CHttpResponseCodec.java:187)
at org.openqa.selenium.remote.http.W3CHttpResponseCodec.decode(W3CHttpResponseCodec.java:122)
at org.openqa.selenium.remote.http.W3CHttpResponseCodec.decode(W3CHttpResponseCodec.java:49)
at org.openqa.selenium.remote.HttpCommandExecutor.execute(HttpCommandExecutor.java:158)
at io.appium.java_client.remote.AppiumCommandExecutor.execute(AppiumCommandExecutor.java:231)
at org.openqa.selenium.remote.RemoteWebDriver.execute(RemoteWebDriver.java:552)
at io.appium.java_client.DefaultGenericMobileDriver.execute(DefaultGenericMobileDriver.java:42)
at io.appium.java_client.AppiumDriver.execute(AppiumDriver.java:1)
at io.appium.java_client.android.AndroidDriver.execute(AndroidDriver.java:1)
at org.openqa.selenium.remote.RemoteWebElement.execute(RemoteWebElement.java:285)
at io.appium.java_client.DefaultGenericMobileElement.execute(DefaultGenericMobileElement.java:45)
at io.appium.java_client.MobileElement.execute(MobileElement.java:1)
at io.appium.java_client.android.AndroidElement.execute(AndroidElement.java:1)
at org.openqa.selenium.remote.RemoteWebElement.getText(RemoteWebElement.java:166)
at com.appium.bussinessLogic.SK_MapBL.getPOIList(SK_MapBL.java:100)
at com.appium.DeviceScripts.SK_SteerpathMAP.testSteerPathMap(SK_SteerpathMAP.java:65)
at sun.reflect.NativeMethodAccessorImpl.invoke0(Native Method)
at sun.reflect.NativeMethodAccessorImpl.invoke(NativeMethodAccessorImpl.java:62)
at sun.reflect.DelegatingMethodAccessorImpl.invoke(DelegatingMethodAccessorImpl.java:43)
at java.lang.reflect.Method.invoke(Method.java:498)
at org.testng.internal.MethodInvocationHelper.invokeMethod(MethodInvocationHelper.java:124)
at org.testng.internal.Invoker.invokeMethod(Invoker.java:583)
at org.testng.internal.Invoker.invokeTestMethod(Invoker.java:719)
at org.testng.internal.Invoker.invokeTestMethods(Invoker.java:989)
at org.testng.internal.TestMethodWorker.invokeTestMethods(TestMethodWorker.java:125)
at org.testng.internal.TestMethodWorker.run(TestMethodWorker.java:109)
at org.testng.TestRunner.privateRun(TestRunner.java:648)
at org.testng.TestRunner.run(TestRunner.java:505)
at org.testng.SuiteRunner.runTest(SuiteRunner.java:455)
at org.testng.SuiteRunner.runSequentially(SuiteRunner.java:450)
at org.testng.SuiteRunner.privateRun(SuiteRunner.java:415)
at org.testng.SuiteRunner.run(SuiteRunner.java:364)
at org.testng.SuiteRunnerWorker.runSuite(SuiteRunnerWorker.java:52)
at org.testng.SuiteRunnerWorker.run(SuiteRunnerWorker.java:84)
at org.testng.TestNG.runSuitesSequentially(TestNG.java:1208)
at org.testng.TestNG.runSuitesLocally(TestNG.java:1137)
at org.testng.TestNG.runSuites(TestNG.java:1049)
at org.testng.TestNG.run(TestNG.java:1017)
at org.testng.remote.AbstractRemoteTestNG.run(AbstractRemoteTestNG.java:114)
at org.testng.remote.RemoteTestNG.initAndRun(RemoteTestNG.java:251)
at org.testng.remote.RemoteTestNG.main(RemoteTestNG.java:77)
]]>
            </full-stacktrace>
          </exception> <!-- org.openqa.selenium.WebDriverException -->
          <reporter-output>
          </reporter-output>
        </test-method> <!-- testSteerPathMap -->
        <test-method status="PASS" signature="CloseApp()[pri:0, instance:com.appium.DeviceScripts.SK_SteerpathMAP@757942a1]" name="CloseApp" is-config="true" duration-ms="800" started-at="2020-06-30T05:13:39Z" finished-at="2020-06-30T05:13:40Z">
          <reporter-output>
          </reporter-output>
        </test-method> <!-- CloseApp -->
      </class> <!-- com.appium.DeviceScripts.SK_SteerpathMAP -->
    </test> <!-- SK_SteerpathMAP -->
    <test name="SK_MyHistory" duration-ms="68460" started-at="2020-06-30T05:13:40Z" finished-at="2020-06-30T05:14:48Z">
      <class name="com.appium.DeviceScripts.SK_MyHistory">
        <test-method status="PASS" signature="launchSafetyKuvrr()[pri:0, instance:com.appium.DeviceScripts.SK_MyHistory@192d3247]" name="launchSafetyKuvrr" is-config="true" duration-ms="20216" started-at="2020-06-30T05:13:40Z" finished-at="2020-06-30T05:14:00Z">
          <reporter-output>
          </reporter-output>
        </test-method> <!-- launchSafetyKuvrr -->
        <test-method status="PASS" signature="testERP()[pri:1, instance:com.appium.DeviceScripts.SK_MyHistory@192d3247]" name="testERP" duration-ms="47634" started-at="2020-06-30T05:14:00Z" finished-at="2020-06-30T05:14:48Z">
          <reporter-output>
          </reporter-output>
        </test-method> <!-- testERP -->
        <test-method status="PASS" signature="CloseApp()[pri:0, instance:com.appium.DeviceScripts.SK_MyHistory@192d3247]" name="CloseApp" is-config="true" duration-ms="608" started-at="2020-06-30T05:14:48Z" finished-at="2020-06-30T05:14:48Z">
          <reporter-output>
          </reporter-output>
        </test-method> <!-- CloseApp -->
      </class> <!-- com.appium.DeviceScripts.SK_MyHistory -->
    </test> <!-- SK_MyHistory -->
    <test name="SK_ERP" duration-ms="117080" started-at="2020-06-30T05:14:48Z" finished-at="2020-06-30T05:16:45Z">
      <class name="com.appium.DeviceScripts.SK_ERP">
        <test-method status="PASS" signature="launchSafetyKuvrr()[pri:0, instance:com.appium.DeviceScripts.SK_ERP@5891e32e]" name="launchSafetyKuvrr" is-config="true" duration-ms="20406" started-at="2020-06-30T05:14:48Z" finished-at="2020-06-30T05:15:09Z">
          <reporter-output>
          </reporter-output>
        </test-method> <!-- launchSafetyKuvrr -->
        <test-method status="PASS" signature="testERP()[pri:1, instance:com.appium.DeviceScripts.SK_ERP@5891e32e]" name="testERP" duration-ms="95983" started-at="2020-06-30T05:15:09Z" finished-at="2020-06-30T05:16:45Z">
          <reporter-output>
          </reporter-output>
        </test-method> <!-- testERP -->
        <test-method status="PASS" signature="CloseApp()[pri:0, instance:com.appium.DeviceScripts.SK_ERP@5891e32e]" name="CloseApp" is-config="true" duration-ms="690" started-at="2020-06-30T05:16:45Z" finished-at="2020-06-30T05:16:45Z">
          <reporter-output>
          </reporter-output>
        </test-method> <!-- CloseApp -->
      </class> <!-- com.appium.DeviceScripts.SK_ERP -->
    </test> <!-- SK_ERP -->
    <test name="SK_VisitorManagement" duration-ms="97559" started-at="2020-06-30T05:16:45Z" finished-at="2020-06-30T05:18:23Z">
      <class name="com.appium.DeviceScripts.SK_VisitorManagement">
        <test-method status="PASS" signature="launchSafetyKuvrr()[pri:0, instance:com.appium.DeviceScripts.SK_VisitorManagement@13eb8acf]" name="launchSafetyKuvrr" is-config="true" duration-ms="20529" started-at="2020-06-30T05:16:45Z" finished-at="2020-06-30T05:17:06Z">
          <reporter-output>
          </reporter-output>
        </test-method> <!-- launchSafetyKuvrr -->
        <test-method status="PASS" signature="testERP()[pri:1, instance:com.appium.DeviceScripts.SK_VisitorManagement@13eb8acf]" name="testERP" duration-ms="76081" started-at="2020-06-30T05:17:06Z" finished-at="2020-06-30T05:18:22Z">
          <reporter-output>
          </reporter-output>
        </test-method> <!-- testERP -->
        <test-method status="PASS" signature="CloseApp()[pri:0, instance:com.appium.DeviceScripts.SK_VisitorManagement@13eb8acf]" name="CloseApp" is-config="true" duration-ms="944" started-at="2020-06-30T05:18:22Z" finished-at="2020-06-30T05:18:23Z">
          <reporter-output>
          </reporter-output>
        </test-method> <!-- CloseApp -->
      </class> <!-- com.appium.DeviceScripts.SK_VisitorManagement -->
    </test> <!-- SK_VisitorManagement -->
    <test name="SK_SendNotification" duration-ms="71074" started-at="2020-06-30T05:18:23Z" finished-at="2020-06-30T05:19:34Z">
      <class name="com.appium.DeviceScripts.SK_SendNotification">
        <test-method status="PASS" signature="launchApp()[pri:0, instance:com.appium.DeviceScripts.SK_SendNotification@17d0685f]" name="launchApp" is-config="true" duration-ms="17500" started-at="2020-06-30T05:18:23Z" finished-at="2020-06-30T05:18:40Z">
          <reporter-output>
          </reporter-output>
        </test-method> <!-- launchApp -->
        <test-method status="PASS" signature="Profile()[pri:0, instance:com.appium.DeviceScripts.SK_SendNotification@17d0685f]" name="Profile" duration-ms="52907" started-at="2020-06-30T05:18:40Z" finished-at="2020-06-30T05:19:33Z">
          <reporter-output>
          </reporter-output>
        </test-method> <!-- Profile -->
        <test-method status="PASS" signature="CloseApp()[pri:0, instance:com.appium.DeviceScripts.SK_SendNotification@17d0685f]" name="CloseApp" is-config="true" duration-ms="664" started-at="2020-06-30T05:19:33Z" finished-at="2020-06-30T05:19:34Z">
          <reporter-output>
          </reporter-output>
        </test-method> <!-- CloseApp -->
      </class> <!-- com.appium.DeviceScripts.SK_SendNotification -->
    </test> <!-- SK_SendNotification -->
    <test name="SK_EditProfile" duration-ms="47805" started-at="2020-06-30T05:19:34Z" finished-at="2020-06-30T05:20:22Z">
      <class name="com.appium.DeviceScripts.SK_EditProfile">
        <test-method status="PASS" signature="launchApp()[pri:0, instance:com.appium.DeviceScripts.SK_EditProfile@4fb64261]" name="launchApp" is-config="true" duration-ms="21053" started-at="2020-06-30T05:19:34Z" finished-at="2020-06-30T05:19:55Z">
          <reporter-output>
          </reporter-output>
        </test-method> <!-- launchApp -->
        <test-method status="FAIL" signature="Profile()[pri:0, instance:com.appium.DeviceScripts.SK_EditProfile@4fb64261]" name="Profile" duration-ms="26174" started-at="2020-06-30T05:19:55Z" finished-at="2020-06-30T05:20:21Z">
          <exception class="org.openqa.selenium.WebDriverException">
            <message>
              <![CDATA[An unknown server-side error occurred while processing the command. Original error: Could not proxy command to remote server. Original error: Error: socket hang up
Build info: version: '3.141.59', revision: 'e82be7d358', time: '2018-11-14T08:17:03'
System info: host: 'CHANDAN', ip: '192.168.42.82', os.name: 'Windows 10', os.arch: 'amd64', os.version: '10.0', java.version: '1.8.0_161'
Driver info: io.appium.java_client.android.AndroidDriver
Capabilities {appActivity: com.safety.armourgrid.activ..., appPackage: com.safety.armourgrid, automationName: UiAutomator2, databaseEnabled: false, desired: {appActivity: com.safety.armourgrid.activ..., appPackage: com.safety.armourgrid, automationName: UiAutomator2, deviceName: Moto G4Plus, newCommandTimeout: 600, noReset: true, platformName: android, platformVersion: 8.1.0, simpleIsVisibleCheck: true, udid: ZY223QKSQB, useJSONSource: true}, deviceApiLevel: 27, deviceManufacturer: motorola, deviceModel: Moto G (4), deviceName: ZY223QKSQB, deviceScreenDensity: 480, deviceScreenSize: 1080x1920, deviceUDID: ZY223QKSQB, javascriptEnabled: true, locationContextEnabled: false, networkConnectionEnabled: true, newCommandTimeout: 600, noReset: true, pixelRatio: 3, platform: LINUX, platformName: Android, platformVersion: 8.1.0, simpleIsVisibleCheck: true, statBarHeight: 72, takesScreenshot: true, udid: ZY223QKSQB, useJSONSource: true, viewportRect: {height: 1704, left: 0, top: 72, width: 1080}, warnings: {}, webStorageEnabled: false}
Session ID: 0c9d6b86-0a3d-4f55-ba76-bb07ef248e90
*** Element info: {Using=id, value=com.safety.armourgrid:id/edit_profile_more}]]>
            </message>
            <full-stacktrace>
              <![CDATA[org.openqa.selenium.WebDriverException: An unknown server-side error occurred while processing the command. Original error: Could not proxy command to remote server. Original error: Error: socket hang up
Build info: version: '3.141.59', revision: 'e82be7d358', time: '2018-11-14T08:17:03'
System info: host: 'CHANDAN', ip: '192.168.42.82', os.name: 'Windows 10', os.arch: 'amd64', os.version: '10.0', java.version: '1.8.0_161'
Driver info: io.appium.java_client.android.AndroidDriver
Capabilities {appActivity: com.safety.armourgrid.activ..., appPackage: com.safety.armourgrid, automationName: UiAutomator2, databaseEnabled: false, desired: {appActivity: com.safety.armourgrid.activ..., appPackage: com.safety.armourgrid, automationName: UiAutomator2, deviceName: Moto G4Plus, newCommandTimeout: 600, noReset: true, platformName: android, platformVersion: 8.1.0, simpleIsVisibleCheck: true, udid: ZY223QKSQB, useJSONSource: true}, deviceApiLevel: 27, deviceManufacturer: motorola, deviceModel: Moto G (4), deviceName: ZY223QKSQB, deviceScreenDensity: 480, deviceScreenSize: 1080x1920, deviceUDID: ZY223QKSQB, javascriptEnabled: true, locationContextEnabled: false, networkConnectionEnabled: true, newCommandTimeout: 600, noReset: true, pixelRatio: 3, platform: LINUX, platformName: Android, platformVersion: 8.1.0, simpleIsVisibleCheck: true, statBarHeight: 72, takesScreenshot: true, udid: ZY223QKSQB, useJSONSource: true, viewportRect: {height: 1704, left: 0, top: 72, width: 1080}, warnings: {}, webStorageEnabled: false}
Session ID: 0c9d6b86-0a3d-4f55-ba76-bb07ef248e90
*** Element info: {Using=id, value=com.safety.armourgrid:id/edit_profile_more}
at sun.reflect.GeneratedConstructorAccessor69.newInstance(Unknown Source)
at sun.reflect.DelegatingConstructorAccessorImpl.newInstance(DelegatingConstructorAccessorImpl.java:45)
at java.lang.reflect.Constructor.newInstance(Constructor.java:423)
at org.openqa.selenium.remote.http.W3CHttpResponseCodec.createException(W3CHttpResponseCodec.java:187)
at org.openqa.selenium.remote.http.W3CHttpResponseCodec.decode(W3CHttpResponseCodec.java:122)
at org.openqa.selenium.remote.http.W3CHttpResponseCodec.decode(W3CHttpResponseCodec.java:49)
at org.openqa.selenium.remote.HttpCommandExecutor.execute(HttpCommandExecutor.java:158)
at io.appium.java_client.remote.AppiumCommandExecutor.execute(AppiumCommandExecutor.java:231)
at org.openqa.selenium.remote.RemoteWebDriver.execute(RemoteWebDriver.java:552)
at io.appium.java_client.DefaultGenericMobileDriver.execute(DefaultGenericMobileDriver.java:42)
at io.appium.java_client.AppiumDriver.execute(AppiumDriver.java:1)
at io.appium.java_client.android.AndroidDriver.execute(AndroidDriver.java:1)
at org.openqa.selenium.remote.RemoteWebDriver.findElement(RemoteWebDriver.java:323)
at io.appium.java_client.DefaultGenericMobileDriver.findElement(DefaultGenericMobileDriver.java:62)
at io.appium.java_client.AppiumDriver.findElement(AppiumDriver.java:1)
at io.appium.java_client.android.AndroidDriver.findElement(AndroidDriver.java:1)
at org.openqa.selenium.remote.RemoteWebDriver.findElementById(RemoteWebDriver.java:372)
at io.appium.java_client.DefaultGenericMobileDriver.findElementById(DefaultGenericMobileDriver.java:70)
at io.appium.java_client.AppiumDriver.findElementById(AppiumDriver.java:1)
at io.appium.java_client.android.AndroidDriver.findElementById(AndroidDriver.java:1)
at org.openqa.selenium.By$ById.findElement(By.java:188)
at org.openqa.selenium.remote.RemoteWebDriver.findElement(RemoteWebDriver.java:315)
at io.appium.java_client.DefaultGenericMobileDriver.findElement(DefaultGenericMobileDriver.java:58)
at io.appium.java_client.AppiumDriver.findElement(AppiumDriver.java:1)
at io.appium.java_client.android.AndroidDriver.findElement(AndroidDriver.java:1)
at com.appium.pageobject.SK_EditProfilePO.btnAdditionalInfo(SK_EditProfilePO.java:53)
at com.appium.bussinessLogic.SK_EditProfileBL.selectAdditionalInfo(SK_EditProfileBL.java:80)
at com.appium.DeviceScripts.SK_EditProfile.Profile(SK_EditProfile.java:77)
at sun.reflect.NativeMethodAccessorImpl.invoke0(Native Method)
at sun.reflect.NativeMethodAccessorImpl.invoke(NativeMethodAccessorImpl.java:62)
at sun.reflect.DelegatingMethodAccessorImpl.invoke(DelegatingMethodAccessorImpl.java:43)
at java.lang.reflect.Method.invoke(Method.java:498)
at org.testng.internal.MethodInvocationHelper.invokeMethod(MethodInvocationHelper.java:124)
at org.testng.internal.Invoker.invokeMethod(Invoker.java:583)
at org.testng.internal.Invoker.invokeTestMethod(Invoker.java:719)
at org.testng.internal.Invoker.invokeTestMethods(Invoker.java:989)
at org.testng.internal.TestMethodWorker.invokeTestMethods(TestMethodWorker.java:125)
at org.testng.internal.TestMethodWorker.run(TestMethodWorker.java:109)
at org.testng.TestRunner.privateRun(TestRunner.java:648)
at org.testng.TestRunner.run(TestRunner.java:505)
at org.testng.SuiteRunner.runTest(SuiteRunner.java:455)
at org.testng.SuiteRunner.runSequentially(SuiteRunner.java:450)
at org.testng.SuiteRunner.privateRun(SuiteRunner.java:415)
at org.testng.SuiteRunner.run(SuiteRunner.java:364)
at org.testng.SuiteRunnerWorker.runSuite(SuiteRunnerWorker.java:52)
at org.testng.SuiteRunnerWorker.run(SuiteRunnerWorker.java:84)
at org.testng.TestNG.runSuitesSequentially(TestNG.java:1208)
at org.testng.TestNG.runSuitesLocally(TestNG.java:1137)
at org.testng.TestNG.runSuites(TestNG.java:1049)
at org.testng.TestNG.run(TestNG.java:1017)
at org.testng.remote.AbstractRemoteTestNG.run(AbstractRemoteTestNG.java:114)
at org.testng.remote.RemoteTestNG.initAndRun(RemoteTestNG.java:251)
at org.testng.remote.RemoteTestNG.main(RemoteTestNG.java:77)
]]>
            </full-stacktrace>
          </exception> <!-- org.openqa.selenium.WebDriverException -->
          <reporter-output>
          </reporter-output>
        </test-method> <!-- Profile -->
        <test-method status="PASS" signature="CloseApp()[pri:0, instance:com.appium.DeviceScripts.SK_EditProfile@4fb64261]" name="CloseApp" is-config="true" duration-ms="571" started-at="2020-06-30T05:20:21Z" finished-at="2020-06-30T05:20:22Z">
          <reporter-output>
          </reporter-output>
        </test-method> <!-- CloseApp -->
      </class> <!-- com.appium.DeviceScripts.SK_EditProfile -->
    </test> <!-- SK_EditProfile -->
    <test name="SK_Organization" duration-ms="55811" started-at="2020-06-30T05:20:22Z" finished-at="2020-06-30T05:21:17Z">
      <class name="com.appium.DeviceScripts.SK_Organization">
        <test-method status="PASS" signature="launchApp()[pri:0, instance:com.appium.DeviceScripts.SK_Organization@150c158]" name="launchApp" is-config="true" duration-ms="16661" started-at="2020-06-30T05:20:22Z" finished-at="2020-06-30T05:20:38Z">
          <reporter-output>
          </reporter-output>
        </test-method> <!-- launchApp -->
        <test-method status="PASS" signature="Profile()[pri:0, instance:com.appium.DeviceScripts.SK_Organization@150c158]" name="Profile" duration-ms="38655" started-at="2020-06-30T05:20:38Z" finished-at="2020-06-30T05:21:17Z">
          <reporter-output>
          </reporter-output>
        </test-method> <!-- Profile -->
        <test-method status="PASS" signature="CloseApp()[pri:0, instance:com.appium.DeviceScripts.SK_Organization@150c158]" name="CloseApp" is-config="true" duration-ms="490" started-at="2020-06-30T05:21:17Z" finished-at="2020-06-30T05:21:17Z">
          <reporter-output>
          </reporter-output>
        </test-method> <!-- CloseApp -->
      </class> <!-- com.appium.DeviceScripts.SK_Organization -->
    </test> <!-- SK_Organization -->
    <test name="SK_911_Incident" duration-ms="31587" started-at="2020-06-30T05:21:17Z" finished-at="2020-06-30T05:21:49Z">
      <class name="com.appium.DeviceScripts.SK_911_Incident">
        <test-method status="PASS" signature="launchSafetyKuvrr()[pri:0, instance:com.appium.DeviceScripts.SK_911_Incident@706a04ae]" name="launchSafetyKuvrr" is-config="true" duration-ms="20071" started-at="2020-06-30T05:21:17Z" finished-at="2020-06-30T05:21:38Z">
          <reporter-output>
          </reporter-output>
        </test-method> <!-- launchSafetyKuvrr -->
        <test-method status="PASS" signature="test911Incident()[pri:1, instance:com.appium.DeviceScripts.SK_911_Incident@706a04ae]" name="test911Incident" duration-ms="10858" started-at="2020-06-30T05:21:38Z" finished-at="2020-06-30T05:21:48Z">
          <reporter-output>
          </reporter-output>
        </test-method> <!-- test911Incident -->
        <test-method status="PASS" signature="CloseApp()[pri:0, instance:com.appium.DeviceScripts.SK_911_Incident@706a04ae]" name="CloseApp" is-config="true" duration-ms="655" started-at="2020-06-30T05:21:48Z" finished-at="2020-06-30T05:21:49Z">
          <reporter-output>
          </reporter-output>
        </test-method> <!-- CloseApp -->
      </class> <!-- com.appium.DeviceScripts.SK_911_Incident -->
    </test> <!-- SK_911_Incident -->
    <test name="SK_Tips_Anonymous" duration-ms="113726" started-at="2020-06-30T05:21:49Z" finished-at="2020-06-30T05:23:43Z">
      <class name="com.appium.DeviceScripts.SK_Tips_Anonymous">
        <test-method status="PASS" signature="launchSafetyKuvrr()[pri:0, instance:com.appium.DeviceScripts.SK_Tips_Anonymous@710726a3]" name="launchSafetyKuvrr" is-config="true" duration-ms="19974" started-at="2020-06-30T05:21:49Z" finished-at="2020-06-30T05:22:09Z">
          <reporter-output>
          </reporter-output>
        </test-method> <!-- launchSafetyKuvrr -->
        <test-method status="FAIL" signature="testTips()[pri:0, instance:com.appium.DeviceScripts.SK_Tips_Anonymous@710726a3]" name="testTips" duration-ms="93460" started-at="2020-06-30T05:22:09Z" finished-at="2020-06-30T05:23:43Z">
          <exception class="org.openqa.selenium.WebDriverException">
            <message>
              <![CDATA[An unknown server-side error occurred while processing the command. Original error: Could not proxy command to remote server. Original error: Error: socket hang up
Build info: version: '3.141.59', revision: 'e82be7d358', time: '2018-11-14T08:17:03'
System info: host: 'CHANDAN', ip: '192.168.42.82', os.name: 'Windows 10', os.arch: 'amd64', os.version: '10.0', java.version: '1.8.0_161'
Driver info: io.appium.java_client.android.AndroidDriver
Capabilities {appActivity: com.safety.armourgrid.activ..., appPackage: com.safety.armourgrid, automationName: UiAutomator2, databaseEnabled: false, desired: {appActivity: com.safety.armourgrid.activ..., appPackage: com.safety.armourgrid, automationName: UiAutomator2, deviceName: Moto G4Plus, newCommandTimeout: 600, noReset: true, platformName: android, platformVersion: 8.1.0, simpleIsVisibleCheck: true, udid: ZY223QKSQB, useJSONSource: true}, deviceApiLevel: 27, deviceManufacturer: motorola, deviceModel: Moto G (4), deviceName: ZY223QKSQB, deviceScreenDensity: 480, deviceScreenSize: 1080x1920, deviceUDID: ZY223QKSQB, javascriptEnabled: true, locationContextEnabled: false, networkConnectionEnabled: true, newCommandTimeout: 600, noReset: true, pixelRatio: 3, platform: LINUX, platformName: Android, platformVersion: 8.1.0, simpleIsVisibleCheck: true, statBarHeight: 72, takesScreenshot: true, udid: ZY223QKSQB, useJSONSource: true, viewportRect: {height: 1704, left: 0, top: 72, width: 1080}, warnings: {}, webStorageEnabled: false}
Session ID: 3104ffd5-815d-405a-9c3c-7f5b3b78af51
*** Element info: {Using=id, value=com.safety.armourgrid:id/list_item_erplans_img}]]>
            </message>
            <full-stacktrace>
              <![CDATA[org.openqa.selenium.WebDriverException: An unknown server-side error occurred while processing the command. Original error: Could not proxy command to remote server. Original error: Error: socket hang up
Build info: version: '3.141.59', revision: 'e82be7d358', time: '2018-11-14T08:17:03'
System info: host: 'CHANDAN', ip: '192.168.42.82', os.name: 'Windows 10', os.arch: 'amd64', os.version: '10.0', java.version: '1.8.0_161'
Driver info: io.appium.java_client.android.AndroidDriver
Capabilities {appActivity: com.safety.armourgrid.activ..., appPackage: com.safety.armourgrid, automationName: UiAutomator2, databaseEnabled: false, desired: {appActivity: com.safety.armourgrid.activ..., appPackage: com.safety.armourgrid, automationName: UiAutomator2, deviceName: Moto G4Plus, newCommandTimeout: 600, noReset: true, platformName: android, platformVersion: 8.1.0, simpleIsVisibleCheck: true, udid: ZY223QKSQB, useJSONSource: true}, deviceApiLevel: 27, deviceManufacturer: motorola, deviceModel: Moto G (4), deviceName: ZY223QKSQB, deviceScreenDensity: 480, deviceScreenSize: 1080x1920, deviceUDID: ZY223QKSQB, javascriptEnabled: true, locationContextEnabled: false, networkConnectionEnabled: true, newCommandTimeout: 600, noReset: true, pixelRatio: 3, platform: LINUX, platformName: Android, platformVersion: 8.1.0, simpleIsVisibleCheck: true, statBarHeight: 72, takesScreenshot: true, udid: ZY223QKSQB, useJSONSource: true, viewportRect: {height: 1704, left: 0, top: 72, width: 1080}, warnings: {}, webStorageEnabled: false}
Session ID: 3104ffd5-815d-405a-9c3c-7f5b3b78af51
*** Element info: {Using=id, value=com.safety.armourgrid:id/list_item_erplans_img}
at sun.reflect.GeneratedConstructorAccessor69.newInstance(Unknown Source)
at sun.reflect.DelegatingConstructorAccessorImpl.newInstance(DelegatingConstructorAccessorImpl.java:45)
at java.lang.reflect.Constructor.newInstance(Constructor.java:423)
at org.openqa.selenium.remote.http.W3CHttpResponseCodec.createException(W3CHttpResponseCodec.java:187)
at org.openqa.selenium.remote.http.W3CHttpResponseCodec.decode(W3CHttpResponseCodec.java:122)
at org.openqa.selenium.remote.http.W3CHttpResponseCodec.decode(W3CHttpResponseCodec.java:49)
at org.openqa.selenium.remote.HttpCommandExecutor.execute(HttpCommandExecutor.java:158)
at io.appium.java_client.remote.AppiumCommandExecutor.execute(AppiumCommandExecutor.java:231)
at org.openqa.selenium.remote.RemoteWebDriver.execute(RemoteWebDriver.java:552)
at io.appium.java_client.DefaultGenericMobileDriver.execute(DefaultGenericMobileDriver.java:42)
at io.appium.java_client.AppiumDriver.execute(AppiumDriver.java:1)
at io.appium.java_client.android.AndroidDriver.execute(AndroidDriver.java:1)
at org.openqa.selenium.remote.RemoteWebDriver.findElements(RemoteWebDriver.java:353)
at io.appium.java_client.DefaultGenericMobileDriver.findElements(DefaultGenericMobileDriver.java:54)
at io.appium.java_client.AppiumDriver.findElements(AppiumDriver.java:152)
at org.openqa.selenium.remote.RemoteWebDriver.findElementsById(RemoteWebDriver.java:376)
at io.appium.java_client.DefaultGenericMobileDriver.findElementsById(DefaultGenericMobileDriver.java:66)
at io.appium.java_client.AppiumDriver.findElementsById(AppiumDriver.java:156)
at org.openqa.selenium.By$ById.findElements(By.java:180)
at org.openqa.selenium.remote.RemoteWebDriver.findElements(RemoteWebDriver.java:311)
at io.appium.java_client.DefaultGenericMobileDriver.findElements(DefaultGenericMobileDriver.java:50)
at io.appium.java_client.AppiumDriver.findElements(AppiumDriver.java:148)
at com.appium.pageobject.SK_TipSubmitPO.tipCategories(SK_TipSubmitPO.java:27)
at com.appium.bussinessLogic.SK_TipSubmitBL.sendAnonymousTipByCategories(SK_TipSubmitBL.java:33)
at com.appium.DeviceScripts.SK_Tips_Anonymous.testTips(SK_Tips_Anonymous.java:55)
at sun.reflect.NativeMethodAccessorImpl.invoke0(Native Method)
at sun.reflect.NativeMethodAccessorImpl.invoke(NativeMethodAccessorImpl.java:62)
at sun.reflect.DelegatingMethodAccessorImpl.invoke(DelegatingMethodAccessorImpl.java:43)
at java.lang.reflect.Method.invoke(Method.java:498)
at org.testng.internal.MethodInvocationHelper.invokeMethod(MethodInvocationHelper.java:124)
at org.testng.internal.Invoker.invokeMethod(Invoker.java:583)
at org.testng.internal.Invoker.invokeTestMethod(Invoker.java:719)
at org.testng.internal.Invoker.invokeTestMethods(Invoker.java:989)
at org.testng.internal.TestMethodWorker.invokeTestMethods(TestMethodWorker.java:125)
at org.testng.internal.TestMethodWorker.run(TestMethodWorker.java:109)
at org.testng.TestRunner.privateRun(TestRunner.java:648)
at org.testng.TestRunner.run(TestRunner.java:505)
at org.testng.SuiteRunner.runTest(SuiteRunner.java:455)
at org.testng.SuiteRunner.runSequentially(SuiteRunner.java:450)
at org.testng.SuiteRunner.privateRun(SuiteRunner.java:415)
at org.testng.SuiteRunner.run(SuiteRunner.java:364)
at org.testng.SuiteRunnerWorker.runSuite(SuiteRunnerWorker.java:52)
at org.testng.SuiteRunnerWorker.run(SuiteRunnerWorker.java:84)
at org.testng.TestNG.runSuitesSequentially(TestNG.java:1208)
at org.testng.TestNG.runSuitesLocally(TestNG.java:1137)
at org.testng.TestNG.runSuites(TestNG.java:1049)
at org.testng.TestNG.run(TestNG.java:1017)
at org.testng.remote.AbstractRemoteTestNG.run(AbstractRemoteTestNG.java:114)
at org.testng.remote.RemoteTestNG.initAndRun(RemoteTestNG.java:251)
at org.testng.remote.RemoteTestNG.main(RemoteTestNG.java:77)
]]>
            </full-stacktrace>
          </exception> <!-- org.openqa.selenium.WebDriverException -->
          <reporter-output>
          </reporter-output>
        </test-method> <!-- testTips -->
        <test-method status="PASS" signature="CloseApp()[pri:0, instance:com.appium.DeviceScripts.SK_Tips_Anonymous@710726a3]" name="CloseApp" is-config="true" duration-ms="289" started-at="2020-06-30T05:23:43Z" finished-at="2020-06-30T05:23:43Z">
          <reporter-output>
          </reporter-output>
        </test-method> <!-- CloseApp -->
      </class> <!-- com.appium.DeviceScripts.SK_Tips_Anonymous -->
    </test> <!-- SK_Tips_Anonymous -->
  </suite> <!-- Suite -->
</testng-results>
