<?xml version="1.0" encoding="UTF-8"?>
<testng-results skipped="0" failed="0" ignored="0" total="1" passed="1">
  <reporter-output>
  </reporter-output>
  <suite name="Default suite" duration-ms="100583" started-at="2020-06-22T18:26:32Z" finished-at="2020-06-22T18:28:12Z">
    <groups>
    </groups>
    <test name="Default test" duration-ms="100583" started-at="2020-06-22T18:26:32Z" finished-at="2020-06-22T18:28:12Z">
      <class name="com.appium.DeviceScripts.SK_VisitorManagement">
        <test-method status="PASS" signature="launchSafetyKuvrr()[pri:0, instance:com.appium.DeviceScripts.SK_VisitorManagement@34cd072c]" name="launchSafetyKuvrr" is-config="true" duration-ms="14195" started-at="2020-06-22T18:26:32Z" finished-at="2020-06-22T18:26:46Z">
          <reporter-output>
          </reporter-output>
        </test-method> <!-- launchSafetyKuvrr -->
        <test-method status="PASS" signature="testERP()[pri:1, instance:com.appium.DeviceScripts.SK_VisitorManagement@34cd072c]" name="testERP" duration-ms="86368" started-at="2020-06-22T18:26:46Z" finished-at="2020-06-22T18:28:12Z">
          <reporter-output>
          </reporter-output>
        </test-method> <!-- testERP -->
        <test-method status="PASS" signature="logOutApp()[pri:0, instance:com.appium.DeviceScripts.SK_VisitorManagement@34cd072c]" name="logOutApp" is-config="true" duration-ms="0" started-at="2020-06-22T18:28:12Z" finished-at="2020-06-22T18:28:12Z">
          <reporter-output>
          </reporter-output>
        </test-method> <!-- logOutApp -->
      </class> <!-- com.appium.DeviceScripts.SK_VisitorManagement -->
    </test> <!-- Default test -->
  </suite> <!-- Default suite -->
</testng-results>
