<?xml version="1.0" encoding="UTF-8"?>
<testng-results skipped="0" failed="0" ignored="0" total="1" passed="1">
  <reporter-output>
  </reporter-output>
  <suite name="Default suite" duration-ms="54746" started-at="2020-06-23T12:05:09Z" finished-at="2020-06-23T12:06:03Z">
    <groups>
    </groups>
    <test name="Default test" duration-ms="54746" started-at="2020-06-23T12:05:09Z" finished-at="2020-06-23T12:06:03Z">
      <class name="com.appium.DeviceScripts.SK_SendNotification">
        <test-method status="PASS" signature="launchApp()[pri:0, instance:com.appium.DeviceScripts.SK_SendNotification@4493d195]" name="launchApp" is-config="true" duration-ms="14532" started-at="2020-06-23T12:05:09Z" finished-at="2020-06-23T12:05:23Z">
          <reporter-output>
          </reporter-output>
        </test-method> <!-- launchApp -->
        <test-method status="PASS" signature="Profile()[pri:0, instance:com.appium.DeviceScripts.SK_SendNotification@4493d195]" name="Profile" duration-ms="40183" started-at="2020-06-23T12:05:23Z" finished-at="2020-06-23T12:06:03Z">
          <reporter-output>
          </reporter-output>
        </test-method> <!-- Profile -->
        <test-method status="PASS" signature="logOutApp()[pri:0, instance:com.appium.DeviceScripts.SK_SendNotification@4493d195]" name="logOutApp" is-config="true" duration-ms="0" started-at="2020-06-23T12:06:03Z" finished-at="2020-06-23T12:06:03Z">
          <reporter-output>
          </reporter-output>
        </test-method> <!-- logOutApp -->
      </class> <!-- com.appium.DeviceScripts.SK_SendNotification -->
    </test> <!-- Default test -->
  </suite> <!-- Default suite -->
</testng-results>
