<?xml version="1.0" encoding="UTF-8"?>
<testng-results skipped="0" failed="0" ignored="0" total="1" passed="1">
  <reporter-output>
  </reporter-output>
  <suite name="Default suite" duration-ms="2605" started-at="2019-12-16T12:42:15Z" finished-at="2019-12-16T12:42:18Z">
    <groups>
    </groups>
    <test name="Default test" duration-ms="2605" started-at="2019-12-16T12:42:15Z" finished-at="2019-12-16T12:42:18Z">
      <class name="com.appium.DeviceScripts.JDBC_MySQL_Red5">
        <test-method status="PASS" signature="testMySQLDB()[pri:0, instance:com.appium.DeviceScripts.JDBC_MySQL_Red5@2038ae61]" name="testMySQLDB" duration-ms="2525" started-at="2019-12-16T12:42:16Z" finished-at="2019-12-16T12:42:18Z">
          <reporter-output>
          </reporter-output>
        </test-method> <!-- testMySQLDB -->
      </class> <!-- com.appium.DeviceScripts.JDBC_MySQL_Red5 -->
    </test> <!-- Default test -->
  </suite> <!-- Default suite -->
</testng-results>
