<?xml version="1.0" encoding="UTF-8"?>
<testng-results skipped="0" failed="0" ignored="0" total="3" passed="3">
  <reporter-output>
  </reporter-output>
  <suite name="Suite" duration-ms="1230348" started-at="2019-08-13T14:08:40Z" finished-at="2019-08-13T14:29:10Z">
    <groups>
    </groups>
    <test name="SK_Emulator_SOS" duration-ms="204163" started-at="2019-08-13T14:08:40Z" finished-at="2019-08-13T14:12:04Z">
      <class name="com.appium.EmulatorScripts.SK_Emulator_SOS">
        <test-method status="PASS" signature="launchApp()[pri:0, instance:com.appium.EmulatorScripts.SK_Emulator_SOS@4232c52b]" name="launchApp" is-config="true" duration-ms="23486" started-at="2019-08-13T14:08:40Z" finished-at="2019-08-13T14:09:03Z">
          <reporter-output>
          </reporter-output>
        </test-method> <!-- launchApp -->
        <test-method status="PASS" signature="Login()[pri:0, instance:com.appium.EmulatorScripts.SK_Emulator_SOS@4232c52b]" name="Login" is-config="true" duration-ms="96652" started-at="2019-08-13T14:09:03Z" finished-at="2019-08-13T14:10:40Z">
          <reporter-output>
          </reporter-output>
        </test-method> <!-- Login -->
        <test-method status="PASS" signature="SOS()[pri:0, instance:com.appium.EmulatorScripts.SK_Emulator_SOS@4232c52b]" name="SOS" duration-ms="53268" started-at="2019-08-13T14:10:40Z" finished-at="2019-08-13T14:11:33Z">
          <reporter-output>
          </reporter-output>
        </test-method> <!-- SOS -->
        <test-method status="FAIL" signature="logOutApp()[pri:0, instance:com.appium.EmulatorScripts.SK_Emulator_SOS@4232c52b]" name="logOutApp" is-config="true" duration-ms="30701" started-at="2019-08-13T14:11:33Z" finished-at="2019-08-13T14:12:04Z">
          <exception class="org.openqa.selenium.NoSuchElementException">
            <message>
              <![CDATA[An element could not be located on the page using the given search parameters.
For documentation on this error, please visit: https://www.seleniumhq.org/exceptions/no_such_element.html
Build info: version: '3.141.59', revision: 'e82be7d358', time: '2018-11-14T08:17:03'
System info: host: 'CHANDAN', ip: '192.168.1.105', os.name: 'Windows 10', os.arch: 'amd64', os.version: '10.0', java.version: '1.8.0_161'
Driver info: io.appium.java_client.android.AndroidDriver
Capabilities {appActivity: com.safety.armourgrid.activ..., appPackage: com.safety.armourgrid, databaseEnabled: false, desired: {appActivity: com.safety.armourgrid.activ..., appPackage: com.safety.armourgrid, deviceName: Android Emulator, newCommandTimeout: 600, platformName: android, platformVersion: 7.0, udid: emulator-5554}, deviceManufacturer: Google, deviceModel: Android SDK built for x86, deviceName: emulator-5554, deviceScreenSize: 768x1280, deviceUDID: emulator-5554, javascriptEnabled: true, locationContextEnabled: false, networkConnectionEnabled: true, newCommandTimeout: 600, platform: LINUX, platformName: Android, platformVersion: 7.0, takesScreenshot: true, udid: emulator-5554, warnings: {}, webStorageEnabled: false}
Session ID: 3602d1da-ccf3-465e-b9aa-eb856c2b29b5
*** Element info: {Using=id, value=com.safety.armourgrid:id/menu_settings_button}]]>
            </message>
            <full-stacktrace>
              <![CDATA[org.openqa.selenium.NoSuchElementException: An element could not be located on the page using the given search parameters.
For documentation on this error, please visit: https://www.seleniumhq.org/exceptions/no_such_element.html
Build info: version: '3.141.59', revision: 'e82be7d358', time: '2018-11-14T08:17:03'
System info: host: 'CHANDAN', ip: '192.168.1.105', os.name: 'Windows 10', os.arch: 'amd64', os.version: '10.0', java.version: '1.8.0_161'
Driver info: io.appium.java_client.android.AndroidDriver
Capabilities {appActivity: com.safety.armourgrid.activ..., appPackage: com.safety.armourgrid, databaseEnabled: false, desired: {appActivity: com.safety.armourgrid.activ..., appPackage: com.safety.armourgrid, deviceName: Android Emulator, newCommandTimeout: 600, platformName: android, platformVersion: 7.0, udid: emulator-5554}, deviceManufacturer: Google, deviceModel: Android SDK built for x86, deviceName: emulator-5554, deviceScreenSize: 768x1280, deviceUDID: emulator-5554, javascriptEnabled: true, locationContextEnabled: false, networkConnectionEnabled: true, newCommandTimeout: 600, platform: LINUX, platformName: Android, platformVersion: 7.0, takesScreenshot: true, udid: emulator-5554, warnings: {}, webStorageEnabled: false}
Session ID: 3602d1da-ccf3-465e-b9aa-eb856c2b29b5
*** Element info: {Using=id, value=com.safety.armourgrid:id/menu_settings_button}
at sun.reflect.NativeConstructorAccessorImpl.newInstance0(Native Method)
at sun.reflect.NativeConstructorAccessorImpl.newInstance(NativeConstructorAccessorImpl.java:62)
at sun.reflect.DelegatingConstructorAccessorImpl.newInstance(DelegatingConstructorAccessorImpl.java:45)
at java.lang.reflect.Constructor.newInstance(Constructor.java:423)
at org.openqa.selenium.remote.http.W3CHttpResponseCodec.createException(W3CHttpResponseCodec.java:187)
at org.openqa.selenium.remote.http.W3CHttpResponseCodec.decode(W3CHttpResponseCodec.java:122)
at org.openqa.selenium.remote.http.W3CHttpResponseCodec.decode(W3CHttpResponseCodec.java:49)
at org.openqa.selenium.remote.HttpCommandExecutor.execute(HttpCommandExecutor.java:158)
at io.appium.java_client.remote.AppiumCommandExecutor.execute(AppiumCommandExecutor.java:231)
at org.openqa.selenium.remote.RemoteWebDriver.execute(RemoteWebDriver.java:552)
at io.appium.java_client.DefaultGenericMobileDriver.execute(DefaultGenericMobileDriver.java:42)
at io.appium.java_client.AppiumDriver.execute(AppiumDriver.java:1)
at io.appium.java_client.android.AndroidDriver.execute(AndroidDriver.java:1)
at org.openqa.selenium.remote.RemoteWebDriver.findElement(RemoteWebDriver.java:323)
at io.appium.java_client.DefaultGenericMobileDriver.findElement(DefaultGenericMobileDriver.java:62)
at io.appium.java_client.AppiumDriver.findElement(AppiumDriver.java:1)
at io.appium.java_client.android.AndroidDriver.findElement(AndroidDriver.java:1)
at org.openqa.selenium.remote.RemoteWebDriver.findElementById(RemoteWebDriver.java:372)
at io.appium.java_client.DefaultGenericMobileDriver.findElementById(DefaultGenericMobileDriver.java:70)
at io.appium.java_client.AppiumDriver.findElementById(AppiumDriver.java:1)
at io.appium.java_client.android.AndroidDriver.findElementById(AndroidDriver.java:1)
at org.openqa.selenium.By$ById.findElement(By.java:188)
at org.openqa.selenium.remote.RemoteWebDriver.findElement(RemoteWebDriver.java:315)
at io.appium.java_client.DefaultGenericMobileDriver.findElement(DefaultGenericMobileDriver.java:58)
at io.appium.java_client.AppiumDriver.findElement(AppiumDriver.java:1)
at io.appium.java_client.android.AndroidDriver.findElement(AndroidDriver.java:1)
at com.appium.pageobject.SK_HomePagePO.btnSettings(SK_HomePagePO.java:39)
at com.appium.bussinessLogic.SK_HomePageBL.clickSetting(SK_HomePageBL.java:101)
at com.appium.EmulatorScripts.SK_Emulator_SOS.logOutApp(SK_Emulator_SOS.java:77)
at sun.reflect.NativeMethodAccessorImpl.invoke0(Native Method)
at sun.reflect.NativeMethodAccessorImpl.invoke(NativeMethodAccessorImpl.java:62)
at sun.reflect.DelegatingMethodAccessorImpl.invoke(DelegatingMethodAccessorImpl.java:43)
at java.lang.reflect.Method.invoke(Method.java:498)
at org.testng.internal.MethodInvocationHelper.invokeMethod(MethodInvocationHelper.java:124)
at org.testng.internal.MethodInvocationHelper.invokeMethodConsideringTimeout(MethodInvocationHelper.java:59)
at org.testng.internal.Invoker.invokeConfigurationMethod(Invoker.java:458)
at org.testng.internal.Invoker.invokeConfigurations(Invoker.java:222)
at org.testng.internal.Invoker.invokeMethod(Invoker.java:646)
at org.testng.internal.Invoker.invokeTestMethod(Invoker.java:719)
at org.testng.internal.Invoker.invokeTestMethods(Invoker.java:989)
at org.testng.internal.TestMethodWorker.invokeTestMethods(TestMethodWorker.java:125)
at org.testng.internal.TestMethodWorker.run(TestMethodWorker.java:109)
at org.testng.TestRunner.privateRun(TestRunner.java:648)
at org.testng.TestRunner.run(TestRunner.java:505)
at org.testng.SuiteRunner.runTest(SuiteRunner.java:455)
at org.testng.SuiteRunner.runSequentially(SuiteRunner.java:450)
at org.testng.SuiteRunner.privateRun(SuiteRunner.java:415)
at org.testng.SuiteRunner.run(SuiteRunner.java:364)
at org.testng.SuiteRunnerWorker.runSuite(SuiteRunnerWorker.java:52)
at org.testng.SuiteRunnerWorker.run(SuiteRunnerWorker.java:84)
at org.testng.TestNG.runSuitesSequentially(TestNG.java:1208)
at org.testng.TestNG.runSuitesLocally(TestNG.java:1137)
at org.testng.TestNG.runSuites(TestNG.java:1049)
at org.testng.TestNG.run(TestNG.java:1017)
at org.testng.remote.AbstractRemoteTestNG.run(AbstractRemoteTestNG.java:114)
at org.testng.remote.RemoteTestNG.initAndRun(RemoteTestNG.java:251)
at org.testng.remote.RemoteTestNG.main(RemoteTestNG.java:77)
]]>
            </full-stacktrace>
          </exception> <!-- org.openqa.selenium.NoSuchElementException -->
          <reporter-output>
          </reporter-output>
        </test-method> <!-- logOutApp -->
      </class> <!-- com.appium.EmulatorScripts.SK_Emulator_SOS -->
    </test> <!-- SK_Emulator_SOS -->
    <test name="SK_Emulator_SafeWalk" duration-ms="321528" started-at="2019-08-13T14:12:04Z" finished-at="2019-08-13T14:17:25Z">
      <class name="com.appium.EmulatorScripts.SK_Emulator_SafeWalk">
        <test-method status="PASS" signature="launchApp()[pri:0, instance:com.appium.EmulatorScripts.SK_Emulator_SafeWalk@631330c]" name="launchApp" is-config="true" duration-ms="36952" started-at="2019-08-13T14:12:04Z" finished-at="2019-08-13T14:12:41Z">
          <reporter-output>
          </reporter-output>
        </test-method> <!-- launchApp -->
        <test-method status="PASS" signature="signInApp()[pri:0, instance:com.appium.EmulatorScripts.SK_Emulator_SafeWalk@631330c]" name="signInApp" is-config="true" duration-ms="83498" started-at="2019-08-13T14:12:41Z" finished-at="2019-08-13T14:14:04Z">
          <reporter-output>
          </reporter-output>
        </test-method> <!-- signInApp -->
        <test-method status="PASS" signature="safeWalk()[pri:0, instance:com.appium.EmulatorScripts.SK_Emulator_SafeWalk@631330c]" name="safeWalk" duration-ms="170926" started-at="2019-08-13T14:14:04Z" finished-at="2019-08-13T14:16:55Z">
          <reporter-output>
          </reporter-output>
        </test-method> <!-- safeWalk -->
        <test-method status="FAIL" signature="logOutApp()[pri:0, instance:com.appium.EmulatorScripts.SK_Emulator_SafeWalk@631330c]" name="logOutApp" is-config="true" duration-ms="30136" started-at="2019-08-13T14:16:55Z" finished-at="2019-08-13T14:17:25Z">
          <exception class="org.openqa.selenium.NoSuchElementException">
            <message>
              <![CDATA[An element could not be located on the page using the given search parameters.
For documentation on this error, please visit: https://www.seleniumhq.org/exceptions/no_such_element.html
Build info: version: '3.141.59', revision: 'e82be7d358', time: '2018-11-14T08:17:03'
System info: host: 'CHANDAN', ip: '192.168.1.105', os.name: 'Windows 10', os.arch: 'amd64', os.version: '10.0', java.version: '1.8.0_161'
Driver info: io.appium.java_client.android.AndroidDriver
Capabilities {appActivity: com.safety.armourgrid.activ..., appPackage: com.safety.armourgrid, databaseEnabled: false, desired: {appActivity: com.safety.armourgrid.activ..., appPackage: com.safety.armourgrid, deviceName: Android Emulator, newCommandTimeout: 600, platformName: android, platformVersion: 7.0, udid: emulator-5554}, deviceManufacturer: Google, deviceModel: Android SDK built for x86, deviceName: emulator-5554, deviceScreenSize: 768x1280, deviceUDID: emulator-5554, javascriptEnabled: true, locationContextEnabled: false, networkConnectionEnabled: true, newCommandTimeout: 600, platform: LINUX, platformName: Android, platformVersion: 7.0, takesScreenshot: true, udid: emulator-5554, warnings: {}, webStorageEnabled: false}
Session ID: 0818b98c-4c39-4f23-83ab-d9c57bbf30a9
*** Element info: {Using=id, value=com.safety.armourgrid:id/menu_settings_button}]]>
            </message>
            <full-stacktrace>
              <![CDATA[org.openqa.selenium.NoSuchElementException: An element could not be located on the page using the given search parameters.
For documentation on this error, please visit: https://www.seleniumhq.org/exceptions/no_such_element.html
Build info: version: '3.141.59', revision: 'e82be7d358', time: '2018-11-14T08:17:03'
System info: host: 'CHANDAN', ip: '192.168.1.105', os.name: 'Windows 10', os.arch: 'amd64', os.version: '10.0', java.version: '1.8.0_161'
Driver info: io.appium.java_client.android.AndroidDriver
Capabilities {appActivity: com.safety.armourgrid.activ..., appPackage: com.safety.armourgrid, databaseEnabled: false, desired: {appActivity: com.safety.armourgrid.activ..., appPackage: com.safety.armourgrid, deviceName: Android Emulator, newCommandTimeout: 600, platformName: android, platformVersion: 7.0, udid: emulator-5554}, deviceManufacturer: Google, deviceModel: Android SDK built for x86, deviceName: emulator-5554, deviceScreenSize: 768x1280, deviceUDID: emulator-5554, javascriptEnabled: true, locationContextEnabled: false, networkConnectionEnabled: true, newCommandTimeout: 600, platform: LINUX, platformName: Android, platformVersion: 7.0, takesScreenshot: true, udid: emulator-5554, warnings: {}, webStorageEnabled: false}
Session ID: 0818b98c-4c39-4f23-83ab-d9c57bbf30a9
*** Element info: {Using=id, value=com.safety.armourgrid:id/menu_settings_button}
at sun.reflect.NativeConstructorAccessorImpl.newInstance0(Native Method)
at sun.reflect.NativeConstructorAccessorImpl.newInstance(NativeConstructorAccessorImpl.java:62)
at sun.reflect.DelegatingConstructorAccessorImpl.newInstance(DelegatingConstructorAccessorImpl.java:45)
at java.lang.reflect.Constructor.newInstance(Constructor.java:423)
at org.openqa.selenium.remote.http.W3CHttpResponseCodec.createException(W3CHttpResponseCodec.java:187)
at org.openqa.selenium.remote.http.W3CHttpResponseCodec.decode(W3CHttpResponseCodec.java:122)
at org.openqa.selenium.remote.http.W3CHttpResponseCodec.decode(W3CHttpResponseCodec.java:49)
at org.openqa.selenium.remote.HttpCommandExecutor.execute(HttpCommandExecutor.java:158)
at io.appium.java_client.remote.AppiumCommandExecutor.execute(AppiumCommandExecutor.java:231)
at org.openqa.selenium.remote.RemoteWebDriver.execute(RemoteWebDriver.java:552)
at io.appium.java_client.DefaultGenericMobileDriver.execute(DefaultGenericMobileDriver.java:42)
at io.appium.java_client.AppiumDriver.execute(AppiumDriver.java:1)
at io.appium.java_client.android.AndroidDriver.execute(AndroidDriver.java:1)
at org.openqa.selenium.remote.RemoteWebDriver.findElement(RemoteWebDriver.java:323)
at io.appium.java_client.DefaultGenericMobileDriver.findElement(DefaultGenericMobileDriver.java:62)
at io.appium.java_client.AppiumDriver.findElement(AppiumDriver.java:1)
at io.appium.java_client.android.AndroidDriver.findElement(AndroidDriver.java:1)
at org.openqa.selenium.remote.RemoteWebDriver.findElementById(RemoteWebDriver.java:372)
at io.appium.java_client.DefaultGenericMobileDriver.findElementById(DefaultGenericMobileDriver.java:70)
at io.appium.java_client.AppiumDriver.findElementById(AppiumDriver.java:1)
at io.appium.java_client.android.AndroidDriver.findElementById(AndroidDriver.java:1)
at org.openqa.selenium.By$ById.findElement(By.java:188)
at org.openqa.selenium.remote.RemoteWebDriver.findElement(RemoteWebDriver.java:315)
at io.appium.java_client.DefaultGenericMobileDriver.findElement(DefaultGenericMobileDriver.java:58)
at io.appium.java_client.AppiumDriver.findElement(AppiumDriver.java:1)
at io.appium.java_client.android.AndroidDriver.findElement(AndroidDriver.java:1)
at com.appium.pageobject.SK_HomePagePO.btnSettings(SK_HomePagePO.java:39)
at com.appium.bussinessLogic.SK_HomePageBL.clickSetting(SK_HomePageBL.java:101)
at com.appium.EmulatorScripts.SK_Emulator_SafeWalk.logOutApp(SK_Emulator_SafeWalk.java:71)
at sun.reflect.NativeMethodAccessorImpl.invoke0(Native Method)
at sun.reflect.NativeMethodAccessorImpl.invoke(NativeMethodAccessorImpl.java:62)
at sun.reflect.DelegatingMethodAccessorImpl.invoke(DelegatingMethodAccessorImpl.java:43)
at java.lang.reflect.Method.invoke(Method.java:498)
at org.testng.internal.MethodInvocationHelper.invokeMethod(MethodInvocationHelper.java:124)
at org.testng.internal.MethodInvocationHelper.invokeMethodConsideringTimeout(MethodInvocationHelper.java:59)
at org.testng.internal.Invoker.invokeConfigurationMethod(Invoker.java:458)
at org.testng.internal.Invoker.invokeConfigurations(Invoker.java:222)
at org.testng.internal.Invoker.invokeMethod(Invoker.java:646)
at org.testng.internal.Invoker.invokeTestMethod(Invoker.java:719)
at org.testng.internal.Invoker.invokeTestMethods(Invoker.java:989)
at org.testng.internal.TestMethodWorker.invokeTestMethods(TestMethodWorker.java:125)
at org.testng.internal.TestMethodWorker.run(TestMethodWorker.java:109)
at org.testng.TestRunner.privateRun(TestRunner.java:648)
at org.testng.TestRunner.run(TestRunner.java:505)
at org.testng.SuiteRunner.runTest(SuiteRunner.java:455)
at org.testng.SuiteRunner.runSequentially(SuiteRunner.java:450)
at org.testng.SuiteRunner.privateRun(SuiteRunner.java:415)
at org.testng.SuiteRunner.run(SuiteRunner.java:364)
at org.testng.SuiteRunnerWorker.runSuite(SuiteRunnerWorker.java:52)
at org.testng.SuiteRunnerWorker.run(SuiteRunnerWorker.java:84)
at org.testng.TestNG.runSuitesSequentially(TestNG.java:1208)
at org.testng.TestNG.runSuitesLocally(TestNG.java:1137)
at org.testng.TestNG.runSuites(TestNG.java:1049)
at org.testng.TestNG.run(TestNG.java:1017)
at org.testng.remote.AbstractRemoteTestNG.run(AbstractRemoteTestNG.java:114)
at org.testng.remote.RemoteTestNG.initAndRun(RemoteTestNG.java:251)
at org.testng.remote.RemoteTestNG.main(RemoteTestNG.java:77)
]]>
            </full-stacktrace>
          </exception> <!-- org.openqa.selenium.NoSuchElementException -->
          <reporter-output>
          </reporter-output>
        </test-method> <!-- logOutApp -->
      </class> <!-- com.appium.EmulatorScripts.SK_Emulator_SafeWalk -->
    </test> <!-- SK_Emulator_SafeWalk -->
    <test name="SK_Emulator_Timer" duration-ms="704523" started-at="2019-08-13T14:17:25Z" finished-at="2019-08-13T14:29:10Z">
      <class name="com.appium.EmulatorScripts.SK_Emulator_Timer">
        <test-method status="PASS" signature="launchApp()[pri:0, instance:com.appium.EmulatorScripts.SK_Emulator_Timer@436e852b]" name="launchApp" is-config="true" duration-ms="44381" started-at="2019-08-13T14:17:25Z" finished-at="2019-08-13T14:18:10Z">
          <reporter-output>
          </reporter-output>
        </test-method> <!-- launchApp -->
        <test-method status="PASS" signature="signInApp()[pri:0, instance:com.appium.EmulatorScripts.SK_Emulator_Timer@436e852b]" name="signInApp" is-config="true" duration-ms="107072" started-at="2019-08-13T14:18:10Z" finished-at="2019-08-13T14:19:57Z">
          <reporter-output>
          </reporter-output>
        </test-method> <!-- signInApp -->
        <test-method status="PASS" signature="TimerIncident()[pri:0, instance:com.appium.EmulatorScripts.SK_Emulator_Timer@436e852b]" name="TimerIncident" duration-ms="522600" started-at="2019-08-13T14:19:57Z" finished-at="2019-08-13T14:28:39Z">
          <reporter-output>
          </reporter-output>
        </test-method> <!-- TimerIncident -->
        <test-method status="FAIL" signature="logOutApp()[pri:0, instance:com.appium.EmulatorScripts.SK_Emulator_Timer@436e852b]" name="logOutApp" is-config="true" duration-ms="30464" started-at="2019-08-13T14:28:39Z" finished-at="2019-08-13T14:29:10Z">
          <exception class="org.openqa.selenium.NoSuchElementException">
            <message>
              <![CDATA[An element could not be located on the page using the given search parameters.
For documentation on this error, please visit: https://www.seleniumhq.org/exceptions/no_such_element.html
Build info: version: '3.141.59', revision: 'e82be7d358', time: '2018-11-14T08:17:03'
System info: host: 'CHANDAN', ip: '192.168.1.105', os.name: 'Windows 10', os.arch: 'amd64', os.version: '10.0', java.version: '1.8.0_161'
Driver info: io.appium.java_client.android.AndroidDriver
Capabilities {appActivity: com.safety.armourgrid.activ..., appPackage: com.safety.armourgrid, databaseEnabled: false, desired: {appActivity: com.safety.armourgrid.activ..., appPackage: com.safety.armourgrid, deviceName: Android Emulator, newCommandTimeout: 600, platformName: android, platformVersion: 7.0, udid: emulator-5554}, deviceManufacturer: Google, deviceModel: Android SDK built for x86, deviceName: emulator-5554, deviceScreenSize: 768x1280, deviceUDID: emulator-5554, javascriptEnabled: true, locationContextEnabled: false, networkConnectionEnabled: true, newCommandTimeout: 600, platform: LINUX, platformName: Android, platformVersion: 7.0, takesScreenshot: true, udid: emulator-5554, warnings: {}, webStorageEnabled: false}
Session ID: 4c70f14b-9388-469f-b37b-b7b9cd06f83b
*** Element info: {Using=id, value=com.safety.armourgrid:id/menu_settings_button}]]>
            </message>
            <full-stacktrace>
              <![CDATA[org.openqa.selenium.NoSuchElementException: An element could not be located on the page using the given search parameters.
For documentation on this error, please visit: https://www.seleniumhq.org/exceptions/no_such_element.html
Build info: version: '3.141.59', revision: 'e82be7d358', time: '2018-11-14T08:17:03'
System info: host: 'CHANDAN', ip: '192.168.1.105', os.name: 'Windows 10', os.arch: 'amd64', os.version: '10.0', java.version: '1.8.0_161'
Driver info: io.appium.java_client.android.AndroidDriver
Capabilities {appActivity: com.safety.armourgrid.activ..., appPackage: com.safety.armourgrid, databaseEnabled: false, desired: {appActivity: com.safety.armourgrid.activ..., appPackage: com.safety.armourgrid, deviceName: Android Emulator, newCommandTimeout: 600, platformName: android, platformVersion: 7.0, udid: emulator-5554}, deviceManufacturer: Google, deviceModel: Android SDK built for x86, deviceName: emulator-5554, deviceScreenSize: 768x1280, deviceUDID: emulator-5554, javascriptEnabled: true, locationContextEnabled: false, networkConnectionEnabled: true, newCommandTimeout: 600, platform: LINUX, platformName: Android, platformVersion: 7.0, takesScreenshot: true, udid: emulator-5554, warnings: {}, webStorageEnabled: false}
Session ID: 4c70f14b-9388-469f-b37b-b7b9cd06f83b
*** Element info: {Using=id, value=com.safety.armourgrid:id/menu_settings_button}
at sun.reflect.NativeConstructorAccessorImpl.newInstance0(Native Method)
at sun.reflect.NativeConstructorAccessorImpl.newInstance(NativeConstructorAccessorImpl.java:62)
at sun.reflect.DelegatingConstructorAccessorImpl.newInstance(DelegatingConstructorAccessorImpl.java:45)
at java.lang.reflect.Constructor.newInstance(Constructor.java:423)
at org.openqa.selenium.remote.http.W3CHttpResponseCodec.createException(W3CHttpResponseCodec.java:187)
at org.openqa.selenium.remote.http.W3CHttpResponseCodec.decode(W3CHttpResponseCodec.java:122)
at org.openqa.selenium.remote.http.W3CHttpResponseCodec.decode(W3CHttpResponseCodec.java:49)
at org.openqa.selenium.remote.HttpCommandExecutor.execute(HttpCommandExecutor.java:158)
at io.appium.java_client.remote.AppiumCommandExecutor.execute(AppiumCommandExecutor.java:231)
at org.openqa.selenium.remote.RemoteWebDriver.execute(RemoteWebDriver.java:552)
at io.appium.java_client.DefaultGenericMobileDriver.execute(DefaultGenericMobileDriver.java:42)
at io.appium.java_client.AppiumDriver.execute(AppiumDriver.java:1)
at io.appium.java_client.android.AndroidDriver.execute(AndroidDriver.java:1)
at org.openqa.selenium.remote.RemoteWebDriver.findElement(RemoteWebDriver.java:323)
at io.appium.java_client.DefaultGenericMobileDriver.findElement(DefaultGenericMobileDriver.java:62)
at io.appium.java_client.AppiumDriver.findElement(AppiumDriver.java:1)
at io.appium.java_client.android.AndroidDriver.findElement(AndroidDriver.java:1)
at org.openqa.selenium.remote.RemoteWebDriver.findElementById(RemoteWebDriver.java:372)
at io.appium.java_client.DefaultGenericMobileDriver.findElementById(DefaultGenericMobileDriver.java:70)
at io.appium.java_client.AppiumDriver.findElementById(AppiumDriver.java:1)
at io.appium.java_client.android.AndroidDriver.findElementById(AndroidDriver.java:1)
at org.openqa.selenium.By$ById.findElement(By.java:188)
at org.openqa.selenium.remote.RemoteWebDriver.findElement(RemoteWebDriver.java:315)
at io.appium.java_client.DefaultGenericMobileDriver.findElement(DefaultGenericMobileDriver.java:58)
at io.appium.java_client.AppiumDriver.findElement(AppiumDriver.java:1)
at io.appium.java_client.android.AndroidDriver.findElement(AndroidDriver.java:1)
at com.appium.pageobject.SK_HomePagePO.btnSettings(SK_HomePagePO.java:39)
at com.appium.bussinessLogic.SK_HomePageBL.clickSetting(SK_HomePageBL.java:101)
at com.appium.EmulatorScripts.SK_Emulator_Timer.logOutApp(SK_Emulator_Timer.java:74)
at sun.reflect.NativeMethodAccessorImpl.invoke0(Native Method)
at sun.reflect.NativeMethodAccessorImpl.invoke(NativeMethodAccessorImpl.java:62)
at sun.reflect.DelegatingMethodAccessorImpl.invoke(DelegatingMethodAccessorImpl.java:43)
at java.lang.reflect.Method.invoke(Method.java:498)
at org.testng.internal.MethodInvocationHelper.invokeMethod(MethodInvocationHelper.java:124)
at org.testng.internal.MethodInvocationHelper.invokeMethodConsideringTimeout(MethodInvocationHelper.java:59)
at org.testng.internal.Invoker.invokeConfigurationMethod(Invoker.java:458)
at org.testng.internal.Invoker.invokeConfigurations(Invoker.java:222)
at org.testng.internal.Invoker.invokeMethod(Invoker.java:646)
at org.testng.internal.Invoker.invokeTestMethod(Invoker.java:719)
at org.testng.internal.Invoker.invokeTestMethods(Invoker.java:989)
at org.testng.internal.TestMethodWorker.invokeTestMethods(TestMethodWorker.java:125)
at org.testng.internal.TestMethodWorker.run(TestMethodWorker.java:109)
at org.testng.TestRunner.privateRun(TestRunner.java:648)
at org.testng.TestRunner.run(TestRunner.java:505)
at org.testng.SuiteRunner.runTest(SuiteRunner.java:455)
at org.testng.SuiteRunner.runSequentially(SuiteRunner.java:450)
at org.testng.SuiteRunner.privateRun(SuiteRunner.java:415)
at org.testng.SuiteRunner.run(SuiteRunner.java:364)
at org.testng.SuiteRunnerWorker.runSuite(SuiteRunnerWorker.java:52)
at org.testng.SuiteRunnerWorker.run(SuiteRunnerWorker.java:84)
at org.testng.TestNG.runSuitesSequentially(TestNG.java:1208)
at org.testng.TestNG.runSuitesLocally(TestNG.java:1137)
at org.testng.TestNG.runSuites(TestNG.java:1049)
at org.testng.TestNG.run(TestNG.java:1017)
at org.testng.remote.AbstractRemoteTestNG.run(AbstractRemoteTestNG.java:114)
at org.testng.remote.RemoteTestNG.initAndRun(RemoteTestNG.java:251)
at org.testng.remote.RemoteTestNG.main(RemoteTestNG.java:77)
]]>
            </full-stacktrace>
          </exception> <!-- org.openqa.selenium.NoSuchElementException -->
          <reporter-output>
          </reporter-output>
        </test-method> <!-- logOutApp -->
      </class> <!-- com.appium.EmulatorScripts.SK_Emulator_Timer -->
    </test> <!-- SK_Emulator_Timer -->
  </suite> <!-- Suite -->
</testng-results>
