<?xml version="1.0" encoding="UTF-8"?>
<testng-results skipped="0" failed="0" ignored="0" total="1" passed="1">
  <reporter-output>
  </reporter-output>
  <suite name="Default suite" duration-ms="84686" started-at="2020-07-06T08:48:26Z" finished-at="2020-07-06T08:49:51Z">
    <groups>
    </groups>
    <test name="Default test" duration-ms="84686" started-at="2020-07-06T08:48:26Z" finished-at="2020-07-06T08:49:51Z">
      <class name="com.appium.DeviceScripts.SK_VisitorManagement">
        <test-method status="PASS" signature="launchSafetyKuvrr()[pri:0, instance:com.appium.DeviceScripts.SK_VisitorManagement@34cd072c]" name="launchSafetyKuvrr" is-config="true" duration-ms="15117" started-at="2020-07-06T08:48:26Z" finished-at="2020-07-06T08:48:41Z">
          <reporter-output>
          </reporter-output>
        </test-method> <!-- launchSafetyKuvrr -->
        <test-method status="PASS" signature="testERP()[pri:1, instance:com.appium.DeviceScripts.SK_VisitorManagement@34cd072c]" name="testERP" duration-ms="69237" started-at="2020-07-06T08:48:42Z" finished-at="2020-07-06T08:49:51Z">
          <reporter-output>
          </reporter-output>
        </test-method> <!-- testERP -->
        <test-method status="PASS" signature="CloseApp()[pri:0, instance:com.appium.DeviceScripts.SK_VisitorManagement@34cd072c]" name="CloseApp" is-config="true" duration-ms="285" started-at="2020-07-06T08:49:51Z" finished-at="2020-07-06T08:49:51Z">
          <reporter-output>
          </reporter-output>
        </test-method> <!-- CloseApp -->
      </class> <!-- com.appium.DeviceScripts.SK_VisitorManagement -->
    </test> <!-- Default test -->
  </suite> <!-- Default suite -->
</testng-results>
