<?xml version="1.0" encoding="UTF-8"?>
<testng-results skipped="0" failed="0" ignored="0" total="7" passed="7">
  <reporter-output>
  </reporter-output>
  <suite name="Suite" duration-ms="1716119" started-at="2019-08-30T05:04:47Z" finished-at="2019-08-30T05:33:23Z">
    <groups>
    </groups>
    <test name="SK_SOS_Incident" duration-ms="372178" started-at="2019-08-30T05:04:47Z" finished-at="2019-08-30T05:10:59Z">
      <class name="com.appium.DeviceScripts.SK_SOS_Incident">
        <test-method status="PASS" signature="launchSafetyKuvrr()[pri:0, instance:com.appium.DeviceScripts.SK_SOS_Incident@57e1b0c]" name="launchSafetyKuvrr" is-config="true" duration-ms="63440" started-at="2019-08-30T05:04:47Z" finished-at="2019-08-30T05:05:50Z">
          <reporter-output>
          </reporter-output>
        </test-method> <!-- launchSafetyKuvrr -->
        <test-method status="PASS" signature="testSOSIncident()[pri:1, instance:com.appium.DeviceScripts.SK_SOS_Incident@57e1b0c]" name="testSOSIncident" duration-ms="248203" started-at="2019-08-30T05:05:50Z" finished-at="2019-08-30T05:09:58Z">
          <reporter-output>
          </reporter-output>
        </test-method> <!-- testSOSIncident -->
        <test-method status="FAIL" signature="logOutApp()[pri:0, instance:com.appium.DeviceScripts.SK_SOS_Incident@57e1b0c]" name="logOutApp" is-config="true" duration-ms="60496" started-at="2019-08-30T05:09:58Z" finished-at="2019-08-30T05:10:59Z">
          <exception class="org.openqa.selenium.NoSuchElementException">
            <message>
              <![CDATA[An element could not be located on the page using the given search parameters.
For documentation on this error, please visit: https://www.seleniumhq.org/exceptions/no_such_element.html
Build info: version: '3.141.59', revision: 'e82be7d358', time: '2018-11-14T08:17:03'
System info: host: 'CHANDAN', ip: '192.168.0.30', os.name: 'Windows 10', os.arch: 'amd64', os.version: '10.0', java.version: '1.8.0_161'
Driver info: io.appium.java_client.android.AndroidDriver
Capabilities {app: C:\Users\Chandan\Git\Artifa..., appActivity: com.safety.armourgrid.activ..., appPackage: com.safety.armourgrid, databaseEnabled: false, desired: {app: C:\Users\Chandan\Git\Artifa..., appActivity: com.safety.armourgrid.activ..., appPackage: com.safety.armourgrid, deviceName: K9 VIRAAT_4G, newCommandTimeout: 600, platformName: android, platformVersion: 6.0, udid: DQTKDYTGKRWOONPR}, deviceManufacturer: Karbonn, deviceModel: K9 VIRAAT 4G, deviceName: DQTKDYTGKRWOONPR, deviceScreenSize: 720x1280, deviceUDID: DQTKDYTGKRWOONPR, javascriptEnabled: true, locationContextEnabled: false, networkConnectionEnabled: true, newCommandTimeout: 600, platform: LINUX, platformName: Android, platformVersion: 6.0, takesScreenshot: true, udid: DQTKDYTGKRWOONPR, warnings: {}, webStorageEnabled: false}
Session ID: f0c40530-bf60-466f-a48a-98bebb6b1608
*** Element info: {Using=-android uiautomator, value=new UiScrollable(new UiSelector().scrollable(true).instance(0)).scrollIntoView(new UiSelector().textContains("Logout").instance(0))}]]>
            </message>
            <full-stacktrace>
              <![CDATA[org.openqa.selenium.NoSuchElementException: An element could not be located on the page using the given search parameters.
For documentation on this error, please visit: https://www.seleniumhq.org/exceptions/no_such_element.html
Build info: version: '3.141.59', revision: 'e82be7d358', time: '2018-11-14T08:17:03'
System info: host: 'CHANDAN', ip: '192.168.0.30', os.name: 'Windows 10', os.arch: 'amd64', os.version: '10.0', java.version: '1.8.0_161'
Driver info: io.appium.java_client.android.AndroidDriver
Capabilities {app: C:\Users\Chandan\Git\Artifa..., appActivity: com.safety.armourgrid.activ..., appPackage: com.safety.armourgrid, databaseEnabled: false, desired: {app: C:\Users\Chandan\Git\Artifa..., appActivity: com.safety.armourgrid.activ..., appPackage: com.safety.armourgrid, deviceName: K9 VIRAAT_4G, newCommandTimeout: 600, platformName: android, platformVersion: 6.0, udid: DQTKDYTGKRWOONPR}, deviceManufacturer: Karbonn, deviceModel: K9 VIRAAT 4G, deviceName: DQTKDYTGKRWOONPR, deviceScreenSize: 720x1280, deviceUDID: DQTKDYTGKRWOONPR, javascriptEnabled: true, locationContextEnabled: false, networkConnectionEnabled: true, newCommandTimeout: 600, platform: LINUX, platformName: Android, platformVersion: 6.0, takesScreenshot: true, udid: DQTKDYTGKRWOONPR, warnings: {}, webStorageEnabled: false}
Session ID: f0c40530-bf60-466f-a48a-98bebb6b1608
*** Element info: {Using=-android uiautomator, value=new UiScrollable(new UiSelector().scrollable(true).instance(0)).scrollIntoView(new UiSelector().textContains("Logout").instance(0))}
at sun.reflect.NativeConstructorAccessorImpl.newInstance0(Native Method)
at sun.reflect.NativeConstructorAccessorImpl.newInstance(NativeConstructorAccessorImpl.java:62)
at sun.reflect.DelegatingConstructorAccessorImpl.newInstance(DelegatingConstructorAccessorImpl.java:45)
at java.lang.reflect.Constructor.newInstance(Constructor.java:423)
at org.openqa.selenium.remote.http.W3CHttpResponseCodec.createException(W3CHttpResponseCodec.java:187)
at org.openqa.selenium.remote.http.W3CHttpResponseCodec.decode(W3CHttpResponseCodec.java:122)
at org.openqa.selenium.remote.http.W3CHttpResponseCodec.decode(W3CHttpResponseCodec.java:49)
at org.openqa.selenium.remote.HttpCommandExecutor.execute(HttpCommandExecutor.java:158)
at io.appium.java_client.remote.AppiumCommandExecutor.execute(AppiumCommandExecutor.java:231)
at org.openqa.selenium.remote.RemoteWebDriver.execute(RemoteWebDriver.java:552)
at io.appium.java_client.DefaultGenericMobileDriver.execute(DefaultGenericMobileDriver.java:42)
at io.appium.java_client.AppiumDriver.execute(AppiumDriver.java:1)
at io.appium.java_client.android.AndroidDriver.execute(AndroidDriver.java:1)
at org.openqa.selenium.remote.RemoteWebDriver.findElement(RemoteWebDriver.java:323)
at io.appium.java_client.DefaultGenericMobileDriver.findElement(DefaultGenericMobileDriver.java:62)
at io.appium.java_client.AppiumDriver.findElement(AppiumDriver.java:1)
at io.appium.java_client.android.AndroidDriver.findElement(AndroidDriver.java:1)
at io.appium.java_client.FindsByAndroidUIAutomator.findElementByAndroidUIAutomator(FindsByAndroidUIAutomator.java:38)
at com.appium.commonutils.Base.scrolltoElement(Base.java:199)
at com.appium.bussinessLogic.SK_SettingsBL.logOutSK(SK_SettingsBL.java:13)
at com.appium.DeviceScripts.SK_SOS_Incident.logOutApp(SK_SOS_Incident.java:67)
at sun.reflect.NativeMethodAccessorImpl.invoke0(Native Method)
at sun.reflect.NativeMethodAccessorImpl.invoke(NativeMethodAccessorImpl.java:62)
at sun.reflect.DelegatingMethodAccessorImpl.invoke(DelegatingMethodAccessorImpl.java:43)
at java.lang.reflect.Method.invoke(Method.java:498)
at org.testng.internal.MethodInvocationHelper.invokeMethod(MethodInvocationHelper.java:124)
at org.testng.internal.MethodInvocationHelper.invokeMethodConsideringTimeout(MethodInvocationHelper.java:59)
at org.testng.internal.Invoker.invokeConfigurationMethod(Invoker.java:458)
at org.testng.internal.Invoker.invokeConfigurations(Invoker.java:222)
at org.testng.internal.Invoker.invokeMethod(Invoker.java:646)
at org.testng.internal.Invoker.invokeTestMethod(Invoker.java:719)
at org.testng.internal.Invoker.invokeTestMethods(Invoker.java:989)
at org.testng.internal.TestMethodWorker.invokeTestMethods(TestMethodWorker.java:125)
at org.testng.internal.TestMethodWorker.run(TestMethodWorker.java:109)
at org.testng.TestRunner.privateRun(TestRunner.java:648)
at org.testng.TestRunner.run(TestRunner.java:505)
at org.testng.SuiteRunner.runTest(SuiteRunner.java:455)
at org.testng.SuiteRunner.runSequentially(SuiteRunner.java:450)
at org.testng.SuiteRunner.privateRun(SuiteRunner.java:415)
at org.testng.SuiteRunner.run(SuiteRunner.java:364)
at org.testng.SuiteRunnerWorker.runSuite(SuiteRunnerWorker.java:52)
at org.testng.SuiteRunnerWorker.run(SuiteRunnerWorker.java:84)
at org.testng.TestNG.runSuitesSequentially(TestNG.java:1208)
at org.testng.TestNG.runSuitesLocally(TestNG.java:1137)
at org.testng.TestNG.runSuites(TestNG.java:1049)
at org.testng.TestNG.run(TestNG.java:1017)
at org.testng.remote.AbstractRemoteTestNG.run(AbstractRemoteTestNG.java:114)
at org.testng.remote.RemoteTestNG.initAndRun(RemoteTestNG.java:251)
at org.testng.remote.RemoteTestNG.main(RemoteTestNG.java:77)
]]>
            </full-stacktrace>
          </exception> <!-- org.openqa.selenium.NoSuchElementException -->
          <reporter-output>
          </reporter-output>
        </test-method> <!-- logOutApp -->
      </class> <!-- com.appium.DeviceScripts.SK_SOS_Incident -->
    </test> <!-- SK_SOS_Incident -->
    <test name="SK_SafeWalk_Incident" duration-ms="157968" started-at="2019-08-30T05:10:59Z" finished-at="2019-08-30T05:13:37Z">
      <class name="com.appium.DeviceScripts.SK_SafeWalk_Incident">
        <test-method status="PASS" signature="launchSafetyKuvrr()[pri:0, instance:com.appium.DeviceScripts.SK_SafeWalk_Incident@631330c]" name="launchSafetyKuvrr" is-config="true" duration-ms="32495" started-at="2019-08-30T05:10:59Z" finished-at="2019-08-30T05:11:31Z">
          <reporter-output>
          </reporter-output>
        </test-method> <!-- launchSafetyKuvrr -->
        <test-method status="PASS" signature="loginApp()[pri:0, instance:com.appium.DeviceScripts.SK_SafeWalk_Incident@631330c]" name="loginApp" is-config="true" duration-ms="73129" started-at="2019-08-30T05:11:31Z" finished-at="2019-08-30T05:12:45Z">
          <reporter-output>
          </reporter-output>
        </test-method> <!-- loginApp -->
        <test-method status="PASS" signature="testSafewalkIncident()[pri:0, instance:com.appium.DeviceScripts.SK_SafeWalk_Incident@631330c]" name="testSafewalkIncident" duration-ms="45219" started-at="2019-08-30T05:12:45Z" finished-at="2019-08-30T05:13:30Z">
          <reporter-output>
          </reporter-output>
        </test-method> <!-- testSafewalkIncident -->
        <test-method status="PASS" signature="logOutApp()[pri:0, instance:com.appium.DeviceScripts.SK_SafeWalk_Incident@631330c]" name="logOutApp" is-config="true" duration-ms="7120" started-at="2019-08-30T05:13:30Z" finished-at="2019-08-30T05:13:37Z">
          <reporter-output>
          </reporter-output>
        </test-method> <!-- logOutApp -->
      </class> <!-- com.appium.DeviceScripts.SK_SafeWalk_Incident -->
    </test> <!-- SK_SafeWalk_Incident -->
    <test name="SK_GroupCall" duration-ms="246853" started-at="2019-08-30T05:13:37Z" finished-at="2019-08-30T05:17:44Z">
      <class name="com.appium.DeviceScripts.SK_GroupCall">
        <test-method status="PASS" signature="launchApp()[pri:0, instance:com.appium.DeviceScripts.SK_GroupCall@1d8d30f7]" name="launchApp" is-config="true" duration-ms="32444" started-at="2019-08-30T05:13:37Z" finished-at="2019-08-30T05:14:09Z">
          <reporter-output>
          </reporter-output>
        </test-method> <!-- launchApp -->
        <test-method status="PASS" signature="Login()[pri:0, instance:com.appium.DeviceScripts.SK_GroupCall@1d8d30f7]" name="Login" is-config="true" duration-ms="76500" started-at="2019-08-30T05:14:09Z" finished-at="2019-08-30T05:15:26Z">
          <reporter-output>
          </reporter-output>
        </test-method> <!-- Login -->
        <test-method status="PASS" signature="GroupCall()[pri:0, instance:com.appium.DeviceScripts.SK_GroupCall@1d8d30f7]" name="GroupCall" duration-ms="77162" started-at="2019-08-30T05:15:26Z" finished-at="2019-08-30T05:16:43Z">
          <reporter-output>
          </reporter-output>
        </test-method> <!-- GroupCall -->
        <test-method status="FAIL" signature="logOutApp()[pri:0, instance:com.appium.DeviceScripts.SK_GroupCall@1d8d30f7]" name="logOutApp" is-config="true" duration-ms="60735" started-at="2019-08-30T05:16:43Z" finished-at="2019-08-30T05:17:44Z">
          <exception class="org.openqa.selenium.NoSuchElementException">
            <message>
              <![CDATA[An element could not be located on the page using the given search parameters.
For documentation on this error, please visit: https://www.seleniumhq.org/exceptions/no_such_element.html
Build info: version: '3.141.59', revision: 'e82be7d358', time: '2018-11-14T08:17:03'
System info: host: 'CHANDAN', ip: '192.168.0.30', os.name: 'Windows 10', os.arch: 'amd64', os.version: '10.0', java.version: '1.8.0_161'
Driver info: io.appium.java_client.android.AndroidDriver
Capabilities {appActivity: com.safety.armourgrid.activ..., appPackage: com.safety.armourgrid, databaseEnabled: false, desired: {appActivity: com.safety.armourgrid.activ..., appPackage: com.safety.armourgrid, deviceName: K9 VIRAAT_4G, newCommandTimeout: 600, platformName: android, platformVersion: 6.0, udid: DQTKDYTGKRWOONPR}, deviceManufacturer: Karbonn, deviceModel: K9 VIRAAT 4G, deviceName: DQTKDYTGKRWOONPR, deviceScreenSize: 720x1280, deviceUDID: DQTKDYTGKRWOONPR, javascriptEnabled: true, locationContextEnabled: false, networkConnectionEnabled: true, newCommandTimeout: 600, platform: LINUX, platformName: Android, platformVersion: 6.0, takesScreenshot: true, udid: DQTKDYTGKRWOONPR, warnings: {}, webStorageEnabled: false}
Session ID: 80e7a00e-33d5-48ca-899e-437c81813c35
*** Element info: {Using=-android uiautomator, value=new UiScrollable(new UiSelector().scrollable(true).instance(0)).scrollIntoView(new UiSelector().textContains("Logout").instance(0))}]]>
            </message>
            <full-stacktrace>
              <![CDATA[org.openqa.selenium.NoSuchElementException: An element could not be located on the page using the given search parameters.
For documentation on this error, please visit: https://www.seleniumhq.org/exceptions/no_such_element.html
Build info: version: '3.141.59', revision: 'e82be7d358', time: '2018-11-14T08:17:03'
System info: host: 'CHANDAN', ip: '192.168.0.30', os.name: 'Windows 10', os.arch: 'amd64', os.version: '10.0', java.version: '1.8.0_161'
Driver info: io.appium.java_client.android.AndroidDriver
Capabilities {appActivity: com.safety.armourgrid.activ..., appPackage: com.safety.armourgrid, databaseEnabled: false, desired: {appActivity: com.safety.armourgrid.activ..., appPackage: com.safety.armourgrid, deviceName: K9 VIRAAT_4G, newCommandTimeout: 600, platformName: android, platformVersion: 6.0, udid: DQTKDYTGKRWOONPR}, deviceManufacturer: Karbonn, deviceModel: K9 VIRAAT 4G, deviceName: DQTKDYTGKRWOONPR, deviceScreenSize: 720x1280, deviceUDID: DQTKDYTGKRWOONPR, javascriptEnabled: true, locationContextEnabled: false, networkConnectionEnabled: true, newCommandTimeout: 600, platform: LINUX, platformName: Android, platformVersion: 6.0, takesScreenshot: true, udid: DQTKDYTGKRWOONPR, warnings: {}, webStorageEnabled: false}
Session ID: 80e7a00e-33d5-48ca-899e-437c81813c35
*** Element info: {Using=-android uiautomator, value=new UiScrollable(new UiSelector().scrollable(true).instance(0)).scrollIntoView(new UiSelector().textContains("Logout").instance(0))}
at sun.reflect.NativeConstructorAccessorImpl.newInstance0(Native Method)
at sun.reflect.NativeConstructorAccessorImpl.newInstance(NativeConstructorAccessorImpl.java:62)
at sun.reflect.DelegatingConstructorAccessorImpl.newInstance(DelegatingConstructorAccessorImpl.java:45)
at java.lang.reflect.Constructor.newInstance(Constructor.java:423)
at org.openqa.selenium.remote.http.W3CHttpResponseCodec.createException(W3CHttpResponseCodec.java:187)
at org.openqa.selenium.remote.http.W3CHttpResponseCodec.decode(W3CHttpResponseCodec.java:122)
at org.openqa.selenium.remote.http.W3CHttpResponseCodec.decode(W3CHttpResponseCodec.java:49)
at org.openqa.selenium.remote.HttpCommandExecutor.execute(HttpCommandExecutor.java:158)
at io.appium.java_client.remote.AppiumCommandExecutor.execute(AppiumCommandExecutor.java:231)
at org.openqa.selenium.remote.RemoteWebDriver.execute(RemoteWebDriver.java:552)
at io.appium.java_client.DefaultGenericMobileDriver.execute(DefaultGenericMobileDriver.java:42)
at io.appium.java_client.AppiumDriver.execute(AppiumDriver.java:1)
at io.appium.java_client.android.AndroidDriver.execute(AndroidDriver.java:1)
at org.openqa.selenium.remote.RemoteWebDriver.findElement(RemoteWebDriver.java:323)
at io.appium.java_client.DefaultGenericMobileDriver.findElement(DefaultGenericMobileDriver.java:62)
at io.appium.java_client.AppiumDriver.findElement(AppiumDriver.java:1)
at io.appium.java_client.android.AndroidDriver.findElement(AndroidDriver.java:1)
at io.appium.java_client.FindsByAndroidUIAutomator.findElementByAndroidUIAutomator(FindsByAndroidUIAutomator.java:38)
at com.appium.commonutils.Base.scrolltoElement(Base.java:199)
at com.appium.bussinessLogic.SK_SettingsBL.logOutSK(SK_SettingsBL.java:13)
at com.appium.DeviceScripts.SK_GroupCall.logOutApp(SK_GroupCall.java:84)
at sun.reflect.NativeMethodAccessorImpl.invoke0(Native Method)
at sun.reflect.NativeMethodAccessorImpl.invoke(NativeMethodAccessorImpl.java:62)
at sun.reflect.DelegatingMethodAccessorImpl.invoke(DelegatingMethodAccessorImpl.java:43)
at java.lang.reflect.Method.invoke(Method.java:498)
at org.testng.internal.MethodInvocationHelper.invokeMethod(MethodInvocationHelper.java:124)
at org.testng.internal.MethodInvocationHelper.invokeMethodConsideringTimeout(MethodInvocationHelper.java:59)
at org.testng.internal.Invoker.invokeConfigurationMethod(Invoker.java:458)
at org.testng.internal.Invoker.invokeConfigurations(Invoker.java:222)
at org.testng.internal.Invoker.invokeMethod(Invoker.java:646)
at org.testng.internal.Invoker.invokeTestMethod(Invoker.java:719)
at org.testng.internal.Invoker.invokeTestMethods(Invoker.java:989)
at org.testng.internal.TestMethodWorker.invokeTestMethods(TestMethodWorker.java:125)
at org.testng.internal.TestMethodWorker.run(TestMethodWorker.java:109)
at org.testng.TestRunner.privateRun(TestRunner.java:648)
at org.testng.TestRunner.run(TestRunner.java:505)
at org.testng.SuiteRunner.runTest(SuiteRunner.java:455)
at org.testng.SuiteRunner.runSequentially(SuiteRunner.java:450)
at org.testng.SuiteRunner.privateRun(SuiteRunner.java:415)
at org.testng.SuiteRunner.run(SuiteRunner.java:364)
at org.testng.SuiteRunnerWorker.runSuite(SuiteRunnerWorker.java:52)
at org.testng.SuiteRunnerWorker.run(SuiteRunnerWorker.java:84)
at org.testng.TestNG.runSuitesSequentially(TestNG.java:1208)
at org.testng.TestNG.runSuitesLocally(TestNG.java:1137)
at org.testng.TestNG.runSuites(TestNG.java:1049)
at org.testng.TestNG.run(TestNG.java:1017)
at org.testng.remote.AbstractRemoteTestNG.run(AbstractRemoteTestNG.java:114)
at org.testng.remote.RemoteTestNG.initAndRun(RemoteTestNG.java:251)
at org.testng.remote.RemoteTestNG.main(RemoteTestNG.java:77)
]]>
            </full-stacktrace>
          </exception> <!-- org.openqa.selenium.NoSuchElementException -->
          <reporter-output>
          </reporter-output>
        </test-method> <!-- logOutApp -->
      </class> <!-- com.appium.DeviceScripts.SK_GroupCall -->
    </test> <!-- SK_GroupCall -->
    <test name="SK_Tips_Anonymous" duration-ms="156553" started-at="2019-08-30T05:17:44Z" finished-at="2019-08-30T05:20:20Z">
      <class name="com.appium.DeviceScripts.SK_Tips_Anonymous">
        <test-method status="PASS" signature="launchSafetyKuvrr()[pri:0, instance:com.appium.DeviceScripts.SK_Tips_Anonymous@687080dc]" name="launchSafetyKuvrr" is-config="true" duration-ms="40897" started-at="2019-08-30T05:17:44Z" finished-at="2019-08-30T05:18:25Z">
          <reporter-output>
          </reporter-output>
        </test-method> <!-- launchSafetyKuvrr -->
        <test-method status="PASS" signature="testTimerIncident()[pri:0, instance:com.appium.DeviceScripts.SK_Tips_Anonymous@687080dc]" name="testTimerIncident" duration-ms="102329" started-at="2019-08-30T05:18:25Z" finished-at="2019-08-30T05:20:07Z">
          <reporter-output>
          </reporter-output>
        </test-method> <!-- testTimerIncident -->
        <test-method status="PASS" signature="logOutApp()[pri:0, instance:com.appium.DeviceScripts.SK_Tips_Anonymous@687080dc]" name="logOutApp" is-config="true" duration-ms="13311" started-at="2019-08-30T05:20:07Z" finished-at="2019-08-30T05:20:20Z">
          <reporter-output>
          </reporter-output>
        </test-method> <!-- logOutApp -->
      </class> <!-- com.appium.DeviceScripts.SK_Tips_Anonymous -->
    </test> <!-- SK_Tips_Anonymous -->
    <test name="SK_Tips_GeoLocation" duration-ms="146689" started-at="2019-08-30T05:20:20Z" finished-at="2019-08-30T05:22:47Z">
      <class name="com.appium.DeviceScripts.SK_Tips_GeoLocation">
        <test-method status="PASS" signature="launchSafetyKuvrr()[pri:0, instance:com.appium.DeviceScripts.SK_Tips_GeoLocation@29b5cd00]" name="launchSafetyKuvrr" is-config="true" duration-ms="34431" started-at="2019-08-30T05:20:20Z" finished-at="2019-08-30T05:20:55Z">
          <reporter-output>
          </reporter-output>
        </test-method> <!-- launchSafetyKuvrr -->
        <test-method status="PASS" signature="testTimerIncident()[pri:0, instance:com.appium.DeviceScripts.SK_Tips_GeoLocation@29b5cd00]" name="testTimerIncident" duration-ms="105905" started-at="2019-08-30T05:20:55Z" finished-at="2019-08-30T05:22:41Z">
          <reporter-output>
          </reporter-output>
        </test-method> <!-- testTimerIncident -->
        <test-method status="PASS" signature="logOutApp()[pri:0, instance:com.appium.DeviceScripts.SK_Tips_GeoLocation@29b5cd00]" name="logOutApp" is-config="true" duration-ms="6350" started-at="2019-08-30T05:22:41Z" finished-at="2019-08-30T05:22:47Z">
          <reporter-output>
          </reporter-output>
        </test-method> <!-- logOutApp -->
      </class> <!-- com.appium.DeviceScripts.SK_Tips_GeoLocation -->
    </test> <!-- SK_Tips_GeoLocation -->
    <test name="SK_Tips_Blank" duration-ms="146837" started-at="2019-08-30T05:22:47Z" finished-at="2019-08-30T05:25:14Z">
      <class name="com.appium.DeviceScripts.SK_Tips_Blank">
        <test-method status="PASS" signature="launchSafetyKuvrr()[pri:0, instance:com.appium.DeviceScripts.SK_Tips_Blank@5bfbf16f]" name="launchSafetyKuvrr" is-config="true" duration-ms="34552" started-at="2019-08-30T05:22:47Z" finished-at="2019-08-30T05:23:22Z">
          <reporter-output>
          </reporter-output>
        </test-method> <!-- launchSafetyKuvrr -->
        <test-method status="PASS" signature="testTimerIncident()[pri:0, instance:com.appium.DeviceScripts.SK_Tips_Blank@5bfbf16f]" name="testTimerIncident" duration-ms="105882" started-at="2019-08-30T05:23:22Z" finished-at="2019-08-30T05:25:07Z">
          <reporter-output>
          </reporter-output>
        </test-method> <!-- testTimerIncident -->
        <test-method status="PASS" signature="logOutApp()[pri:0, instance:com.appium.DeviceScripts.SK_Tips_Blank@5bfbf16f]" name="logOutApp" is-config="true" duration-ms="6399" started-at="2019-08-30T05:25:07Z" finished-at="2019-08-30T05:25:14Z">
          <reporter-output>
          </reporter-output>
        </test-method> <!-- logOutApp -->
      </class> <!-- com.appium.DeviceScripts.SK_Tips_Blank -->
    </test> <!-- SK_Tips_Blank -->
    <test name="SK_Timer_Incident" duration-ms="488973" started-at="2019-08-30T05:25:14Z" finished-at="2019-08-30T05:33:23Z">
      <class name="com.appium.DeviceScripts.SK_Timer_Incident">
        <test-method status="PASS" signature="launchSafetyKuvrr()[pri:0, instance:com.appium.DeviceScripts.SK_Timer_Incident@46daef40]" name="launchSafetyKuvrr" is-config="true" duration-ms="33022" started-at="2019-08-30T05:25:14Z" finished-at="2019-08-30T05:25:47Z">
          <reporter-output>
          </reporter-output>
        </test-method> <!-- launchSafetyKuvrr -->
        <test-method status="PASS" signature="loginApp()[pri:0, instance:com.appium.DeviceScripts.SK_Timer_Incident@46daef40]" name="loginApp" is-config="true" duration-ms="72777" started-at="2019-08-30T05:25:47Z" finished-at="2019-08-30T05:27:00Z">
          <reporter-output>
          </reporter-output>
        </test-method> <!-- loginApp -->
        <test-method status="PASS" signature="testTimerIncident()[pri:0, instance:com.appium.DeviceScripts.SK_Timer_Incident@46daef40]" name="testTimerIncident" duration-ms="375721" started-at="2019-08-30T05:27:00Z" finished-at="2019-08-30T05:33:15Z">
          <reporter-output>
          </reporter-output>
        </test-method> <!-- testTimerIncident -->
        <test-method status="PASS" signature="logOutApp()[pri:0, instance:com.appium.DeviceScripts.SK_Timer_Incident@46daef40]" name="logOutApp" is-config="true" duration-ms="7449" started-at="2019-08-30T05:33:15Z" finished-at="2019-08-30T05:33:23Z">
          <reporter-output>
          </reporter-output>
        </test-method> <!-- logOutApp -->
      </class> <!-- com.appium.DeviceScripts.SK_Timer_Incident -->
    </test> <!-- SK_Timer_Incident -->
  </suite> <!-- Suite -->
</testng-results>
