<?xml version="1.0" encoding="UTF-8"?>
<testng-results skipped="0" failed="0" ignored="0" total="1" passed="1">
  <reporter-output>
  </reporter-output>
  <suite name="Default suite" duration-ms="69926" started-at="2020-04-07T14:40:38Z" finished-at="2020-04-07T14:41:47Z">
    <groups>
    </groups>
    <test name="Default test" duration-ms="69926" started-at="2020-04-07T14:40:38Z" finished-at="2020-04-07T14:41:47Z">
      <class name="com.appium.DeviceScripts.SK_ERP">
        <test-method status="PASS" signature="launchSafetyKuvrr()[pri:0, instance:com.appium.DeviceScripts.SK_ERP@5faeada1]" name="launchSafetyKuvrr" is-config="true" duration-ms="16725" started-at="2020-04-07T14:40:38Z" finished-at="2020-04-07T14:40:54Z">
          <reporter-output>
          </reporter-output>
        </test-method> <!-- launchSafetyKuvrr -->
        <test-method status="PASS" signature="testERP()[pri:1, instance:com.appium.DeviceScripts.SK_ERP@5faeada1]" name="testERP" duration-ms="53180" started-at="2020-04-07T14:40:54Z" finished-at="2020-04-07T14:41:47Z">
          <reporter-output>
          </reporter-output>
        </test-method> <!-- testERP -->
        <test-method status="PASS" signature="logOutApp()[pri:0, instance:com.appium.DeviceScripts.SK_ERP@5faeada1]" name="logOutApp" is-config="true" duration-ms="0" started-at="2020-04-07T14:41:47Z" finished-at="2020-04-07T14:41:47Z">
          <reporter-output>
          </reporter-output>
        </test-method> <!-- logOutApp -->
      </class> <!-- com.appium.DeviceScripts.SK_ERP -->
    </test> <!-- Default test -->
  </suite> <!-- Default suite -->
</testng-results>
