<?xml version="1.0" encoding="UTF-8"?>
<testng-results skipped="0" failed="0" ignored="0" total="1" passed="1">
  <reporter-output>
  </reporter-output>
  <suite name="Default suite" duration-ms="1106" started-at="2019-10-15T05:54:09Z" finished-at="2019-10-15T05:54:10Z">
    <groups>
    </groups>
    <test name="Default test" duration-ms="1106" started-at="2019-10-15T05:54:09Z" finished-at="2019-10-15T05:54:10Z">
      <class name="com.appium.DeviceScripts.SK_DataBaseConnector">
        <test-method status="PASS" signature="testPostgresDB()[pri:0, instance:com.appium.DeviceScripts.SK_DataBaseConnector@7e0b0338]" name="testPostgresDB" duration-ms="1057" started-at="2019-10-15T05:54:09Z" finished-at="2019-10-15T05:54:10Z">
          <reporter-output>
          </reporter-output>
        </test-method> <!-- testPostgresDB -->
      </class> <!-- com.appium.DeviceScripts.SK_DataBaseConnector -->
    </test> <!-- Default test -->
  </suite> <!-- Default suite -->
</testng-results>
