<?xml version="1.0" encoding="UTF-8"?>
<testng-results skipped="0" failed="1" ignored="0" total="1" passed="0">
  <reporter-output>
  </reporter-output>
  <suite name="Default suite" duration-ms="259363" started-at="2019-08-29T10:11:46Z" finished-at="2019-08-29T10:16:06Z">
    <groups>
    </groups>
    <test name="Default test" duration-ms="259363" started-at="2019-08-29T10:11:46Z" finished-at="2019-08-29T10:16:06Z">
      <class name="com.appium.DeviceScripts.SK_GroupCall">
        <test-method status="PASS" signature="launchApp()[pri:0, instance:com.appium.DeviceScripts.SK_GroupCall@1877ab81]" name="launchApp" is-config="true" duration-ms="36495" started-at="2019-08-29T10:11:46Z" finished-at="2019-08-29T10:12:23Z">
          <reporter-output>
          </reporter-output>
        </test-method> <!-- launchApp -->
        <test-method status="PASS" signature="Login()[pri:0, instance:com.appium.DeviceScripts.SK_GroupCall@1877ab81]" name="Login" is-config="true" duration-ms="90226" started-at="2019-08-29T10:12:23Z" finished-at="2019-08-29T10:13:53Z">
          <reporter-output>
          </reporter-output>
        </test-method> <!-- Login -->
        <test-method status="FAIL" signature="GroupCall()[pri:0, instance:com.appium.DeviceScripts.SK_GroupCall@1877ab81]" name="GroupCall" duration-ms="72093" started-at="2019-08-29T10:13:53Z" finished-at="2019-08-29T10:15:05Z">
          <exception class="org.openqa.selenium.NoSuchElementException">
            <message>
              <![CDATA[An element could not be located on the page using the given search parameters.
For documentation on this error, please visit: https://www.seleniumhq.org/exceptions/no_such_element.html
Build info: version: '3.141.59', revision: 'e82be7d358', time: '2018-11-14T08:17:03'
System info: host: 'CHANDAN', ip: '192.168.0.30', os.name: 'Windows 10', os.arch: 'amd64', os.version: '10.0', java.version: '1.8.0_161'
Driver info: io.appium.java_client.android.AndroidDriver
Capabilities {appActivity: com.safety.armourgrid.activ..., appPackage: com.safety.armourgrid, databaseEnabled: false, desired: {appActivity: com.safety.armourgrid.activ..., appPackage: com.safety.armourgrid, deviceName: K9 VIRAAT_4G, newCommandTimeout: 600, platformName: android, platformVersion: 6.0, udid: DQTKDYTGKRWOONPR}, deviceManufacturer: Karbonn, deviceModel: K9 VIRAAT 4G, deviceName: DQTKDYTGKRWOONPR, deviceScreenSize: 720x1280, deviceUDID: DQTKDYTGKRWOONPR, javascriptEnabled: true, locationContextEnabled: false, networkConnectionEnabled: true, newCommandTimeout: 600, platform: LINUX, platformName: Android, platformVersion: 6.0, takesScreenshot: true, udid: DQTKDYTGKRWOONPR, warnings: {}, webStorageEnabled: false}
Session ID: 5451d58e-2c97-48bc-8f55-a95ca08cab33
*** Element info: {Using=id, value=com.safety.armourgrid:id/menu_call_video}]]>
            </message>
            <full-stacktrace>
              <![CDATA[org.openqa.selenium.NoSuchElementException: An element could not be located on the page using the given search parameters.
For documentation on this error, please visit: https://www.seleniumhq.org/exceptions/no_such_element.html
Build info: version: '3.141.59', revision: 'e82be7d358', time: '2018-11-14T08:17:03'
System info: host: 'CHANDAN', ip: '192.168.0.30', os.name: 'Windows 10', os.arch: 'amd64', os.version: '10.0', java.version: '1.8.0_161'
Driver info: io.appium.java_client.android.AndroidDriver
Capabilities {appActivity: com.safety.armourgrid.activ..., appPackage: com.safety.armourgrid, databaseEnabled: false, desired: {appActivity: com.safety.armourgrid.activ..., appPackage: com.safety.armourgrid, deviceName: K9 VIRAAT_4G, newCommandTimeout: 600, platformName: android, platformVersion: 6.0, udid: DQTKDYTGKRWOONPR}, deviceManufacturer: Karbonn, deviceModel: K9 VIRAAT 4G, deviceName: DQTKDYTGKRWOONPR, deviceScreenSize: 720x1280, deviceUDID: DQTKDYTGKRWOONPR, javascriptEnabled: true, locationContextEnabled: false, networkConnectionEnabled: true, newCommandTimeout: 600, platform: LINUX, platformName: Android, platformVersion: 6.0, takesScreenshot: true, udid: DQTKDYTGKRWOONPR, warnings: {}, webStorageEnabled: false}
Session ID: 5451d58e-2c97-48bc-8f55-a95ca08cab33
*** Element info: {Using=id, value=com.safety.armourgrid:id/menu_call_video}
at sun.reflect.NativeConstructorAccessorImpl.newInstance0(Native Method)
at sun.reflect.NativeConstructorAccessorImpl.newInstance(NativeConstructorAccessorImpl.java:62)
at sun.reflect.DelegatingConstructorAccessorImpl.newInstance(DelegatingConstructorAccessorImpl.java:45)
at java.lang.reflect.Constructor.newInstance(Constructor.java:423)
at org.openqa.selenium.remote.http.W3CHttpResponseCodec.createException(W3CHttpResponseCodec.java:187)
at org.openqa.selenium.remote.http.W3CHttpResponseCodec.decode(W3CHttpResponseCodec.java:122)
at org.openqa.selenium.remote.http.W3CHttpResponseCodec.decode(W3CHttpResponseCodec.java:49)
at org.openqa.selenium.remote.HttpCommandExecutor.execute(HttpCommandExecutor.java:158)
at io.appium.java_client.remote.AppiumCommandExecutor.execute(AppiumCommandExecutor.java:231)
at org.openqa.selenium.remote.RemoteWebDriver.execute(RemoteWebDriver.java:552)
at io.appium.java_client.DefaultGenericMobileDriver.execute(DefaultGenericMobileDriver.java:42)
at io.appium.java_client.AppiumDriver.execute(AppiumDriver.java:1)
at io.appium.java_client.android.AndroidDriver.execute(AndroidDriver.java:1)
at org.openqa.selenium.remote.RemoteWebDriver.findElement(RemoteWebDriver.java:323)
at io.appium.java_client.DefaultGenericMobileDriver.findElement(DefaultGenericMobileDriver.java:62)
at io.appium.java_client.AppiumDriver.findElement(AppiumDriver.java:1)
at io.appium.java_client.android.AndroidDriver.findElement(AndroidDriver.java:1)
at org.openqa.selenium.remote.RemoteWebDriver.findElementById(RemoteWebDriver.java:372)
at io.appium.java_client.DefaultGenericMobileDriver.findElementById(DefaultGenericMobileDriver.java:70)
at io.appium.java_client.AppiumDriver.findElementById(AppiumDriver.java:1)
at io.appium.java_client.android.AndroidDriver.findElementById(AndroidDriver.java:1)
at org.openqa.selenium.By$ById.findElement(By.java:188)
at org.openqa.selenium.remote.RemoteWebDriver.findElement(RemoteWebDriver.java:315)
at io.appium.java_client.DefaultGenericMobileDriver.findElement(DefaultGenericMobileDriver.java:58)
at io.appium.java_client.AppiumDriver.findElement(AppiumDriver.java:1)
at io.appium.java_client.android.AndroidDriver.findElement(AndroidDriver.java:1)
at com.appium.pageobject.SK_MembersGroupCallPO.btnVideoCall(SK_MembersGroupCallPO.java:14)
at com.appium.bussinessLogic.SK_MembersGroupCallBL.ClickBtnVideoCall(SK_MembersGroupCallBL.java:9)
at com.appium.DeviceScripts.SK_GroupCall.GroupCall(SK_GroupCall.java:73)
at sun.reflect.NativeMethodAccessorImpl.invoke0(Native Method)
at sun.reflect.NativeMethodAccessorImpl.invoke(NativeMethodAccessorImpl.java:62)
at sun.reflect.DelegatingMethodAccessorImpl.invoke(DelegatingMethodAccessorImpl.java:43)
at java.lang.reflect.Method.invoke(Method.java:498)
at org.testng.internal.MethodInvocationHelper.invokeMethod(MethodInvocationHelper.java:124)
at org.testng.internal.Invoker.invokeMethod(Invoker.java:583)
at org.testng.internal.Invoker.invokeTestMethod(Invoker.java:719)
at org.testng.internal.Invoker.invokeTestMethods(Invoker.java:989)
at org.testng.internal.TestMethodWorker.invokeTestMethods(TestMethodWorker.java:125)
at org.testng.internal.TestMethodWorker.run(TestMethodWorker.java:109)
at org.testng.TestRunner.privateRun(TestRunner.java:648)
at org.testng.TestRunner.run(TestRunner.java:505)
at org.testng.SuiteRunner.runTest(SuiteRunner.java:455)
at org.testng.SuiteRunner.runSequentially(SuiteRunner.java:450)
at org.testng.SuiteRunner.privateRun(SuiteRunner.java:415)
at org.testng.SuiteRunner.run(SuiteRunner.java:364)
at org.testng.SuiteRunnerWorker.runSuite(SuiteRunnerWorker.java:52)
at org.testng.SuiteRunnerWorker.run(SuiteRunnerWorker.java:84)
at org.testng.TestNG.runSuitesSequentially(TestNG.java:1208)
at org.testng.TestNG.runSuitesLocally(TestNG.java:1137)
at org.testng.TestNG.runSuites(TestNG.java:1049)
at org.testng.TestNG.run(TestNG.java:1017)
at org.testng.remote.AbstractRemoteTestNG.run(AbstractRemoteTestNG.java:114)
at org.testng.remote.RemoteTestNG.initAndRun(RemoteTestNG.java:251)
at org.testng.remote.RemoteTestNG.main(RemoteTestNG.java:77)
]]>
            </full-stacktrace>
          </exception> <!-- org.openqa.selenium.NoSuchElementException -->
          <reporter-output>
          </reporter-output>
        </test-method> <!-- GroupCall -->
        <test-method status="FAIL" signature="logOutApp()[pri:0, instance:com.appium.DeviceScripts.SK_GroupCall@1877ab81]" name="logOutApp" is-config="true" duration-ms="60513" started-at="2019-08-29T10:15:05Z" finished-at="2019-08-29T10:16:06Z">
          <exception class="org.openqa.selenium.NoSuchElementException">
            <message>
              <![CDATA[An element could not be located on the page using the given search parameters.
For documentation on this error, please visit: https://www.seleniumhq.org/exceptions/no_such_element.html
Build info: version: '3.141.59', revision: 'e82be7d358', time: '2018-11-14T08:17:03'
System info: host: 'CHANDAN', ip: '192.168.0.30', os.name: 'Windows 10', os.arch: 'amd64', os.version: '10.0', java.version: '1.8.0_161'
Driver info: io.appium.java_client.android.AndroidDriver
Capabilities {appActivity: com.safety.armourgrid.activ..., appPackage: com.safety.armourgrid, databaseEnabled: false, desired: {appActivity: com.safety.armourgrid.activ..., appPackage: com.safety.armourgrid, deviceName: K9 VIRAAT_4G, newCommandTimeout: 600, platformName: android, platformVersion: 6.0, udid: DQTKDYTGKRWOONPR}, deviceManufacturer: Karbonn, deviceModel: K9 VIRAAT 4G, deviceName: DQTKDYTGKRWOONPR, deviceScreenSize: 720x1280, deviceUDID: DQTKDYTGKRWOONPR, javascriptEnabled: true, locationContextEnabled: false, networkConnectionEnabled: true, newCommandTimeout: 600, platform: LINUX, platformName: Android, platformVersion: 6.0, takesScreenshot: true, udid: DQTKDYTGKRWOONPR, warnings: {}, webStorageEnabled: false}
Session ID: 5451d58e-2c97-48bc-8f55-a95ca08cab33
*** Element info: {Using=-android uiautomator, value=new UiScrollable(new UiSelector().scrollable(true).instance(0)).scrollIntoView(new UiSelector().textContains("Logout").instance(0))}]]>
            </message>
            <full-stacktrace>
              <![CDATA[org.openqa.selenium.NoSuchElementException: An element could not be located on the page using the given search parameters.
For documentation on this error, please visit: https://www.seleniumhq.org/exceptions/no_such_element.html
Build info: version: '3.141.59', revision: 'e82be7d358', time: '2018-11-14T08:17:03'
System info: host: 'CHANDAN', ip: '192.168.0.30', os.name: 'Windows 10', os.arch: 'amd64', os.version: '10.0', java.version: '1.8.0_161'
Driver info: io.appium.java_client.android.AndroidDriver
Capabilities {appActivity: com.safety.armourgrid.activ..., appPackage: com.safety.armourgrid, databaseEnabled: false, desired: {appActivity: com.safety.armourgrid.activ..., appPackage: com.safety.armourgrid, deviceName: K9 VIRAAT_4G, newCommandTimeout: 600, platformName: android, platformVersion: 6.0, udid: DQTKDYTGKRWOONPR}, deviceManufacturer: Karbonn, deviceModel: K9 VIRAAT 4G, deviceName: DQTKDYTGKRWOONPR, deviceScreenSize: 720x1280, deviceUDID: DQTKDYTGKRWOONPR, javascriptEnabled: true, locationContextEnabled: false, networkConnectionEnabled: true, newCommandTimeout: 600, platform: LINUX, platformName: Android, platformVersion: 6.0, takesScreenshot: true, udid: DQTKDYTGKRWOONPR, warnings: {}, webStorageEnabled: false}
Session ID: 5451d58e-2c97-48bc-8f55-a95ca08cab33
*** Element info: {Using=-android uiautomator, value=new UiScrollable(new UiSelector().scrollable(true).instance(0)).scrollIntoView(new UiSelector().textContains("Logout").instance(0))}
at sun.reflect.NativeConstructorAccessorImpl.newInstance0(Native Method)
at sun.reflect.NativeConstructorAccessorImpl.newInstance(NativeConstructorAccessorImpl.java:62)
at sun.reflect.DelegatingConstructorAccessorImpl.newInstance(DelegatingConstructorAccessorImpl.java:45)
at java.lang.reflect.Constructor.newInstance(Constructor.java:423)
at org.openqa.selenium.remote.http.W3CHttpResponseCodec.createException(W3CHttpResponseCodec.java:187)
at org.openqa.selenium.remote.http.W3CHttpResponseCodec.decode(W3CHttpResponseCodec.java:122)
at org.openqa.selenium.remote.http.W3CHttpResponseCodec.decode(W3CHttpResponseCodec.java:49)
at org.openqa.selenium.remote.HttpCommandExecutor.execute(HttpCommandExecutor.java:158)
at io.appium.java_client.remote.AppiumCommandExecutor.execute(AppiumCommandExecutor.java:231)
at org.openqa.selenium.remote.RemoteWebDriver.execute(RemoteWebDriver.java:552)
at io.appium.java_client.DefaultGenericMobileDriver.execute(DefaultGenericMobileDriver.java:42)
at io.appium.java_client.AppiumDriver.execute(AppiumDriver.java:1)
at io.appium.java_client.android.AndroidDriver.execute(AndroidDriver.java:1)
at org.openqa.selenium.remote.RemoteWebDriver.findElement(RemoteWebDriver.java:323)
at io.appium.java_client.DefaultGenericMobileDriver.findElement(DefaultGenericMobileDriver.java:62)
at io.appium.java_client.AppiumDriver.findElement(AppiumDriver.java:1)
at io.appium.java_client.android.AndroidDriver.findElement(AndroidDriver.java:1)
at io.appium.java_client.FindsByAndroidUIAutomator.findElementByAndroidUIAutomator(FindsByAndroidUIAutomator.java:38)
at com.appium.commonutils.Base.scrolltoElement(Base.java:199)
at com.appium.bussinessLogic.SK_SettingsBL.logOutSK(SK_SettingsBL.java:13)
at com.appium.DeviceScripts.SK_GroupCall.logOutApp(SK_GroupCall.java:84)
at sun.reflect.NativeMethodAccessorImpl.invoke0(Native Method)
at sun.reflect.NativeMethodAccessorImpl.invoke(NativeMethodAccessorImpl.java:62)
at sun.reflect.DelegatingMethodAccessorImpl.invoke(DelegatingMethodAccessorImpl.java:43)
at java.lang.reflect.Method.invoke(Method.java:498)
at org.testng.internal.MethodInvocationHelper.invokeMethod(MethodInvocationHelper.java:124)
at org.testng.internal.MethodInvocationHelper.invokeMethodConsideringTimeout(MethodInvocationHelper.java:59)
at org.testng.internal.Invoker.invokeConfigurationMethod(Invoker.java:458)
at org.testng.internal.Invoker.invokeConfigurations(Invoker.java:222)
at org.testng.internal.Invoker.invokeMethod(Invoker.java:646)
at org.testng.internal.Invoker.invokeTestMethod(Invoker.java:719)
at org.testng.internal.Invoker.invokeTestMethods(Invoker.java:989)
at org.testng.internal.TestMethodWorker.invokeTestMethods(TestMethodWorker.java:125)
at org.testng.internal.TestMethodWorker.run(TestMethodWorker.java:109)
at org.testng.TestRunner.privateRun(TestRunner.java:648)
at org.testng.TestRunner.run(TestRunner.java:505)
at org.testng.SuiteRunner.runTest(SuiteRunner.java:455)
at org.testng.SuiteRunner.runSequentially(SuiteRunner.java:450)
at org.testng.SuiteRunner.privateRun(SuiteRunner.java:415)
at org.testng.SuiteRunner.run(SuiteRunner.java:364)
at org.testng.SuiteRunnerWorker.runSuite(SuiteRunnerWorker.java:52)
at org.testng.SuiteRunnerWorker.run(SuiteRunnerWorker.java:84)
at org.testng.TestNG.runSuitesSequentially(TestNG.java:1208)
at org.testng.TestNG.runSuitesLocally(TestNG.java:1137)
at org.testng.TestNG.runSuites(TestNG.java:1049)
at org.testng.TestNG.run(TestNG.java:1017)
at org.testng.remote.AbstractRemoteTestNG.run(AbstractRemoteTestNG.java:114)
at org.testng.remote.RemoteTestNG.initAndRun(RemoteTestNG.java:251)
at org.testng.remote.RemoteTestNG.main(RemoteTestNG.java:77)
]]>
            </full-stacktrace>
          </exception> <!-- org.openqa.selenium.NoSuchElementException -->
          <reporter-output>
          </reporter-output>
        </test-method> <!-- logOutApp -->
      </class> <!-- com.appium.DeviceScripts.SK_GroupCall -->
    </test> <!-- Default test -->
  </suite> <!-- Default suite -->
</testng-results>
